2025-08-13 12:23:02,220 - INFO - Starting dashboard DB version...
2025-08-13 12:23:02,221 - WARNING - Port /dev/ttyUSB0 not found, will use default value -1 for all readings.
2025-08-13 12:23:02,222 - INFO - Location 'SP3 PH': 2 devices, CSV: /home/pi/Downloads/DB_update/simple-meter-dashboard/csv_data/SP3PH.csv
2025-08-13 12:23:02,326 - WARNING - Connection error posting to server (attempt 1/3)
2025-08-13 12:23:04,330 - WARNING - Connection error posting to server (attempt 2/3)
2025-08-13 12:23:06,337 - WARNING - Connection error posting to server (attempt 3/3)
2025-08-13 12:23:06,338 - ERROR - Failed to post data to server after 3 attempts
2025-08-13 12:23:06,546 - WARNING - Connection error posting to server (attempt 1/3)
2025-08-13 12:23:08,548 - INFO - Dashboard stopped by user.
2025-08-13 12:24:56,989 - INFO - Starting dashboard DB version...
2025-08-13 12:24:56,990 - WARNING - Port /dev/ttyUSB0 not found, will use default value -1 for all readings.
2025-08-13 12:24:56,990 - INFO - Location 'SP3 PH': 2 devices, CSV: /home/pi/Downloads/DB_update/simple-meter-dashboard/csv_data/SP3PH.csv
2025-08-13 12:24:57,063 - INFO - Successfully posted data to server for EB INCOMER
2025-08-13 12:24:57,149 - INFO - Successfully posted data to server for SP3
2025-08-13 12:25:27,280 - INFO - Successfully posted data to server for EB INCOMER
2025-08-13 12:25:27,339 - INFO - Successfully posted data to server for SP3
2025-08-13 12:25:57,639 - INFO - Successfully posted data to server for EB INCOMER
2025-08-13 12:25:57,710 - INFO - Successfully posted data to server for SP3
2025-08-13 12:26:27,900 - INFO - Successfully posted data to server for EB INCOMER
2025-08-13 12:26:27,961 - INFO - Successfully posted data to server for SP3
2025-08-13 12:26:58,225 - INFO - Successfully posted data to server for EB INCOMER
2025-08-13 12:26:58,287 - INFO - Successfully posted data to server for SP3
2025-08-13 12:27:28,414 - INFO - Successfully posted data to server for EB INCOMER
2025-08-13 12:27:28,469 - INFO - Successfully posted data to server for SP3
2025-08-13 12:27:58,533 - INFO - Successfully posted data to server for EB INCOMER
2025-08-13 12:27:58,575 - INFO - Successfully posted data to server for SP3
2025-08-13 12:28:28,722 - INFO - Successfully posted data to server for EB INCOMER
2025-08-13 12:28:28,776 - INFO - Successfully posted data to server for SP3
2025-08-13 12:28:58,980 - INFO - Successfully posted data to server for EB INCOMER
2025-08-13 12:28:59,071 - INFO - Successfully posted data to server for SP3
2025-08-13 12:29:29,353 - INFO - Successfully posted data to server for EB INCOMER
2025-08-13 12:29:29,436 - INFO - Successfully posted data to server for SP3
2025-08-13 12:29:59,645 - INFO - Successfully posted data to server for EB INCOMER
2025-08-13 12:29:59,705 - INFO - Successfully posted data to server for SP3
2025-08-13 12:30:29,849 - INFO - Successfully posted data to server for EB INCOMER
2025-08-13 12:30:29,894 - INFO - Successfully posted data to server for SP3
2025-08-13 12:30:59,976 - INFO - Successfully posted data to server for EB INCOMER
2025-08-13 12:31:00,081 - INFO - Successfully posted data to server for SP3
2025-08-13 12:31:32,035 - INFO - Successfully posted data to server for EB INCOMER
2025-08-13 12:31:32,096 - INFO - Successfully posted data to server for SP3
2025-08-13 12:32:02,361 - INFO - Successfully posted data to server for EB INCOMER
2025-08-13 12:32:02,408 - INFO - Successfully posted data to server for SP3
2025-08-13 12:32:32,486 - INFO - Successfully posted data to server for EB INCOMER
2025-08-13 12:32:32,541 - INFO - Successfully posted data to server for SP3
2025-08-13 12:33:02,752 - INFO - Successfully posted data to server for EB INCOMER
2025-08-13 12:33:02,794 - INFO - Successfully posted data to server for SP3
2025-08-13 12:33:32,938 - INFO - Successfully posted data to server for EB INCOMER
2025-08-13 12:33:32,997 - INFO - Successfully posted data to server for SP3
2025-08-13 12:34:03,164 - INFO - Successfully posted data to server for EB INCOMER
2025-08-13 12:34:03,244 - INFO - Successfully posted data to server for SP3
2025-08-13 12:34:33,365 - INFO - Successfully posted data to server for EB INCOMER
2025-08-13 12:34:33,413 - INFO - Successfully posted data to server for SP3
2025-08-13 12:35:03,486 - INFO - Successfully posted data to server for EB INCOMER
2025-08-13 12:35:03,529 - INFO - Successfully posted data to server for SP3
2025-08-13 12:35:33,676 - INFO - Successfully posted data to server for EB INCOMER
2025-08-13 12:35:33,735 - INFO - Successfully posted data to server for SP3
2025-08-13 12:36:03,878 - INFO - Successfully posted data to server for EB INCOMER
2025-08-13 12:36:03,956 - INFO - Successfully posted data to server for SP3
2025-08-13 12:36:34,101 - INFO - Successfully posted data to server for EB INCOMER
2025-08-13 12:36:34,177 - INFO - Successfully posted data to server for SP3
2025-08-13 12:37:04,256 - INFO - Successfully posted data to server for EB INCOMER
2025-08-13 12:37:04,324 - INFO - Successfully posted data to server for SP3
2025-08-13 12:37:35,027 - INFO - Successfully posted data to server for EB INCOMER
2025-08-13 12:37:35,143 - INFO - Successfully posted data to server for SP3
2025-08-13 12:38:05,202 - INFO - Successfully posted data to server for EB INCOMER
2025-08-13 12:38:05,261 - INFO - Successfully posted data to server for SP3
2025-08-13 12:38:35,321 - INFO - Successfully posted data to server for EB INCOMER
2025-08-13 12:38:35,385 - INFO - Successfully posted data to server for SP3
2025-08-13 12:39:05,692 - INFO - Successfully posted data to server for EB INCOMER
2025-08-13 12:39:05,795 - INFO - Successfully posted data to server for SP3
2025-08-13 12:39:36,852 - INFO - Successfully posted data to server for EB INCOMER
2025-08-13 12:39:36,927 - INFO - Successfully posted data to server for SP3
2025-08-13 12:40:07,087 - INFO - Successfully posted data to server for EB INCOMER
2025-08-13 12:40:07,140 - INFO - Successfully posted data to server for SP3
2025-08-13 12:40:11,543 - INFO - Dashboard stopped by user.
2025-08-13 13:30:11,553 - INFO - Starting dashboard DB version...
2025-08-13 13:30:11,553 - WARNING - Port /dev/ttyUSB0 not found, will use default value -1 for all readings.
2025-08-13 13:30:11,554 - INFO - Location 'SP3 PH': 2 devices, CSV: /home/pi/Downloads/DB_update/simple-meter-dashboard/csv_data/SP3PH.csv
2025-08-13 13:30:11,584 - WARNING - Connection error posting to server (attempt 1/3)
2025-08-13 13:30:12,176 - INFO - Dashboard stopped by user.
2025-08-13 13:30:17,963 - INFO - Starting dashboard DB version...
2025-08-13 13:30:17,964 - WARNING - Port /dev/ttyUSB0 not found, will use default value -1 for all readings.
2025-08-13 13:30:17,965 - INFO - Location 'SP3 PH': 2 devices, CSV: /home/pi/Downloads/DB_update/simple-meter-dashboard/csv_data/SP3PH.csv
2025-08-13 13:30:18,009 - WARNING - Connection error posting to server (attempt 1/3)
2025-08-13 13:30:19,680 - INFO - Dashboard stopped by user.
2025-08-13 13:30:55,333 - INFO - Starting dashboard DB version...
2025-08-13 13:30:55,334 - WARNING - Port /dev/ttyUSB0 not found, will use default value -1 for all readings.
2025-08-13 13:30:55,335 - INFO - Location 'SP3 PH': 2 devices, CSV: /home/pi/Downloads/DB_update/simple-meter-dashboard/csv_data/SP3PH.csv
2025-08-13 13:30:55,399 - WARNING - Connection error posting to server (attempt 1/3)
2025-08-13 13:30:56,657 - INFO - Dashboard stopped by user.
2025-08-13 13:32:39,050 - INFO - Starting dashboard DB version...
2025-08-13 13:32:39,051 - WARNING - Port /dev/ttyUSB0 not found, will use default value -1 for all readings.
2025-08-13 13:32:39,052 - INFO - Location 'SP3 PH': 2 devices, CSV: /home/pi/Downloads/DB_update/simple-meter-dashboard/csv_data/SP3PH.csv
2025-08-13 13:32:39,106 - WARNING - Connection error posting to server (attempt 1/3)
2025-08-13 13:32:41,057 - INFO - Dashboard stopped by user.
