2025-08-30 16:33:10,230 - INFO - 🔗 Connecting to PostgreSQL: mfmuser@172.20.10.3:5432/mfmdb
2025-08-30 16:33:10,243 - INFO - ✅ dcms_pi_setup table ready
2025-08-30 16:33:10,245 - INFO - ✅ Pi registered: Test pi 11
2025-08-30 16:33:10,245 - INFO - ✅ PostgreSQL connection established and table ready
2025-08-30 16:33:10,245 - INFO - 🏷️  Pi registered: Test pi 11 (172.20.10.2) in KONDRAI
2025-08-30 16:33:10,245 - INFO - Starting dashboard DB version...
2025-08-30 16:33:10,245 - INFO - Location 'KONDRAI': 1 devices, CSV: /home/isha/deepak/MFM_offline_setup/csv_data/KONDRAI.csv
2025-08-30 16:33:10,246 - INFO - 💾 Inserting data into PostgreSQL for TEST 17.08 (Pi: Test pi 11)
2025-08-30 16:33:10,271 - INFO - 💤 Waiting 60 seconds for next reading cycle...
2025-08-30 16:34:10,332 - INFO - 💾 Inserting data into PostgreSQL for TEST 17.08 (Pi: Test pi 11)
2025-08-30 16:34:10,352 - INFO - 💤 Waiting 60 seconds for next reading cycle...
2025-08-30 16:35:10,414 - INFO - 💾 Inserting data into PostgreSQL for TEST 17.08 (Pi: Test pi 11)
2025-08-30 16:35:10,452 - INFO - 💤 Waiting 60 seconds for next reading cycle...
2025-08-30 16:36:10,472 - INFO - 💾 Inserting data into PostgreSQL for TEST 17.08 (Pi: Test pi 11)
2025-08-30 16:36:10,496 - INFO - 💤 Waiting 60 seconds for next reading cycle...
2025-08-30 16:37:10,557 - INFO - 💾 Inserting data into PostgreSQL for TEST 17.08 (Pi: Test pi 11)
2025-08-30 16:37:10,579 - INFO - 💤 Waiting 60 seconds for next reading cycle...
2025-08-30 16:38:10,585 - INFO - 💾 Inserting data into PostgreSQL for TEST 17.08 (Pi: Test pi 11)
2025-08-30 16:38:10,620 - INFO - 💤 Waiting 60 seconds for next reading cycle...
2025-08-30 16:39:10,625 - INFO - 💾 Inserting data into PostgreSQL for TEST 17.08 (Pi: Test pi 11)
2025-08-30 16:39:10,645 - INFO - 💤 Waiting 60 seconds for next reading cycle...
2025-08-30 16:40:10,707 - INFO - 💾 Inserting data into PostgreSQL for TEST 17.08 (Pi: Test pi 11)
2025-08-30 16:40:10,740 - INFO - 💤 Waiting 60 seconds for next reading cycle...
2025-08-30 16:41:10,753 - INFO - 💾 Inserting data into PostgreSQL for TEST 17.08 (Pi: Test pi 11)
2025-08-30 16:41:10,775 - INFO - 💤 Waiting 60 seconds for next reading cycle...
2025-08-30 16:42:10,834 - INFO - 💾 Inserting data into PostgreSQL for TEST 17.08 (Pi: Test pi 11)
2025-08-30 16:42:10,859 - INFO - 💤 Waiting 60 seconds for next reading cycle...
2025-08-30 16:43:10,906 - INFO - 💾 Inserting data into PostgreSQL for TEST 17.08 (Pi: Test pi 11)
2025-08-30 16:43:10,946 - INFO - 💤 Waiting 60 seconds for next reading cycle...
2025-08-30 16:44:11,008 - INFO - 💾 Inserting data into PostgreSQL for TEST 17.08 (Pi: Test pi 11)
2025-08-30 16:44:11,031 - INFO - 💤 Waiting 60 seconds for next reading cycle...
2025-08-30 16:45:11,060 - INFO - 💾 Inserting data into PostgreSQL for TEST 17.08 (Pi: Test pi 11)
2025-08-30 16:45:11,084 - INFO - 💤 Waiting 60 seconds for next reading cycle...
2025-08-30 16:46:11,108 - INFO - 💾 Inserting data into PostgreSQL for TEST 17.08 (Pi: Test pi 11)
2025-08-30 16:46:11,130 - INFO - 💤 Waiting 60 seconds for next reading cycle...
2025-08-30 16:47:11,136 - INFO - 💾 Inserting data into PostgreSQL for TEST 17.08 (Pi: Test pi 11)
2025-08-30 16:47:11,172 - INFO - 💤 Waiting 60 seconds for next reading cycle...
2025-08-30 16:48:11,187 - INFO - 💾 Inserting data into PostgreSQL for TEST 17.08 (Pi: Test pi 11)
2025-08-30 16:48:11,220 - INFO - 💤 Waiting 60 seconds for next reading cycle...
2025-08-30 16:49:11,281 - INFO - 💾 Inserting data into PostgreSQL for TEST 17.08 (Pi: Test pi 11)
2025-08-30 16:49:11,303 - INFO - 💤 Waiting 60 seconds for next reading cycle...
2025-08-30 16:50:11,364 - INFO - 💾 Inserting data into PostgreSQL for TEST 17.08 (Pi: Test pi 11)
2025-08-30 16:50:11,388 - INFO - 💤 Waiting 60 seconds for next reading cycle...
2025-08-30 16:50:45,889 - INFO - Dashboard stopped by user.
2025-08-30 17:04:09,118 - INFO - Starting dashboard DB version (MQTT only)...
2025-08-30 17:04:09,119 - INFO - Location 'KONDRAI': 1 devices, CSV: /home/isha/deepak/MFM_offline_setup/csv_data/KONDRAI.csv
2025-08-30 17:04:09,120 - INFO - 💤 Waiting 60 seconds for next reading cycle...
2025-08-30 17:05:09,149 - INFO - 💤 Waiting 60 seconds for next reading cycle...
2025-08-30 17:06:09,159 - INFO - 💤 Waiting 60 seconds for next reading cycle...
2025-08-30 17:07:09,222 - INFO - 💤 Waiting 60 seconds for next reading cycle...
2025-08-30 17:08:09,284 - INFO - 💤 Waiting 60 seconds for next reading cycle...
2025-08-30 17:09:09,345 - INFO - 💤 Waiting 60 seconds for next reading cycle...
2025-08-30 17:10:09,407 - INFO - 💤 Waiting 60 seconds for next reading cycle...
2025-08-30 17:11:09,469 - INFO - 💤 Waiting 60 seconds for next reading cycle...
2025-08-30 17:12:09,530 - INFO - 💤 Waiting 60 seconds for next reading cycle...
2025-08-30 17:13:09,593 - INFO - 💤 Waiting 60 seconds for next reading cycle...
2025-08-30 17:13:17,377 - INFO - Dashboard stopped by user.
2025-08-30 17:13:19,064 - INFO - Starting dashboard DB version (MQTT only)...
2025-08-30 17:13:19,064 - INFO - Location 'KONDRAI': 1 devices, CSV: /home/isha/deepak/MFM_offline_setup/csv_data/KONDRAI.csv
2025-08-30 17:13:19,065 - INFO - 💤 Waiting 60 seconds for next reading cycle...
2025-08-30 17:14:19,125 - INFO - 💤 Waiting 60 seconds for next reading cycle...
2025-08-30 17:15:19,187 - INFO - 💤 Waiting 60 seconds for next reading cycle...
2025-08-30 17:16:19,230 - INFO - 💤 Waiting 60 seconds for next reading cycle...
2025-08-30 17:17:19,293 - INFO - 💤 Waiting 60 seconds for next reading cycle...
2025-08-30 17:17:48,972 - INFO - Dashboard stopped by user.
2025-08-30 17:17:50,907 - INFO - Starting dashboard DB version (MQTT only)...
2025-08-30 17:17:50,907 - INFO - Location 'KONDRAI': 1 devices, CSV: /home/isha/deepak/MFM_offline_setup/csv_data/KONDRAI.csv
2025-08-30 17:17:50,909 - INFO - 💤 Waiting 60 seconds for next reading cycle...
2025-08-30 17:18:50,971 - INFO - 💤 Waiting 60 seconds for next reading cycle...
2025-08-30 17:19:51,035 - INFO - 💤 Waiting 60 seconds for next reading cycle...
2025-08-30 17:19:58,664 - INFO - Dashboard stopped by user.
2025-08-30 17:24:23,289 - INFO - Starting dashboard DB version (MQTT only)...
2025-08-30 17:24:23,290 - INFO - Location 'KONDRAI': 1 devices, CSV: /home/isha/deepak/MFM_offline_setup/csv_data/KONDRAI.csv
2025-08-30 17:24:23,291 - INFO - 💤 Waiting 30 seconds for next reading cycle...
2025-08-30 17:24:53,321 - INFO - 💤 Waiting 30 seconds for next reading cycle...
2025-08-30 17:25:23,355 - INFO - 💤 Waiting 30 seconds for next reading cycle...
2025-08-30 17:25:53,387 - INFO - 💤 Waiting 30 seconds for next reading cycle...
2025-08-30 17:25:58,340 - INFO - Dashboard stopped by user.
2025-08-30 17:27:07,992 - INFO - Starting dashboard DB version (MQTT only)...
2025-08-30 17:27:07,992 - INFO - Location 'KONDRAI': 1 devices, CSV: /home/isha/deepak/MFM_offline_setup/csv_data/KONDRAI.csv
2025-08-30 17:27:07,994 - INFO - 💤 Waiting 30 seconds for next reading cycle...
2025-08-30 17:27:38,025 - INFO - 💤 Waiting 30 seconds for next reading cycle...
2025-08-30 17:28:08,057 - INFO - 💤 Waiting 30 seconds for next reading cycle...
2025-08-30 17:28:38,089 - INFO - 💤 Waiting 30 seconds for next reading cycle...
2025-08-30 17:28:45,891 - INFO - Dashboard stopped by user.
2025-08-30 17:29:46,216 - INFO - Starting dashboard DB version (MQTT only)...
2025-08-30 17:29:46,216 - INFO - Location 'KONDRAI': 1 devices, CSV: /home/isha/deepak/MFM_offline_setup/csv_data/KONDRAI.csv
2025-08-30 17:29:46,218 - INFO - 💤 Waiting 30 seconds for next reading cycle...
2025-08-30 17:30:16,251 - INFO - 💤 Waiting 30 seconds for next reading cycle...
2025-08-30 17:30:46,281 - INFO - 💤 Waiting 30 seconds for next reading cycle...
2025-08-30 17:31:16,312 - INFO - 💤 Waiting 30 seconds for next reading cycle...
2025-08-30 17:31:46,344 - INFO - 💤 Waiting 30 seconds for next reading cycle...
2025-08-30 17:32:16,377 - INFO - 💤 Waiting 30 seconds for next reading cycle...
2025-08-30 17:32:46,393 - INFO - 💤 Waiting 30 seconds for next reading cycle...
2025-08-30 17:33:16,426 - INFO - 💤 Waiting 30 seconds for next reading cycle...
2025-08-30 17:33:46,444 - INFO - 💤 Waiting 30 seconds for next reading cycle...
2025-08-30 17:34:16,477 - INFO - 💤 Waiting 30 seconds for next reading cycle...
2025-08-30 17:34:46,509 - INFO - 💤 Waiting 30 seconds for next reading cycle...
2025-08-30 17:35:16,540 - INFO - 💤 Waiting 30 seconds for next reading cycle...
2025-08-30 17:35:26,072 - INFO - Dashboard stopped by user.
