2025-09-15 12:12:45,331 - INFO - Starting dashboard DB version (MQTT only)...
2025-09-15 12:12:45,331 - INFO - Location 'KONDRAI': 1 devices, CSV: /home/isha/deepak/MFM_offline_setup/iot_scripts/csv_data/KONDRAI.csv
2025-09-15 12:18:16,072 - INFO - Starting dashboard DB version (MQTT only)...
2025-09-15 12:18:16,073 - INFO - Location 'KONDRAI': 1 devices, CSV: /home/isha/deepak/MFM_offline_setup/iot_scripts/csv_data/KONDRAI.csv
2025-09-15 12:18:16,627 - INFO - Dashboard stopped by user.
2025-09-15 12:38:24,438 - INFO - Starting dashboard DB version (MQTT only)...
2025-09-15 12:38:24,439 - INFO - Location 'KONDRAI': 1 devices, CSV: /home/isha/deepak/MFM_offline_setup/iot_scripts/csv_data/KONDRAI.csv
2025-09-15 13:23:01,184 - INFO - Starting dashboard DB version (MQTT only)...
2025-09-15 13:23:01,184 - INFO - Location 'KONDRAI': 1 devices, CSV: /home/isha/deepak/MFM_offline_setup/iot_scripts/csv_data/KONDRAI.csv
2025-09-15 13:24:36,813 - INFO - Starting dashboard DB version (MQTT only)...
2025-09-15 13:24:36,814 - INFO - Location 'KONDRAI': 1 devices, CSV: /home/isha/deepak/MFM_offline_setup/iot_scripts/csv_data/KONDRAI.csv
2025-09-15 13:25:17,709 - INFO - Starting dashboard DB version (MQTT only)...
2025-09-15 13:25:17,709 - INFO - Location 'KONDRAI': 1 devices, CSV: /home/isha/deepak/MFM_offline_setup/iot_scripts/csv_data/KONDRAI.csv
2025-09-15 13:25:17,710 - INFO - 💤 Waiting 30 seconds for next reading cycle...
2025-09-15 13:25:47,743 - INFO - 💤 Waiting 30 seconds for next reading cycle...
2025-09-15 13:26:17,773 - INFO - 💤 Waiting 30 seconds for next reading cycle...
2025-09-15 13:26:47,806 - INFO - 💤 Waiting 30 seconds for next reading cycle...
2025-09-15 13:27:17,839 - INFO - 💤 Waiting 30 seconds for next reading cycle...
2025-09-15 13:27:47,873 - INFO - 💤 Waiting 30 seconds for next reading cycle...
2025-09-15 13:27:55,123 - INFO - Dashboard stopped by user.
2025-09-15 13:41:38,911 - INFO - Starting dashboard DB version (MQTT only)...
2025-09-15 13:47:29,632 - INFO - Starting dashboard DB version (MQTT only)...
2025-09-15 13:49:30,769 - INFO - Starting dashboard DB version (MQTT only)...
2025-09-15 13:49:32,755 - INFO - Starting dashboard DB version (MQTT only)...
2025-09-15 13:54:10,494 - INFO - Starting dashboard DB version (MQTT only)...
2025-09-15 13:54:10,495 - INFO - Location 'KONDRAI': 1 devices, CSV: DISABLED
2025-09-15 13:54:10,496 - INFO - 💤 Waiting 30 seconds for next reading cycle...
2025-09-15 13:54:40,528 - INFO - 💤 Waiting 30 seconds for next reading cycle...
2025-09-15 13:54:57,293 - INFO - Dashboard stopped by user.
2025-09-15 13:55:19,369 - INFO - Starting dashboard DB version (MQTT only)...
2025-09-15 13:55:19,369 - INFO - Location 'KONDRAI': 1 devices, CSV: /home/isha/deepak/MFM_offline_setup/iot_scripts/csv_data/KONDRAI.csv
2025-09-15 13:55:19,370 - INFO - 💤 Waiting 30 seconds for next reading cycle...
2025-09-15 13:55:49,377 - INFO - 💤 Waiting 30 seconds for next reading cycle...
2025-09-15 13:56:07,762 - INFO - Dashboard stopped by user.
