2025-08-12 13:04:20,891 - INFO - Starting dashboard DB version...
2025-08-12 13:04:20,931 - INFO - Connected to /dev/ttyUSB0
2025-08-12 13:04:20,932 - INFO - Location 'SP3 PH': 2 devices, CSV: /home/pi/Downloads/DB_update/simple-meter-dashboard/csv_data/SP3PH.csv
2025-08-12 13:04:23,140 - INFO - Successfully posted data to server for EB INCOMER
2025-08-12 13:04:23,208 - INFO - Successfully posted data to server for SP3
2025-08-12 13:04:55,638 - INFO - Successfully posted data to server for EB INCOMER
2025-08-12 13:04:56,075 - INFO - Successfully posted data to server for SP3
2025-08-12 13:05:27,219 - INFO - Successfully posted data to server for EB INCOMER
2025-08-12 13:05:27,301 - INFO - Successfully posted data to server for SP3
2025-08-12 13:05:58,969 - INFO - Successfully posted data to server for EB INCOMER
2025-08-12 13:05:59,047 - INFO - Successfully posted data to server for SP3
2025-08-12 13:06:31,219 - INFO - Successfully posted data to server for EB INCOMER
2025-08-12 13:06:31,284 - INFO - Successfully posted data to server for SP3
2025-08-12 13:07:02,492 - INFO - Successfully posted data to server for EB INCOMER
2025-08-12 13:07:02,645 - INFO - Successfully posted data to server for SP3
2025-08-12 13:07:35,388 - INFO - Successfully posted data to server for EB INCOMER
2025-08-12 13:07:35,683 - INFO - Successfully posted data to server for SP3
2025-08-12 13:08:06,986 - INFO - Successfully posted data to server for EB INCOMER
2025-08-12 13:08:07,075 - INFO - Successfully posted data to server for SP3
2025-08-12 13:08:38,863 - INFO - Successfully posted data to server for EB INCOMER
2025-08-12 13:08:38,922 - INFO - Successfully posted data to server for SP3
2025-08-12 13:09:10,656 - INFO - Successfully posted data to server for EB INCOMER
2025-08-12 13:09:10,726 - INFO - Successfully posted data to server for SP3
2025-08-12 13:09:42,621 - INFO - Successfully posted data to server for EB INCOMER
2025-08-12 13:09:42,754 - INFO - Successfully posted data to server for SP3
2025-08-12 13:10:14,524 - INFO - Successfully posted data to server for EB INCOMER
2025-08-12 13:10:14,574 - INFO - Successfully posted data to server for SP3
2025-08-12 13:10:45,416 - INFO - Successfully posted data to server for EB INCOMER
2025-08-12 13:10:45,458 - INFO - Successfully posted data to server for SP3
2025-08-12 13:13:17,837 - INFO - Successfully posted data to server for EB INCOMER
2025-08-12 13:13:17,925 - INFO - Successfully posted data to server for SP3
2025-08-12 13:13:49,778 - INFO - Successfully posted data to server for EB INCOMER
2025-08-12 13:13:49,850 - INFO - Successfully posted data to server for SP3
2025-08-12 13:14:21,461 - INFO - Successfully posted data to server for EB INCOMER
2025-08-12 13:14:21,507 - INFO - Successfully posted data to server for SP3
2025-08-12 13:14:53,700 - INFO - Successfully posted data to server for EB INCOMER
2025-08-12 13:14:53,754 - INFO - Successfully posted data to server for SP3
2025-08-12 13:15:25,615 - INFO - Successfully posted data to server for EB INCOMER
2025-08-12 13:15:25,685 - INFO - Successfully posted data to server for SP3
2025-08-12 13:15:57,588 - INFO - Successfully posted data to server for EB INCOMER
2025-08-12 13:15:57,692 - INFO - Successfully posted data to server for SP3
2025-08-12 13:16:34,103 - INFO - Successfully posted data to server for EB INCOMER
2025-08-12 13:16:34,158 - INFO - Successfully posted data to server for SP3
2025-08-12 13:17:05,938 - INFO - Successfully posted data to server for EB INCOMER
2025-08-12 13:17:05,997 - INFO - Successfully posted data to server for SP3
2025-08-12 13:17:37,685 - INFO - Successfully posted data to server for EB INCOMER
2025-08-12 13:17:37,755 - INFO - Successfully posted data to server for SP3
2025-08-12 13:18:09,078 - INFO - Successfully posted data to server for EB INCOMER
2025-08-12 13:18:09,169 - INFO - Successfully posted data to server for SP3
2025-08-12 13:18:40,947 - INFO - Successfully posted data to server for EB INCOMER
2025-08-12 13:18:40,993 - INFO - Successfully posted data to server for SP3
2025-08-12 13:19:12,714 - INFO - Successfully posted data to server for EB INCOMER
2025-08-12 13:19:12,777 - INFO - Successfully posted data to server for SP3
2025-08-12 13:19:44,224 - INFO - Successfully posted data to server for EB INCOMER
2025-08-12 13:19:44,266 - INFO - Successfully posted data to server for SP3
2025-08-12 13:20:15,958 - INFO - Successfully posted data to server for EB INCOMER
2025-08-12 13:20:16,050 - INFO - Successfully posted data to server for SP3
2025-08-12 13:20:47,717 - INFO - Successfully posted data to server for EB INCOMER
2025-08-12 13:20:47,765 - INFO - Successfully posted data to server for SP3
2025-08-12 13:21:19,466 - INFO - Successfully posted data to server for EB INCOMER
2025-08-12 13:21:19,534 - INFO - Successfully posted data to server for SP3
2025-08-12 13:21:50,829 - INFO - Successfully posted data to server for EB INCOMER
2025-08-12 13:21:50,903 - INFO - Successfully posted data to server for SP3
2025-08-12 13:22:22,586 - INFO - Successfully posted data to server for EB INCOMER
2025-08-12 13:22:22,942 - INFO - Successfully posted data to server for SP3
2025-08-12 13:22:54,683 - INFO - Successfully posted data to server for EB INCOMER
2025-08-12 13:22:54,748 - INFO - Successfully posted data to server for SP3
2025-08-12 13:23:26,471 - INFO - Successfully posted data to server for EB INCOMER
2025-08-12 13:23:26,545 - INFO - Successfully posted data to server for SP3
2025-08-12 13:23:58,156 - INFO - Successfully posted data to server for EB INCOMER
2025-08-12 13:23:58,207 - INFO - Successfully posted data to server for SP3
2025-08-12 13:24:29,518 - INFO - Successfully posted data to server for EB INCOMER
2025-08-12 13:24:29,578 - INFO - Successfully posted data to server for SP3
2025-08-12 13:25:01,459 - INFO - Successfully posted data to server for EB INCOMER
2025-08-12 13:25:01,524 - INFO - Successfully posted data to server for SP3
2025-08-12 13:25:33,189 - INFO - Successfully posted data to server for EB INCOMER
2025-08-12 13:25:33,254 - INFO - Successfully posted data to server for SP3
2025-08-12 13:26:04,864 - INFO - Successfully posted data to server for EB INCOMER
2025-08-12 13:26:04,926 - INFO - Successfully posted data to server for SP3
2025-08-12 13:26:36,694 - INFO - Successfully posted data to server for EB INCOMER
2025-08-12 13:26:36,754 - INFO - Successfully posted data to server for SP3
2025-08-12 13:27:08,423 - INFO - Successfully posted data to server for EB INCOMER
2025-08-12 13:27:08,491 - INFO - Successfully posted data to server for SP3
2025-08-12 13:27:55,039 - INFO - Successfully posted data to server for EB INCOMER
2025-08-12 13:27:55,119 - INFO - Successfully posted data to server for SP3
2025-08-12 13:28:26,984 - INFO - Successfully posted data to server for EB INCOMER
2025-08-12 13:28:27,043 - INFO - Successfully posted data to server for SP3
2025-08-12 13:28:58,817 - INFO - Successfully posted data to server for EB INCOMER
2025-08-12 13:28:58,867 - INFO - Successfully posted data to server for SP3
2025-08-12 13:29:29,331 - INFO - Successfully posted data to server for EB INCOMER
2025-08-12 13:29:29,391 - INFO - Successfully posted data to server for SP3
2025-08-12 13:30:01,091 - INFO - Successfully posted data to server for EB INCOMER
2025-08-12 13:30:01,153 - INFO - Successfully posted data to server for SP3
2025-08-12 13:30:32,812 - INFO - Successfully posted data to server for EB INCOMER
2025-08-12 13:30:32,874 - INFO - Successfully posted data to server for SP3
2025-08-12 13:31:04,576 - INFO - Successfully posted data to server for EB INCOMER
2025-08-12 13:31:04,648 - INFO - Successfully posted data to server for SP3
2025-08-12 13:31:36,331 - INFO - Successfully posted data to server for EB INCOMER
2025-08-12 13:31:36,390 - INFO - Successfully posted data to server for SP3
2025-08-12 13:32:07,880 - INFO - Successfully posted data to server for EB INCOMER
2025-08-12 13:32:07,928 - INFO - Successfully posted data to server for SP3
2025-08-12 13:32:39,619 - INFO - Successfully posted data to server for EB INCOMER
2025-08-12 13:32:39,746 - INFO - Successfully posted data to server for SP3
2025-08-12 13:33:11,115 - INFO - Successfully posted data to server for EB INCOMER
2025-08-12 13:33:11,258 - INFO - Successfully posted data to server for SP3
2025-08-12 13:33:43,080 - INFO - Successfully posted data to server for EB INCOMER
2025-08-12 13:33:43,139 - INFO - Successfully posted data to server for SP3
2025-08-12 13:34:14,850 - INFO - Successfully posted data to server for EB INCOMER
2025-08-12 13:34:14,936 - INFO - Successfully posted data to server for SP3
2025-08-12 13:34:45,799 - INFO - Successfully posted data to server for EB INCOMER
2025-08-12 13:34:45,863 - INFO - Successfully posted data to server for SP3
2025-08-12 13:35:17,108 - INFO - Successfully posted data to server for EB INCOMER
2025-08-12 13:35:17,180 - INFO - Successfully posted data to server for SP3
2025-08-12 13:35:48,431 - INFO - Successfully posted data to server for EB INCOMER
2025-08-12 13:35:48,508 - INFO - Successfully posted data to server for SP3
2025-08-12 13:36:20,142 - INFO - Successfully posted data to server for EB INCOMER
2025-08-12 13:36:20,200 - INFO - Successfully posted data to server for SP3
2025-08-12 13:36:53,154 - INFO - Successfully posted data to server for EB INCOMER
2025-08-12 13:36:53,224 - INFO - Successfully posted data to server for SP3
2025-08-12 13:37:24,502 - INFO - Successfully posted data to server for EB INCOMER
2025-08-12 13:37:24,606 - INFO - Successfully posted data to server for SP3
2025-08-12 13:37:55,819 - INFO - Successfully posted data to server for EB INCOMER
2025-08-12 13:37:55,902 - INFO - Successfully posted data to server for SP3
2025-08-12 13:38:27,532 - WARNING - Connection error posting to server (attempt 1/3)
2025-08-12 13:38:29,537 - WARNING - Connection error posting to server (attempt 2/3)
2025-08-12 13:38:31,541 - WARNING - Connection error posting to server (attempt 3/3)
2025-08-12 13:38:31,542 - ERROR - Failed to post data to server after 3 attempts
2025-08-12 13:38:31,641 - WARNING - Connection error posting to server (attempt 1/3)
2025-08-12 13:38:33,646 - WARNING - Connection error posting to server (attempt 2/3)
2025-08-12 13:38:35,650 - WARNING - Connection error posting to server (attempt 3/3)
2025-08-12 13:38:35,651 - ERROR - Failed to post data to server after 3 attempts
2025-08-12 13:39:07,463 - WARNING - Connection error posting to server (attempt 1/3)
2025-08-12 13:39:09,469 - WARNING - Connection error posting to server (attempt 2/3)
2025-08-12 13:39:11,472 - WARNING - Connection error posting to server (attempt 3/3)
2025-08-12 13:39:11,473 - ERROR - Failed to post data to server after 3 attempts
2025-08-12 13:39:11,556 - WARNING - Connection error posting to server (attempt 1/3)
2025-08-12 13:39:13,563 - WARNING - Connection error posting to server (attempt 2/3)
2025-08-12 13:39:15,567 - WARNING - Connection error posting to server (attempt 3/3)
2025-08-12 13:39:15,568 - ERROR - Failed to post data to server after 3 attempts
2025-08-12 13:39:47,153 - WARNING - Connection error posting to server (attempt 1/3)
2025-08-12 13:39:49,158 - WARNING - Connection error posting to server (attempt 2/3)
2025-08-12 13:39:51,161 - WARNING - Connection error posting to server (attempt 3/3)
2025-08-12 13:39:51,162 - ERROR - Failed to post data to server after 3 attempts
2025-08-12 13:39:52,315 - WARNING - Connection error posting to server (attempt 1/3)
2025-08-12 13:39:54,318 - WARNING - Connection error posting to server (attempt 2/3)
2025-08-12 13:39:56,321 - WARNING - Connection error posting to server (attempt 3/3)
2025-08-12 13:39:56,322 - ERROR - Failed to post data to server after 3 attempts
2025-08-12 13:40:27,930 - WARNING - Connection error posting to server (attempt 1/3)
2025-08-12 13:40:29,934 - WARNING - Connection error posting to server (attempt 2/3)
2025-08-12 13:40:31,937 - WARNING - Connection error posting to server (attempt 3/3)
2025-08-12 13:40:31,938 - ERROR - Failed to post data to server after 3 attempts
2025-08-12 13:40:32,022 - WARNING - Connection error posting to server (attempt 1/3)
2025-08-12 13:40:34,025 - WARNING - Connection error posting to server (attempt 2/3)
2025-08-12 13:40:36,029 - WARNING - Connection error posting to server (attempt 3/3)
2025-08-12 13:40:36,029 - ERROR - Failed to post data to server after 3 attempts
2025-08-12 13:40:39,899 - INFO - Starting dashboard DB version...
2025-08-12 13:40:39,933 - INFO - Connected to /dev/ttyUSB0
2025-08-12 13:40:39,934 - INFO - Location 'SP3 PH': 2 devices, CSV: /home/pi/Downloads/DB_update/simple-meter-dashboard/csv_data/SP3PH.csv
2025-08-12 13:40:41,646 - WARNING - Connection error posting to server (attempt 1/3)
2025-08-12 13:40:43,656 - WARNING - Connection error posting to server (attempt 2/3)
2025-08-12 13:40:45,661 - WARNING - Connection error posting to server (attempt 3/3)
2025-08-12 13:40:45,661 - ERROR - Failed to post data to server after 3 attempts
2025-08-12 13:40:45,752 - WARNING - Connection error posting to server (attempt 1/3)
2025-08-12 13:40:47,756 - WARNING - Connection error posting to server (attempt 2/3)
2025-08-12 13:40:49,763 - WARNING - Connection error posting to server (attempt 3/3)
2025-08-12 13:40:49,764 - ERROR - Failed to post data to server after 3 attempts
2025-08-12 13:41:07,193 - WARNING - Connection error posting to server (attempt 1/3)
2025-08-12 13:41:09,197 - WARNING - Connection error posting to server (attempt 2/3)
2025-08-12 13:41:11,200 - WARNING - Connection error posting to server (attempt 3/3)
2025-08-12 13:41:11,200 - ERROR - Failed to post data to server after 3 attempts
2025-08-12 13:41:11,353 - WARNING - Connection error posting to server (attempt 1/3)
2025-08-12 13:41:13,361 - WARNING - Connection error posting to server (attempt 2/3)
2025-08-12 13:41:15,365 - WARNING - Connection error posting to server (attempt 3/3)
2025-08-12 13:41:15,366 - ERROR - Failed to post data to server after 3 attempts
2025-08-12 13:41:21,326 - WARNING - Connection error posting to server (attempt 1/3)
2025-08-12 13:41:23,330 - WARNING - Connection error posting to server (attempt 2/3)
2025-08-12 13:41:25,333 - WARNING - Connection error posting to server (attempt 3/3)
2025-08-12 13:41:25,334 - ERROR - Failed to post data to server after 3 attempts
2025-08-12 13:41:25,480 - WARNING - Connection error posting to server (attempt 1/3)
2025-08-12 13:41:27,483 - WARNING - Connection error posting to server (attempt 2/3)
2025-08-12 13:41:29,486 - WARNING - Connection error posting to server (attempt 3/3)
2025-08-12 13:41:29,487 - ERROR - Failed to post data to server after 3 attempts
2025-08-12 13:41:46,787 - WARNING - Connection error posting to server (attempt 1/3)
2025-08-12 13:41:48,790 - WARNING - Connection error posting to server (attempt 2/3)
2025-08-12 13:41:50,794 - WARNING - Connection error posting to server (attempt 3/3)
2025-08-12 13:41:50,794 - ERROR - Failed to post data to server after 3 attempts
2025-08-12 13:41:50,832 - WARNING - Connection error posting to server (attempt 1/3)
2025-08-12 13:41:52,840 - WARNING - Connection error posting to server (attempt 2/3)
2025-08-12 13:41:54,844 - WARNING - Connection error posting to server (attempt 3/3)
2025-08-12 13:41:54,845 - ERROR - Failed to post data to server after 3 attempts
2025-08-12 13:42:01,055 - WARNING - Connection error posting to server (attempt 1/3)
2025-08-12 13:42:03,058 - WARNING - Connection error posting to server (attempt 2/3)
2025-08-12 13:42:05,061 - WARNING - Connection error posting to server (attempt 3/3)
2025-08-12 13:42:05,062 - ERROR - Failed to post data to server after 3 attempts
2025-08-12 13:42:05,215 - WARNING - Connection error posting to server (attempt 1/3)
2025-08-12 13:42:07,218 - WARNING - Connection error posting to server (attempt 2/3)
2025-08-12 13:42:09,221 - WARNING - Connection error posting to server (attempt 3/3)
2025-08-12 13:42:09,221 - ERROR - Failed to post data to server after 3 attempts
2025-08-12 13:42:26,105 - WARNING - Connection error posting to server (attempt 1/3)
2025-08-12 13:42:28,108 - WARNING - Connection error posting to server (attempt 2/3)
2025-08-12 13:42:30,112 - WARNING - Connection error posting to server (attempt 3/3)
2025-08-12 13:42:30,112 - ERROR - Failed to post data to server after 3 attempts
2025-08-12 13:42:30,205 - WARNING - Connection error posting to server (attempt 1/3)
2025-08-12 13:42:32,213 - WARNING - Connection error posting to server (attempt 2/3)
2025-08-12 13:42:34,217 - WARNING - Connection error posting to server (attempt 3/3)
2025-08-12 13:42:34,218 - ERROR - Failed to post data to server after 3 attempts
2025-08-12 13:42:40,838 - WARNING - Connection error posting to server (attempt 1/3)
2025-08-12 13:42:42,841 - WARNING - Connection error posting to server (attempt 2/3)
2025-08-12 13:42:44,844 - WARNING - Connection error posting to server (attempt 3/3)
2025-08-12 13:42:44,845 - ERROR - Failed to post data to server after 3 attempts
2025-08-12 13:42:44,942 - WARNING - Connection error posting to server (attempt 1/3)
2025-08-12 13:42:46,946 - WARNING - Connection error posting to server (attempt 2/3)
2025-08-12 13:42:48,949 - WARNING - Connection error posting to server (attempt 3/3)
2025-08-12 13:42:48,949 - ERROR - Failed to post data to server after 3 attempts
2025-08-12 13:43:05,429 - WARNING - Connection error posting to server (attempt 1/3)
2025-08-12 13:43:07,434 - WARNING - Connection error posting to server (attempt 2/3)
2025-08-12 13:43:09,437 - WARNING - Connection error posting to server (attempt 3/3)
2025-08-12 13:43:09,438 - ERROR - Failed to post data to server after 3 attempts
2025-08-12 13:43:09,584 - WARNING - Connection error posting to server (attempt 1/3)
2025-08-12 13:43:11,587 - WARNING - Connection error posting to server (attempt 2/3)
2025-08-12 13:43:13,592 - WARNING - Connection error posting to server (attempt 3/3)
2025-08-12 13:43:13,592 - ERROR - Failed to post data to server after 3 attempts
2025-08-12 13:43:20,583 - WARNING - Connection error posting to server (attempt 1/3)
2025-08-12 13:43:22,590 - WARNING - Connection error posting to server (attempt 2/3)
2025-08-12 13:43:24,594 - WARNING - Connection error posting to server (attempt 3/3)
2025-08-12 13:43:24,594 - ERROR - Failed to post data to server after 3 attempts
2025-08-12 13:43:24,663 - WARNING - Connection error posting to server (attempt 1/3)
2025-08-12 13:43:26,667 - WARNING - Connection error posting to server (attempt 2/3)
2025-08-12 13:43:28,670 - WARNING - Connection error posting to server (attempt 3/3)
2025-08-12 13:43:28,671 - ERROR - Failed to post data to server after 3 attempts
2025-08-12 13:43:44,752 - WARNING - Connection error posting to server (attempt 1/3)
2025-08-12 13:43:46,757 - WARNING - Connection error posting to server (attempt 2/3)
2025-08-12 13:43:48,760 - WARNING - Connection error posting to server (attempt 3/3)
2025-08-12 13:43:48,761 - ERROR - Failed to post data to server after 3 attempts
2025-08-12 13:43:48,846 - WARNING - Connection error posting to server (attempt 1/3)
2025-08-12 13:43:50,849 - WARNING - Connection error posting to server (attempt 2/3)
2025-08-12 13:43:52,854 - WARNING - Connection error posting to server (attempt 3/3)
2025-08-12 13:43:52,855 - ERROR - Failed to post data to server after 3 attempts
2025-08-12 13:44:00,311 - WARNING - Connection error posting to server (attempt 1/3)
2025-08-12 13:44:02,314 - WARNING - Connection error posting to server (attempt 2/3)
2025-08-12 13:44:04,318 - WARNING - Connection error posting to server (attempt 3/3)
2025-08-12 13:44:04,318 - ERROR - Failed to post data to server after 3 attempts
2025-08-12 13:44:04,408 - WARNING - Connection error posting to server (attempt 1/3)
2025-08-12 13:44:06,411 - WARNING - Connection error posting to server (attempt 2/3)
2025-08-12 13:44:08,415 - WARNING - Connection error posting to server (attempt 3/3)
2025-08-12 13:44:08,415 - ERROR - Failed to post data to server after 3 attempts
2025-08-12 13:44:23,876 - WARNING - Connection error posting to server (attempt 1/3)
2025-08-12 13:44:25,880 - WARNING - Connection error posting to server (attempt 2/3)
2025-08-12 13:44:27,884 - WARNING - Connection error posting to server (attempt 3/3)
2025-08-12 13:44:27,884 - ERROR - Failed to post data to server after 3 attempts
2025-08-12 13:44:27,955 - WARNING - Connection error posting to server (attempt 1/3)
2025-08-12 13:44:29,963 - WARNING - Connection error posting to server (attempt 2/3)
2025-08-12 13:44:31,968 - WARNING - Connection error posting to server (attempt 3/3)
2025-08-12 13:44:31,969 - ERROR - Failed to post data to server after 3 attempts
2025-08-12 13:44:40,038 - WARNING - Connection error posting to server (attempt 1/3)
2025-08-12 13:44:42,042 - WARNING - Connection error posting to server (attempt 2/3)
2025-08-12 13:44:44,045 - WARNING - Connection error posting to server (attempt 3/3)
2025-08-12 13:44:44,046 - ERROR - Failed to post data to server after 3 attempts
2025-08-12 13:44:44,132 - WARNING - Connection error posting to server (attempt 1/3)
2025-08-12 13:44:46,136 - WARNING - Connection error posting to server (attempt 2/3)
2025-08-12 13:44:48,139 - WARNING - Connection error posting to server (attempt 3/3)
2025-08-12 13:44:48,139 - ERROR - Failed to post data to server after 3 attempts
2025-08-12 13:45:03,062 - WARNING - Connection error posting to server (attempt 1/3)
2025-08-12 13:45:05,066 - WARNING - Connection error posting to server (attempt 2/3)
2025-08-12 13:45:07,069 - WARNING - Connection error posting to server (attempt 3/3)
2025-08-12 13:45:07,070 - ERROR - Failed to post data to server after 3 attempts
2025-08-12 13:45:07,271 - WARNING - Connection error posting to server (attempt 1/3)
2025-08-12 13:45:09,279 - WARNING - Connection error posting to server (attempt 2/3)
2025-08-12 13:45:11,283 - WARNING - Connection error posting to server (attempt 3/3)
2025-08-12 13:45:11,284 - ERROR - Failed to post data to server after 3 attempts
2025-08-12 13:45:19,800 - WARNING - Connection error posting to server (attempt 1/3)
2025-08-12 13:45:21,803 - WARNING - Connection error posting to server (attempt 2/3)
2025-08-12 13:45:23,806 - WARNING - Connection error posting to server (attempt 3/3)
2025-08-12 13:45:23,806 - ERROR - Failed to post data to server after 3 attempts
2025-08-12 13:45:24,072 - WARNING - Connection error posting to server (attempt 1/3)
2025-08-12 13:45:26,078 - WARNING - Connection error posting to server (attempt 2/3)
2025-08-12 13:45:28,084 - WARNING - Connection error posting to server (attempt 3/3)
2025-08-12 13:45:28,084 - ERROR - Failed to post data to server after 3 attempts
2025-08-12 13:45:42,399 - WARNING - Connection error posting to server (attempt 1/3)
2025-08-12 13:45:44,402 - WARNING - Connection error posting to server (attempt 2/3)
2025-08-12 13:45:46,406 - WARNING - Connection error posting to server (attempt 3/3)
2025-08-12 13:45:46,406 - ERROR - Failed to post data to server after 3 attempts
2025-08-12 13:45:46,601 - WARNING - Connection error posting to server (attempt 1/3)
2025-08-12 13:45:48,608 - WARNING - Connection error posting to server (attempt 2/3)
2025-08-12 13:45:50,613 - WARNING - Connection error posting to server (attempt 3/3)
2025-08-12 13:45:50,613 - ERROR - Failed to post data to server after 3 attempts
2025-08-12 13:45:59,711 - WARNING - Connection error posting to server (attempt 1/3)
2025-08-12 13:46:01,715 - WARNING - Connection error posting to server (attempt 2/3)
2025-08-12 13:46:03,718 - WARNING - Connection error posting to server (attempt 3/3)
2025-08-12 13:46:03,718 - ERROR - Failed to post data to server after 3 attempts
2025-08-12 13:46:03,799 - WARNING - Connection error posting to server (attempt 1/3)
2025-08-12 13:46:05,807 - WARNING - Connection error posting to server (attempt 2/3)
2025-08-12 13:46:07,812 - WARNING - Connection error posting to server (attempt 3/3)
2025-08-12 13:46:07,813 - ERROR - Failed to post data to server after 3 attempts
2025-08-12 13:46:21,829 - WARNING - Connection error posting to server (attempt 1/3)
2025-08-12 13:46:23,833 - WARNING - Connection error posting to server (attempt 2/3)
2025-08-12 13:46:25,837 - WARNING - Connection error posting to server (attempt 3/3)
2025-08-12 13:46:25,838 - ERROR - Failed to post data to server after 3 attempts
2025-08-12 13:46:25,905 - WARNING - Connection error posting to server (attempt 1/3)
2025-08-12 13:46:27,913 - WARNING - Connection error posting to server (attempt 2/3)
2025-08-12 13:46:29,918 - WARNING - Connection error posting to server (attempt 3/3)
2025-08-12 13:46:29,919 - ERROR - Failed to post data to server after 3 attempts
2025-08-12 13:46:39,433 - WARNING - Connection error posting to server (attempt 1/3)
2025-08-12 13:46:41,437 - WARNING - Connection error posting to server (attempt 2/3)
2025-08-12 13:46:43,440 - WARNING - Connection error posting to server (attempt 3/3)
2025-08-12 13:46:43,440 - ERROR - Failed to post data to server after 3 attempts
2025-08-12 13:46:43,530 - WARNING - Connection error posting to server (attempt 1/3)
2025-08-12 13:46:45,538 - WARNING - Connection error posting to server (attempt 2/3)
2025-08-12 13:46:47,546 - WARNING - Connection error posting to server (attempt 3/3)
2025-08-12 13:46:47,547 - ERROR - Failed to post data to server after 3 attempts
2025-08-12 13:47:00,987 - WARNING - Connection error posting to server (attempt 1/3)
2025-08-12 13:47:03,001 - WARNING - Connection error posting to server (attempt 2/3)
2025-08-12 13:47:05,006 - WARNING - Connection error posting to server (attempt 3/3)
2025-08-12 13:47:05,007 - ERROR - Failed to post data to server after 3 attempts
2025-08-12 13:47:05,243 - WARNING - Connection error posting to server (attempt 1/3)
2025-08-12 13:47:07,247 - WARNING - Connection error posting to server (attempt 2/3)
2025-08-12 13:47:09,252 - WARNING - Connection error posting to server (attempt 3/3)
2025-08-12 13:47:09,252 - ERROR - Failed to post data to server after 3 attempts
2025-08-12 13:47:18,753 - WARNING - Connection error posting to server (attempt 1/3)
2025-08-12 13:47:20,757 - WARNING - Connection error posting to server (attempt 2/3)
2025-08-12 13:47:22,761 - WARNING - Connection error posting to server (attempt 3/3)
2025-08-12 13:47:22,762 - ERROR - Failed to post data to server after 3 attempts
2025-08-12 13:47:22,829 - WARNING - Connection error posting to server (attempt 1/3)
2025-08-12 13:47:24,837 - WARNING - Connection error posting to server (attempt 2/3)
2025-08-12 13:47:26,842 - WARNING - Connection error posting to server (attempt 3/3)
2025-08-12 13:47:26,843 - ERROR - Failed to post data to server after 3 attempts
2025-08-12 13:47:40,336 - WARNING - Connection error posting to server (attempt 1/3)
2025-08-12 13:47:42,340 - WARNING - Connection error posting to server (attempt 2/3)
2025-08-12 13:47:44,343 - WARNING - Connection error posting to server (attempt 3/3)
2025-08-12 13:47:44,344 - ERROR - Failed to post data to server after 3 attempts
2025-08-12 13:47:44,553 - WARNING - Connection error posting to server (attempt 1/3)
2025-08-12 13:47:46,556 - WARNING - Connection error posting to server (attempt 2/3)
2025-08-12 13:47:48,561 - WARNING - Connection error posting to server (attempt 3/3)
2025-08-12 13:47:48,561 - ERROR - Failed to post data to server after 3 attempts
2025-08-12 13:47:58,080 - WARNING - Connection error posting to server (attempt 1/3)
2025-08-12 13:48:00,084 - WARNING - Connection error posting to server (attempt 2/3)
2025-08-12 13:48:02,087 - WARNING - Connection error posting to server (attempt 3/3)
2025-08-12 13:48:02,088 - ERROR - Failed to post data to server after 3 attempts
2025-08-12 13:48:02,165 - WARNING - Connection error posting to server (attempt 1/3)
2025-08-12 13:48:04,172 - WARNING - Connection error posting to server (attempt 2/3)
2025-08-12 13:48:06,177 - WARNING - Connection error posting to server (attempt 3/3)
2025-08-12 13:48:06,177 - ERROR - Failed to post data to server after 3 attempts
2025-08-12 13:48:19,632 - WARNING - Connection error posting to server (attempt 1/3)
2025-08-12 13:48:21,636 - WARNING - Connection error posting to server (attempt 2/3)
2025-08-12 13:48:23,639 - WARNING - Connection error posting to server (attempt 3/3)
2025-08-12 13:48:23,639 - ERROR - Failed to post data to server after 3 attempts
2025-08-12 13:48:23,890 - WARNING - Connection error posting to server (attempt 1/3)
2025-08-12 13:48:25,897 - WARNING - Connection error posting to server (attempt 2/3)
2025-08-12 13:48:27,902 - WARNING - Connection error posting to server (attempt 3/3)
2025-08-12 13:48:27,902 - ERROR - Failed to post data to server after 3 attempts
2025-08-12 13:48:37,360 - WARNING - Connection error posting to server (attempt 1/3)
2025-08-12 13:48:39,363 - WARNING - Connection error posting to server (attempt 2/3)
2025-08-12 13:48:41,367 - WARNING - Connection error posting to server (attempt 3/3)
2025-08-12 13:48:41,367 - ERROR - Failed to post data to server after 3 attempts
2025-08-12 13:48:41,394 - WARNING - Connection error posting to server (attempt 1/3)
2025-08-12 13:48:43,401 - WARNING - Connection error posting to server (attempt 2/3)
2025-08-12 13:48:45,405 - WARNING - Connection error posting to server (attempt 3/3)
2025-08-12 13:48:45,406 - ERROR - Failed to post data to server after 3 attempts
2025-08-12 13:48:58,984 - WARNING - Connection error posting to server (attempt 1/3)
2025-08-12 13:49:00,988 - WARNING - Connection error posting to server (attempt 2/3)
2025-08-12 13:49:02,992 - WARNING - Connection error posting to server (attempt 3/3)
2025-08-12 13:49:02,992 - ERROR - Failed to post data to server after 3 attempts
2025-08-12 13:49:03,039 - WARNING - Connection error posting to server (attempt 1/3)
2025-08-12 13:49:05,047 - WARNING - Connection error posting to server (attempt 2/3)
2025-08-12 13:49:07,053 - WARNING - Connection error posting to server (attempt 3/3)
2025-08-12 13:49:07,054 - ERROR - Failed to post data to server after 3 attempts
2025-08-12 13:49:16,931 - WARNING - Connection error posting to server (attempt 1/3)
2025-08-12 13:49:18,935 - WARNING - Connection error posting to server (attempt 2/3)
2025-08-12 13:49:20,938 - WARNING - Connection error posting to server (attempt 3/3)
2025-08-12 13:49:20,939 - ERROR - Failed to post data to server after 3 attempts
2025-08-12 13:49:21,020 - WARNING - Connection error posting to server (attempt 1/3)
2025-08-12 13:49:23,024 - WARNING - Connection error posting to server (attempt 2/3)
2025-08-12 13:49:25,028 - WARNING - Connection error posting to server (attempt 3/3)
2025-08-12 13:49:25,029 - ERROR - Failed to post data to server after 3 attempts
2025-08-12 13:49:38,221 - WARNING - Connection error posting to server (attempt 1/3)
2025-08-12 13:49:40,225 - WARNING - Connection error posting to server (attempt 2/3)
2025-08-12 13:49:42,230 - WARNING - Connection error posting to server (attempt 3/3)
2025-08-12 13:49:42,230 - ERROR - Failed to post data to server after 3 attempts
2025-08-12 13:49:42,306 - WARNING - Connection error posting to server (attempt 1/3)
2025-08-12 13:49:44,314 - WARNING - Connection error posting to server (attempt 2/3)
2025-08-12 13:49:46,318 - WARNING - Connection error posting to server (attempt 3/3)
2025-08-12 13:49:46,319 - ERROR - Failed to post data to server after 3 attempts
2025-08-12 13:49:56,646 - WARNING - Connection error posting to server (attempt 1/3)
2025-08-12 13:49:58,649 - WARNING - Connection error posting to server (attempt 2/3)
2025-08-12 13:50:00,657 - WARNING - Connection error posting to server (attempt 3/3)
2025-08-12 13:50:00,658 - ERROR - Failed to post data to server after 3 attempts
2025-08-12 13:50:00,692 - WARNING - Connection error posting to server (attempt 1/3)
2025-08-12 13:50:02,695 - WARNING - Connection error posting to server (attempt 2/3)
2025-08-12 13:50:04,700 - WARNING - Connection error posting to server (attempt 3/3)
2025-08-12 13:50:04,700 - ERROR - Failed to post data to server after 3 attempts
2025-08-12 13:50:17,879 - WARNING - Connection error posting to server (attempt 1/3)
2025-08-12 13:50:19,882 - WARNING - Connection error posting to server (attempt 2/3)
2025-08-12 13:50:21,886 - WARNING - Connection error posting to server (attempt 3/3)
2025-08-12 13:50:21,886 - ERROR - Failed to post data to server after 3 attempts
2025-08-12 13:50:21,910 - WARNING - Connection error posting to server (attempt 1/3)
2025-08-12 13:50:23,914 - WARNING - Connection error posting to server (attempt 2/3)
2025-08-12 13:50:25,918 - WARNING - Connection error posting to server (attempt 3/3)
2025-08-12 13:50:25,919 - ERROR - Failed to post data to server after 3 attempts
2025-08-12 13:50:35,874 - WARNING - Connection error posting to server (attempt 1/3)
2025-08-12 13:50:37,878 - WARNING - Connection error posting to server (attempt 2/3)
2025-08-12 13:50:39,881 - WARNING - Connection error posting to server (attempt 3/3)
2025-08-12 13:50:39,882 - ERROR - Failed to post data to server after 3 attempts
2025-08-12 13:50:40,072 - WARNING - Connection error posting to server (attempt 1/3)
2025-08-12 13:50:42,079 - WARNING - Connection error posting to server (attempt 2/3)
2025-08-12 13:50:44,084 - WARNING - Connection error posting to server (attempt 3/3)
2025-08-12 13:50:44,085 - ERROR - Failed to post data to server after 3 attempts
2025-08-12 13:50:57,610 - WARNING - Connection error posting to server (attempt 1/3)
2025-08-12 13:50:59,613 - WARNING - Connection error posting to server (attempt 2/3)
2025-08-12 13:51:01,617 - WARNING - Connection error posting to server (attempt 3/3)
2025-08-12 13:51:01,618 - ERROR - Failed to post data to server after 3 attempts
2025-08-12 13:51:01,761 - WARNING - Connection error posting to server (attempt 1/3)
2025-08-12 13:51:03,764 - WARNING - Connection error posting to server (attempt 2/3)
2025-08-12 13:51:05,768 - WARNING - Connection error posting to server (attempt 3/3)
2025-08-12 13:51:05,769 - ERROR - Failed to post data to server after 3 attempts
2025-08-12 13:51:15,198 - WARNING - Connection error posting to server (attempt 1/3)
2025-08-12 13:51:17,202 - WARNING - Connection error posting to server (attempt 2/3)
2025-08-12 13:51:19,205 - WARNING - Connection error posting to server (attempt 3/3)
2025-08-12 13:51:19,206 - ERROR - Failed to post data to server after 3 attempts
2025-08-12 13:51:19,244 - WARNING - Connection error posting to server (attempt 1/3)
2025-08-12 13:51:21,291 - INFO - Successfully posted data to server for SP3
2025-08-12 13:51:37,506 - INFO - Successfully posted data to server for EB INCOMER
2025-08-12 13:51:37,620 - INFO - Successfully posted data to server for SP3
2025-08-12 13:51:53,008 - INFO - Successfully posted data to server for EB INCOMER
2025-08-12 13:51:53,054 - INFO - Successfully posted data to server for SP3
2025-08-12 13:52:09,277 - INFO - Successfully posted data to server for EB INCOMER
2025-08-12 13:52:09,321 - INFO - Successfully posted data to server for SP3
2025-08-12 13:52:24,751 - INFO - Successfully posted data to server for EB INCOMER
2025-08-12 13:52:24,809 - INFO - Successfully posted data to server for SP3
2025-08-12 13:52:42,158 - INFO - Successfully posted data to server for EB INCOMER
2025-08-12 13:52:42,212 - INFO - Successfully posted data to server for SP3
2025-08-12 13:52:56,485 - INFO - Successfully posted data to server for EB INCOMER
2025-08-12 13:52:56,529 - INFO - Successfully posted data to server for SP3
2025-08-12 13:53:14,305 - INFO - Successfully posted data to server for EB INCOMER
2025-08-12 13:53:14,355 - INFO - Successfully posted data to server for SP3
2025-08-12 13:53:28,227 - INFO - Successfully posted data to server for EB INCOMER
2025-08-12 13:53:28,282 - INFO - Successfully posted data to server for SP3
2025-08-12 13:53:45,970 - INFO - Successfully posted data to server for EB INCOMER
2025-08-12 13:53:46,056 - INFO - Successfully posted data to server for SP3
2025-08-12 13:54:00,077 - INFO - Successfully posted data to server for EB INCOMER
2025-08-12 13:54:00,129 - INFO - Successfully posted data to server for SP3
2025-08-12 13:54:17,808 - INFO - Successfully posted data to server for EB INCOMER
2025-08-12 13:54:17,858 - INFO - Successfully posted data to server for SP3
2025-08-12 13:54:31,783 - INFO - Successfully posted data to server for EB INCOMER
2025-08-12 13:54:31,907 - INFO - Successfully posted data to server for SP3
2025-08-12 13:54:49,536 - INFO - Successfully posted data to server for EB INCOMER
2025-08-12 13:54:49,593 - INFO - Successfully posted data to server for SP3
2025-08-12 13:55:03,547 - INFO - Successfully posted data to server for EB INCOMER
2025-08-12 13:55:03,626 - INFO - Successfully posted data to server for SP3
2025-08-12 13:55:20,730 - INFO - Successfully posted data to server for EB INCOMER
2025-08-12 13:55:20,799 - INFO - Successfully posted data to server for SP3
2025-08-12 13:55:35,408 - INFO - Successfully posted data to server for EB INCOMER
2025-08-12 13:55:35,461 - INFO - Successfully posted data to server for SP3
2025-08-12 13:55:52,394 - INFO - Successfully posted data to server for EB INCOMER
2025-08-12 13:55:52,438 - INFO - Successfully posted data to server for SP3
2025-08-12 13:56:07,119 - INFO - Successfully posted data to server for EB INCOMER
2025-08-12 13:56:07,214 - INFO - Successfully posted data to server for SP3
2025-08-12 13:56:23,684 - INFO - Successfully posted data to server for EB INCOMER
2025-08-12 13:56:23,730 - INFO - Successfully posted data to server for SP3
2025-08-12 13:56:38,289 - INFO - Successfully posted data to server for EB INCOMER
2025-08-12 13:56:38,433 - INFO - Successfully posted data to server for SP3
2025-08-12 13:56:55,389 - INFO - Successfully posted data to server for EB INCOMER
2025-08-12 13:56:55,491 - INFO - Successfully posted data to server for SP3
2025-08-12 13:57:10,197 - INFO - Successfully posted data to server for EB INCOMER
2025-08-12 13:57:10,323 - INFO - Successfully posted data to server for SP3
2025-08-12 13:57:27,149 - INFO - Successfully posted data to server for EB INCOMER
2025-08-12 13:57:27,200 - INFO - Successfully posted data to server for SP3
2025-08-12 13:57:41,980 - INFO - Successfully posted data to server for EB INCOMER
2025-08-12 13:57:42,041 - INFO - Successfully posted data to server for SP3
2025-08-12 13:57:59,373 - INFO - Successfully posted data to server for EB INCOMER
2025-08-12 13:57:59,417 - INFO - Successfully posted data to server for SP3
2025-08-12 13:58:13,175 - INFO - Successfully posted data to server for EB INCOMER
2025-08-12 13:58:13,231 - INFO - Successfully posted data to server for SP3
2025-08-12 13:58:31,168 - INFO - Successfully posted data to server for EB INCOMER
2025-08-12 13:58:31,232 - INFO - Successfully posted data to server for SP3
2025-08-12 13:58:45,881 - INFO - Successfully posted data to server for EB INCOMER
2025-08-12 13:58:45,935 - INFO - Successfully posted data to server for SP3
2025-08-12 13:59:02,877 - INFO - Successfully posted data to server for EB INCOMER
2025-08-12 13:59:02,932 - INFO - Successfully posted data to server for SP3
2025-08-12 13:59:17,629 - INFO - Successfully posted data to server for EB INCOMER
2025-08-12 13:59:17,701 - INFO - Successfully posted data to server for SP3
2025-08-12 13:59:34,724 - INFO - Successfully posted data to server for EB INCOMER
2025-08-12 13:59:34,773 - INFO - Successfully posted data to server for SP3
2025-08-12 13:59:49,369 - INFO - Successfully posted data to server for EB INCOMER
2025-08-12 13:59:49,422 - INFO - Successfully posted data to server for SP3
2025-08-12 14:00:06,378 - INFO - Successfully posted data to server for EB INCOMER
2025-08-12 14:00:06,507 - INFO - Successfully posted data to server for SP3
2025-08-12 14:00:21,064 - INFO - Successfully posted data to server for EB INCOMER
2025-08-12 14:00:21,139 - INFO - Successfully posted data to server for SP3
2025-08-12 14:00:38,315 - INFO - Successfully posted data to server for EB INCOMER
2025-08-12 14:00:38,369 - INFO - Successfully posted data to server for SP3
2025-08-12 14:00:52,841 - INFO - Successfully posted data to server for EB INCOMER
2025-08-12 14:00:52,897 - INFO - Successfully posted data to server for SP3
2025-08-12 14:01:10,313 - INFO - Successfully posted data to server for EB INCOMER
2025-08-12 14:01:10,362 - INFO - Successfully posted data to server for SP3
2025-08-12 14:01:25,298 - INFO - Successfully posted data to server for EB INCOMER
2025-08-12 14:01:25,446 - INFO - Successfully posted data to server for SP3
2025-08-12 14:01:42,004 - INFO - Successfully posted data to server for EB INCOMER
2025-08-12 14:01:42,049 - INFO - Successfully posted data to server for SP3
2025-08-12 14:01:57,777 - INFO - Successfully posted data to server for EB INCOMER
2025-08-12 14:01:57,837 - INFO - Successfully posted data to server for SP3
2025-08-12 14:02:13,744 - INFO - Successfully posted data to server for EB INCOMER
2025-08-12 14:02:13,813 - INFO - Successfully posted data to server for SP3
2025-08-12 14:02:29,105 - INFO - Successfully posted data to server for EB INCOMER
2025-08-12 14:02:29,156 - INFO - Successfully posted data to server for SP3
2025-08-12 14:02:45,513 - INFO - Successfully posted data to server for EB INCOMER
2025-08-12 14:02:45,585 - INFO - Successfully posted data to server for SP3
2025-08-12 14:03:00,752 - INFO - Successfully posted data to server for EB INCOMER
2025-08-12 14:03:00,809 - INFO - Successfully posted data to server for SP3
2025-08-12 14:03:17,239 - INFO - Successfully posted data to server for EB INCOMER
2025-08-12 14:03:17,361 - INFO - Successfully posted data to server for SP3
2025-08-12 14:03:32,595 - INFO - Successfully posted data to server for EB INCOMER
2025-08-12 14:03:32,708 - INFO - Successfully posted data to server for SP3
2025-08-12 14:03:49,015 - INFO - Successfully posted data to server for EB INCOMER
2025-08-12 14:03:49,081 - INFO - Successfully posted data to server for SP3
2025-08-12 14:04:04,444 - INFO - Successfully posted data to server for EB INCOMER
2025-08-12 14:04:04,493 - INFO - Successfully posted data to server for SP3
2025-08-12 14:04:20,766 - INFO - Successfully posted data to server for EB INCOMER
2025-08-12 14:04:20,882 - INFO - Successfully posted data to server for SP3
2025-08-12 14:04:37,332 - INFO - Successfully posted data to server for EB INCOMER
2025-08-12 14:04:37,385 - INFO - Successfully posted data to server for SP3
2025-08-12 14:04:52,475 - INFO - Successfully posted data to server for EB INCOMER
2025-08-12 14:04:52,535 - INFO - Successfully posted data to server for SP3
2025-08-12 14:05:08,368 - INFO - Successfully posted data to server for EB INCOMER
2025-08-12 14:05:08,406 - INFO - Successfully posted data to server for SP3
2025-08-12 14:05:24,137 - INFO - Successfully posted data to server for EB INCOMER
2025-08-12 14:05:24,188 - INFO - Successfully posted data to server for SP3
2025-08-12 14:05:40,087 - INFO - Successfully posted data to server for EB INCOMER
2025-08-12 14:05:40,255 - INFO - Successfully posted data to server for SP3
2025-08-12 14:05:55,645 - INFO - Successfully posted data to server for EB INCOMER
2025-08-12 14:05:55,693 - INFO - Successfully posted data to server for SP3
2025-08-12 14:06:11,923 - INFO - Successfully posted data to server for EB INCOMER
2025-08-12 14:06:11,971 - INFO - Successfully posted data to server for SP3
2025-08-12 14:06:27,412 - INFO - Successfully posted data to server for EB INCOMER
2025-08-12 14:06:27,480 - INFO - Successfully posted data to server for SP3
2025-08-12 14:06:43,574 - INFO - Successfully posted data to server for EB INCOMER
2025-08-12 14:06:43,721 - INFO - Successfully posted data to server for SP3
2025-08-12 14:06:59,072 - INFO - Successfully posted data to server for EB INCOMER
2025-08-12 14:06:59,120 - INFO - Successfully posted data to server for SP3
2025-08-12 14:07:16,436 - INFO - Successfully posted data to server for EB INCOMER
2025-08-12 14:07:16,490 - INFO - Successfully posted data to server for SP3
2025-08-12 14:07:30,757 - INFO - Successfully posted data to server for EB INCOMER
2025-08-12 14:07:30,842 - INFO - Successfully posted data to server for SP3
2025-08-12 14:07:48,180 - INFO - Successfully posted data to server for EB INCOMER
2025-08-12 14:07:48,228 - INFO - Successfully posted data to server for SP3
2025-08-12 14:08:03,548 - INFO - Successfully posted data to server for EB INCOMER
2025-08-12 14:08:03,605 - INFO - Successfully posted data to server for SP3
2025-08-12 14:08:19,915 - INFO - Successfully posted data to server for EB INCOMER
2025-08-12 14:08:19,960 - INFO - Successfully posted data to server for SP3
2025-08-12 14:08:35,281 - INFO - Successfully posted data to server for EB INCOMER
2025-08-12 14:08:35,542 - INFO - Successfully posted data to server for SP3
2025-08-12 14:08:51,639 - INFO - Successfully posted data to server for EB INCOMER
2025-08-12 14:08:51,690 - INFO - Successfully posted data to server for SP3
2025-08-12 14:09:07,153 - INFO - Successfully posted data to server for EB INCOMER
2025-08-12 14:09:07,194 - INFO - Successfully posted data to server for SP3
2025-08-12 14:09:23,295 - INFO - Successfully posted data to server for EB INCOMER
2025-08-12 14:09:23,345 - INFO - Successfully posted data to server for SP3
2025-08-12 14:09:38,854 - INFO - Successfully posted data to server for EB INCOMER
2025-08-12 14:09:38,910 - INFO - Successfully posted data to server for SP3
2025-08-12 14:09:55,094 - INFO - Successfully posted data to server for EB INCOMER
2025-08-12 14:09:55,179 - INFO - Successfully posted data to server for SP3
2025-08-12 14:10:10,510 - INFO - Successfully posted data to server for EB INCOMER
2025-08-12 14:10:10,580 - INFO - Successfully posted data to server for SP3
2025-08-12 14:10:26,906 - INFO - Successfully posted data to server for EB INCOMER
2025-08-12 14:10:26,976 - INFO - Successfully posted data to server for SP3
2025-08-12 14:10:42,866 - INFO - Successfully posted data to server for EB INCOMER
2025-08-12 14:10:42,925 - INFO - Successfully posted data to server for SP3
2025-08-12 14:10:58,226 - INFO - Successfully posted data to server for EB INCOMER
2025-08-12 14:10:58,271 - INFO - Successfully posted data to server for SP3
2025-08-12 14:11:14,605 - INFO - Successfully posted data to server for EB INCOMER
2025-08-12 14:11:14,657 - INFO - Successfully posted data to server for SP3
2025-08-12 14:11:29,433 - INFO - Successfully posted data to server for EB INCOMER
2025-08-12 14:11:29,485 - INFO - Successfully posted data to server for SP3
2025-08-12 14:11:46,349 - INFO - Successfully posted data to server for EB INCOMER
2025-08-12 14:11:46,398 - INFO - Successfully posted data to server for SP3
2025-08-12 14:12:01,760 - INFO - Successfully posted data to server for EB INCOMER
2025-08-12 14:12:01,898 - INFO - Successfully posted data to server for SP3
2025-08-12 14:12:18,098 - INFO - Successfully posted data to server for EB INCOMER
2025-08-12 14:12:18,154 - INFO - Successfully posted data to server for SP3
2025-08-12 14:12:33,671 - INFO - Successfully posted data to server for EB INCOMER
2025-08-12 14:12:33,725 - INFO - Successfully posted data to server for SP3
2025-08-12 14:12:49,843 - INFO - Successfully posted data to server for EB INCOMER
2025-08-12 14:12:49,909 - INFO - Successfully posted data to server for SP3
2025-08-12 14:13:05,511 - INFO - Successfully posted data to server for EB INCOMER
2025-08-12 14:13:05,562 - INFO - Successfully posted data to server for SP3
2025-08-12 14:13:22,621 - INFO - Successfully posted data to server for EB INCOMER
2025-08-12 14:13:22,671 - INFO - Successfully posted data to server for SP3
2025-08-12 14:13:37,351 - INFO - Successfully posted data to server for EB INCOMER
2025-08-12 14:13:37,392 - INFO - Successfully posted data to server for SP3
2025-08-12 14:13:55,186 - INFO - Successfully posted data to server for EB INCOMER
2025-08-12 14:13:55,240 - INFO - Successfully posted data to server for SP3
2025-08-12 14:14:09,072 - INFO - Successfully posted data to server for EB INCOMER
2025-08-12 14:14:09,144 - INFO - Successfully posted data to server for SP3
2025-08-12 14:14:26,906 - INFO - Successfully posted data to server for EB INCOMER
2025-08-12 14:14:26,976 - INFO - Successfully posted data to server for SP3
2025-08-12 14:14:42,231 - INFO - Successfully posted data to server for EB INCOMER
2025-08-12 14:14:42,273 - INFO - Successfully posted data to server for SP3
2025-08-12 14:14:58,734 - INFO - Successfully posted data to server for EB INCOMER
2025-08-12 14:14:58,781 - INFO - Successfully posted data to server for SP3
2025-08-12 14:15:13,817 - INFO - Successfully posted data to server for EB INCOMER
2025-08-12 14:15:14,083 - INFO - Successfully posted data to server for SP3
2025-08-12 14:15:30,552 - INFO - Successfully posted data to server for EB INCOMER
2025-08-12 14:15:30,639 - INFO - Successfully posted data to server for SP3
2025-08-12 14:15:45,771 - INFO - Successfully posted data to server for EB INCOMER
2025-08-12 14:15:45,829 - INFO - Successfully posted data to server for SP3
2025-08-12 14:16:02,382 - INFO - Successfully posted data to server for EB INCOMER
2025-08-12 14:16:02,446 - INFO - Successfully posted data to server for SP3
2025-08-12 14:16:17,427 - INFO - Successfully posted data to server for EB INCOMER
2025-08-12 14:16:17,470 - INFO - Successfully posted data to server for SP3
2025-08-12 14:16:34,951 - INFO - Successfully posted data to server for EB INCOMER
2025-08-12 14:16:35,012 - INFO - Successfully posted data to server for SP3
2025-08-12 14:16:49,270 - INFO - Successfully posted data to server for EB INCOMER
2025-08-12 14:16:49,314 - INFO - Successfully posted data to server for SP3
2025-08-12 14:17:06,866 - INFO - Successfully posted data to server for EB INCOMER
2025-08-12 14:17:06,923 - INFO - Successfully posted data to server for SP3
2025-08-12 14:17:21,032 - INFO - Successfully posted data to server for EB INCOMER
2025-08-12 14:17:21,674 - INFO - Successfully posted data to server for SP3
2025-08-12 14:17:38,616 - INFO - Successfully posted data to server for EB INCOMER
2025-08-12 14:17:38,691 - INFO - Successfully posted data to server for SP3
2025-08-12 14:17:53,387 - INFO - Successfully posted data to server for EB INCOMER
2025-08-12 14:17:53,452 - INFO - Successfully posted data to server for SP3
2025-08-12 14:18:10,365 - INFO - Successfully posted data to server for EB INCOMER
2025-08-12 14:18:10,425 - INFO - Successfully posted data to server for SP3
2025-08-12 14:18:25,110 - INFO - Successfully posted data to server for EB INCOMER
2025-08-12 14:18:25,185 - INFO - Successfully posted data to server for SP3
2025-08-12 14:18:42,109 - INFO - Successfully posted data to server for EB INCOMER
2025-08-12 14:18:42,169 - INFO - Successfully posted data to server for SP3
2025-08-12 14:18:56,827 - INFO - Successfully posted data to server for EB INCOMER
2025-08-12 14:18:56,884 - INFO - Successfully posted data to server for SP3
2025-08-12 14:19:13,138 - INFO - Successfully posted data to server for EB INCOMER
2025-08-12 14:19:13,223 - INFO - Successfully posted data to server for SP3
2025-08-12 14:19:28,488 - INFO - Successfully posted data to server for EB INCOMER
2025-08-12 14:19:28,548 - INFO - Successfully posted data to server for SP3
2025-08-12 14:19:44,984 - INFO - Successfully posted data to server for EB INCOMER
2025-08-12 14:19:45,039 - INFO - Successfully posted data to server for SP3
2025-08-12 14:20:00,853 - INFO - Successfully posted data to server for EB INCOMER
2025-08-12 14:20:00,912 - INFO - Successfully posted data to server for SP3
2025-08-12 14:20:16,728 - INFO - Successfully posted data to server for EB INCOMER
2025-08-12 14:20:16,807 - INFO - Successfully posted data to server for SP3
2025-08-12 14:20:32,294 - INFO - Successfully posted data to server for EB INCOMER
2025-08-12 14:20:32,378 - INFO - Successfully posted data to server for SP3
2025-08-12 14:20:48,056 - INFO - Successfully posted data to server for EB INCOMER
2025-08-12 14:20:48,112 - INFO - Successfully posted data to server for SP3
2025-08-12 14:21:03,620 - INFO - Successfully posted data to server for EB INCOMER
2025-08-12 14:21:03,683 - INFO - Successfully posted data to server for SP3
2025-08-12 14:21:19,780 - INFO - Successfully posted data to server for EB INCOMER
2025-08-12 14:21:19,840 - INFO - Successfully posted data to server for SP3
2025-08-12 14:21:35,376 - INFO - Successfully posted data to server for EB INCOMER
2025-08-12 14:21:35,443 - INFO - Successfully posted data to server for SP3
2025-08-12 14:21:51,834 - INFO - Successfully posted data to server for EB INCOMER
2025-08-12 14:21:51,887 - INFO - Successfully posted data to server for SP3
2025-08-12 14:22:07,110 - INFO - Successfully posted data to server for EB INCOMER
2025-08-12 14:22:07,183 - INFO - Successfully posted data to server for SP3
2025-08-12 14:22:23,693 - INFO - Successfully posted data to server for EB INCOMER
2025-08-12 14:22:23,751 - INFO - Successfully posted data to server for SP3
2025-08-12 14:22:38,849 - INFO - Successfully posted data to server for EB INCOMER
2025-08-12 14:22:38,901 - INFO - Successfully posted data to server for SP3
2025-08-12 14:22:55,447 - INFO - Successfully posted data to server for EB INCOMER
2025-08-12 14:22:55,496 - INFO - Successfully posted data to server for SP3
2025-08-12 14:23:09,357 - INFO - Successfully posted data to server for EB INCOMER
2025-08-12 14:23:09,417 - INFO - Successfully posted data to server for SP3
2025-08-12 14:23:27,170 - INFO - Successfully posted data to server for EB INCOMER
2025-08-12 14:23:27,223 - INFO - Successfully posted data to server for SP3
2025-08-12 14:23:41,100 - INFO - Successfully posted data to server for EB INCOMER
2025-08-12 14:23:41,154 - INFO - Successfully posted data to server for SP3
2025-08-12 14:23:58,812 - INFO - Successfully posted data to server for EB INCOMER
2025-08-12 14:23:58,866 - INFO - Successfully posted data to server for SP3
2025-08-12 14:24:29,437 - INFO - Successfully posted data to server for EB INCOMER
2025-08-12 14:24:29,493 - INFO - Successfully posted data to server for SP3
2025-08-12 14:24:41,631 - INFO - Successfully posted data to server for EB INCOMER
2025-08-12 14:24:41,677 - INFO - Successfully posted data to server for SP3
2025-08-12 14:25:01,200 - INFO - Successfully posted data to server for EB INCOMER
2025-08-12 14:25:01,258 - INFO - Successfully posted data to server for SP3
2025-08-12 14:25:13,474 - INFO - Successfully posted data to server for EB INCOMER
2025-08-12 14:25:13,528 - INFO - Successfully posted data to server for SP3
2025-08-12 14:25:32,928 - INFO - Successfully posted data to server for EB INCOMER
2025-08-12 14:25:32,990 - INFO - Successfully posted data to server for SP3
2025-08-12 14:25:45,200 - INFO - Successfully posted data to server for EB INCOMER
2025-08-12 14:25:45,279 - INFO - Successfully posted data to server for SP3
2025-08-12 14:26:04,260 - INFO - Successfully posted data to server for EB INCOMER
2025-08-12 14:26:04,321 - INFO - Successfully posted data to server for SP3
2025-08-12 14:26:16,957 - INFO - Successfully posted data to server for EB INCOMER
2025-08-12 14:26:17,032 - INFO - Successfully posted data to server for SP3
2025-08-12 14:26:35,584 - INFO - Successfully posted data to server for EB INCOMER
2025-08-12 14:26:35,640 - INFO - Successfully posted data to server for SP3
2025-08-12 14:26:49,320 - INFO - Successfully posted data to server for EB INCOMER
2025-08-12 14:26:49,363 - INFO - Successfully posted data to server for SP3
2025-08-12 14:27:07,336 - INFO - Successfully posted data to server for EB INCOMER
2025-08-12 14:27:07,417 - INFO - Successfully posted data to server for SP3
2025-08-12 14:27:21,698 - INFO - Successfully posted data to server for EB INCOMER
2025-08-12 14:27:21,762 - INFO - Successfully posted data to server for SP3
2025-08-12 14:27:39,083 - INFO - Successfully posted data to server for EB INCOMER
2025-08-12 14:27:39,176 - INFO - Successfully posted data to server for SP3
2025-08-12 14:27:54,859 - INFO - Successfully posted data to server for EB INCOMER
2025-08-12 14:27:54,913 - INFO - Successfully posted data to server for SP3
2025-08-12 14:28:10,878 - INFO - Successfully posted data to server for EB INCOMER
2025-08-12 14:28:10,939 - INFO - Successfully posted data to server for SP3
2025-08-12 14:28:26,276 - INFO - Successfully posted data to server for EB INCOMER
2025-08-12 14:28:26,322 - INFO - Successfully posted data to server for SP3
2025-08-12 14:28:42,669 - INFO - Successfully posted data to server for EB INCOMER
2025-08-12 14:28:42,718 - INFO - Successfully posted data to server for SP3
2025-08-12 14:28:58,049 - INFO - Successfully posted data to server for EB INCOMER
2025-08-12 14:28:58,102 - INFO - Successfully posted data to server for SP3
2025-08-12 14:29:13,420 - INFO - Successfully posted data to server for EB INCOMER
2025-08-12 14:29:13,462 - INFO - Successfully posted data to server for SP3
2025-08-12 14:29:29,823 - INFO - Successfully posted data to server for EB INCOMER
2025-08-12 14:29:29,877 - INFO - Successfully posted data to server for SP3
2025-08-12 14:29:45,176 - INFO - Successfully posted data to server for EB INCOMER
2025-08-12 14:29:45,235 - INFO - Successfully posted data to server for SP3
2025-08-12 14:30:01,582 - INFO - Successfully posted data to server for EB INCOMER
2025-08-12 14:30:01,650 - INFO - Successfully posted data to server for SP3
2025-08-12 14:30:16,930 - INFO - Successfully posted data to server for EB INCOMER
2025-08-12 14:30:16,989 - INFO - Successfully posted data to server for SP3
2025-08-12 14:30:33,293 - INFO - Successfully posted data to server for EB INCOMER
2025-08-12 14:30:33,341 - INFO - Successfully posted data to server for SP3
2025-08-12 14:30:48,652 - INFO - Successfully posted data to server for EB INCOMER
2025-08-12 14:30:48,725 - INFO - Successfully posted data to server for SP3
2025-08-12 14:31:04,818 - INFO - Successfully posted data to server for EB INCOMER
2025-08-12 14:31:04,868 - INFO - Successfully posted data to server for SP3
2025-08-12 14:31:20,386 - INFO - Successfully posted data to server for EB INCOMER
2025-08-12 14:31:20,438 - INFO - Successfully posted data to server for SP3
2025-08-12 14:31:36,582 - INFO - Successfully posted data to server for EB INCOMER
2025-08-12 14:31:36,640 - INFO - Successfully posted data to server for SP3
2025-08-12 14:31:51,937 - INFO - Successfully posted data to server for EB INCOMER
2025-08-12 14:31:51,997 - INFO - Successfully posted data to server for SP3
2025-08-12 14:32:08,332 - INFO - Successfully posted data to server for EB INCOMER
2025-08-12 14:32:08,387 - INFO - Successfully posted data to server for SP3
2025-08-12 14:32:23,685 - INFO - Successfully posted data to server for EB INCOMER
2025-08-12 14:32:23,753 - INFO - Successfully posted data to server for SP3
2025-08-12 14:32:40,063 - INFO - Successfully posted data to server for EB INCOMER
2025-08-12 14:32:40,109 - INFO - Successfully posted data to server for SP3
2025-08-12 14:32:55,429 - INFO - Successfully posted data to server for EB INCOMER
2025-08-12 14:32:55,491 - INFO - Successfully posted data to server for SP3
2025-08-12 14:33:15,724 - INFO - Successfully posted data to server for EB INCOMER
2025-08-12 14:33:15,803 - INFO - Successfully posted data to server for SP3
2025-08-12 14:33:27,152 - INFO - Successfully posted data to server for EB INCOMER
2025-08-12 14:33:27,204 - INFO - Successfully posted data to server for SP3
2025-08-12 14:33:46,415 - INFO - Successfully posted data to server for EB INCOMER
2025-08-12 14:33:46,469 - INFO - Successfully posted data to server for SP3
2025-08-12 14:33:59,242 - INFO - Successfully posted data to server for EB INCOMER
2025-08-12 14:33:59,313 - INFO - Successfully posted data to server for SP3
2025-08-12 14:34:18,150 - INFO - Successfully posted data to server for EB INCOMER
2025-08-12 14:34:18,202 - INFO - Successfully posted data to server for SP3
2025-08-12 14:34:30,956 - INFO - Successfully posted data to server for EB INCOMER
2025-08-12 14:34:31,010 - INFO - Successfully posted data to server for SP3
2025-08-12 14:34:49,919 - INFO - Successfully posted data to server for EB INCOMER
2025-08-12 14:34:49,984 - INFO - Successfully posted data to server for SP3
2025-08-12 14:35:02,810 - INFO - Successfully posted data to server for EB INCOMER
2025-08-12 14:35:02,856 - INFO - Successfully posted data to server for SP3
2025-08-12 14:35:21,708 - INFO - Successfully posted data to server for EB INCOMER
2025-08-12 14:35:21,766 - INFO - Successfully posted data to server for SP3
2025-08-12 14:35:34,558 - INFO - Successfully posted data to server for EB INCOMER
2025-08-12 14:35:34,624 - INFO - Successfully posted data to server for SP3
2025-08-12 14:35:53,622 - INFO - Successfully posted data to server for EB INCOMER
2025-08-12 14:35:53,695 - INFO - Successfully posted data to server for SP3
2025-08-12 14:36:05,760 - INFO - Successfully posted data to server for EB INCOMER
2025-08-12 14:36:05,814 - INFO - Successfully posted data to server for SP3
2025-08-12 14:36:25,146 - INFO - Successfully posted data to server for EB INCOMER
2025-08-12 14:36:25,218 - INFO - Successfully posted data to server for SP3
2025-08-12 14:36:37,641 - INFO - Successfully posted data to server for EB INCOMER
2025-08-12 14:36:37,713 - INFO - Successfully posted data to server for SP3
2025-08-12 14:36:56,838 - INFO - Successfully posted data to server for EB INCOMER
2025-08-12 14:36:56,949 - INFO - Successfully posted data to server for SP3
2025-08-12 14:37:08,978 - INFO - Successfully posted data to server for EB INCOMER
2025-08-12 14:37:09,037 - INFO - Successfully posted data to server for SP3
2025-08-12 14:37:28,667 - INFO - Successfully posted data to server for EB INCOMER
2025-08-12 14:37:28,743 - INFO - Successfully posted data to server for SP3
2025-08-12 14:37:40,134 - INFO - Successfully posted data to server for EB INCOMER
2025-08-12 14:37:40,183 - INFO - Successfully posted data to server for SP3
2025-08-12 14:38:00,407 - INFO - Successfully posted data to server for EB INCOMER
2025-08-12 14:38:00,460 - INFO - Successfully posted data to server for SP3
2025-08-12 14:38:11,897 - INFO - Successfully posted data to server for EB INCOMER
2025-08-12 14:38:11,982 - INFO - Successfully posted data to server for SP3
2025-08-12 14:38:31,252 - INFO - Successfully posted data to server for EB INCOMER
2025-08-12 14:38:31,340 - INFO - Successfully posted data to server for SP3
2025-08-12 14:38:43,440 - INFO - Successfully posted data to server for EB INCOMER
2025-08-12 14:38:43,507 - INFO - Successfully posted data to server for SP3
2025-08-12 14:39:02,995 - INFO - Successfully posted data to server for EB INCOMER
2025-08-12 14:39:03,082 - INFO - Successfully posted data to server for SP3
2025-08-12 14:39:15,204 - INFO - Successfully posted data to server for EB INCOMER
2025-08-12 14:39:15,278 - INFO - Successfully posted data to server for SP3
2025-08-12 14:39:34,888 - INFO - Successfully posted data to server for EB INCOMER
2025-08-12 14:39:34,946 - INFO - Successfully posted data to server for SP3
2025-08-12 14:39:47,087 - INFO - Successfully posted data to server for EB INCOMER
2025-08-12 14:39:47,167 - INFO - Successfully posted data to server for SP3
2025-08-12 14:40:10,425 - INFO - Successfully posted data to server for EB INCOMER
2025-08-12 14:40:10,527 - INFO - Successfully posted data to server for SP3
2025-08-12 14:40:18,809 - INFO - Successfully posted data to server for EB INCOMER
2025-08-12 14:40:19,018 - INFO - Successfully posted data to server for SP3
2025-08-12 14:40:41,846 - INFO - Successfully posted data to server for EB INCOMER
2025-08-12 14:40:41,907 - INFO - Successfully posted data to server for SP3
2025-08-12 14:40:50,622 - INFO - Successfully posted data to server for EB INCOMER
2025-08-12 14:40:50,677 - INFO - Successfully posted data to server for SP3
2025-08-12 14:41:21,012 - INFO - Successfully posted data to server for EB INCOMER
2025-08-12 14:41:21,106 - INFO - Successfully posted data to server for SP3
2025-08-12 14:41:22,329 - INFO - Successfully posted data to server for EB INCOMER
2025-08-12 14:41:22,434 - INFO - Successfully posted data to server for SP3
2025-08-12 14:41:52,668 - INFO - Successfully posted data to server for EB INCOMER
2025-08-12 14:41:52,717 - INFO - Successfully posted data to server for SP3
2025-08-12 14:41:53,586 - INFO - Successfully posted data to server for EB INCOMER
2025-08-12 14:41:53,683 - INFO - Successfully posted data to server for SP3
2025-08-12 14:42:23,842 - INFO - Successfully posted data to server for EB INCOMER
2025-08-12 14:42:23,904 - INFO - Successfully posted data to server for SP3
2025-08-12 14:42:25,909 - INFO - Successfully posted data to server for EB INCOMER
2025-08-12 14:42:25,995 - INFO - Successfully posted data to server for SP3
2025-08-12 14:42:55,608 - INFO - Successfully posted data to server for EB INCOMER
2025-08-12 14:42:55,700 - INFO - Successfully posted data to server for SP3
2025-08-12 14:42:57,610 - INFO - Successfully posted data to server for EB INCOMER
2025-08-12 14:42:57,669 - INFO - Successfully posted data to server for SP3
2025-08-12 14:43:27,543 - INFO - Successfully posted data to server for EB INCOMER
2025-08-12 14:43:27,611 - INFO - Successfully posted data to server for SP3
2025-08-12 14:43:29,396 - INFO - Successfully posted data to server for EB INCOMER
2025-08-12 14:43:29,455 - INFO - Successfully posted data to server for SP3
2025-08-12 14:43:58,682 - INFO - Successfully posted data to server for EB INCOMER
2025-08-12 14:43:58,742 - INFO - Successfully posted data to server for SP3
2025-08-12 14:44:01,763 - INFO - Successfully posted data to server for EB INCOMER
2025-08-12 14:44:01,820 - INFO - Successfully posted data to server for SP3
2025-08-12 14:44:30,459 - INFO - Successfully posted data to server for EB INCOMER
2025-08-12 14:44:30,525 - INFO - Successfully posted data to server for SP3
2025-08-12 14:44:33,341 - INFO - Successfully posted data to server for EB INCOMER
2025-08-12 14:44:33,398 - INFO - Successfully posted data to server for SP3
2025-08-12 14:45:01,808 - INFO - Successfully posted data to server for EB INCOMER
2025-08-12 14:45:01,871 - INFO - Successfully posted data to server for SP3
2025-08-12 14:45:05,253 - INFO - Successfully posted data to server for EB INCOMER
2025-08-12 14:45:05,307 - INFO - Successfully posted data to server for SP3
2025-08-12 14:45:33,704 - INFO - Successfully posted data to server for EB INCOMER
2025-08-12 14:45:33,800 - INFO - Successfully posted data to server for SP3
2025-08-12 14:45:36,959 - INFO - Successfully posted data to server for EB INCOMER
2025-08-12 14:45:37,007 - INFO - Successfully posted data to server for SP3
2025-08-12 14:46:04,803 - INFO - Successfully posted data to server for EB INCOMER
2025-08-12 14:46:04,858 - INFO - Successfully posted data to server for SP3
2025-08-12 14:46:08,714 - INFO - Successfully posted data to server for EB INCOMER
2025-08-12 14:46:08,776 - INFO - Successfully posted data to server for SP3
2025-08-12 14:46:36,619 - INFO - Successfully posted data to server for EB INCOMER
2025-08-12 14:46:36,695 - INFO - Successfully posted data to server for SP3
2025-08-12 14:46:39,831 - INFO - Successfully posted data to server for EB INCOMER
2025-08-12 14:46:39,881 - INFO - Successfully posted data to server for SP3
2025-08-12 14:47:08,569 - INFO - Successfully posted data to server for EB INCOMER
2025-08-12 14:47:08,684 - INFO - Successfully posted data to server for SP3
2025-08-12 14:47:12,171 - INFO - Successfully posted data to server for EB INCOMER
2025-08-12 14:47:12,248 - INFO - Successfully posted data to server for SP3
2025-08-12 14:47:43,940 - INFO - Successfully posted data to server for EB INCOMER
2025-08-12 14:47:44,018 - INFO - Successfully posted data to server for SP3
2025-08-12 14:47:44,756 - INFO - Successfully posted data to server for EB INCOMER
2025-08-12 14:47:44,824 - INFO - Successfully posted data to server for SP3
2025-08-12 14:48:15,048 - INFO - Successfully posted data to server for EB INCOMER
2025-08-12 14:48:15,119 - INFO - Successfully posted data to server for SP3
2025-08-12 14:48:16,975 - INFO - Successfully posted data to server for EB INCOMER
2025-08-12 14:48:17,022 - INFO - Successfully posted data to server for SP3
2025-08-12 14:48:46,810 - INFO - Successfully posted data to server for EB INCOMER
2025-08-12 14:48:46,905 - INFO - Successfully posted data to server for SP3
2025-08-12 14:48:48,831 - INFO - Successfully posted data to server for EB INCOMER
2025-08-12 14:48:48,886 - INFO - Successfully posted data to server for SP3
2025-08-12 14:49:19,416 - INFO - Successfully posted data to server for EB INCOMER
2025-08-12 14:49:19,488 - INFO - Successfully posted data to server for SP3
2025-08-12 14:49:21,586 - INFO - Successfully posted data to server for EB INCOMER
2025-08-12 14:49:21,648 - INFO - Successfully posted data to server for SP3
2025-08-12 14:49:51,396 - INFO - Successfully posted data to server for EB INCOMER
2025-08-12 14:49:51,548 - INFO - Successfully posted data to server for SP3
2025-08-12 14:49:54,842 - INFO - Successfully posted data to server for EB INCOMER
2025-08-12 14:49:54,969 - INFO - Successfully posted data to server for SP3
2025-08-12 14:50:23,181 - INFO - Successfully posted data to server for EB INCOMER
2025-08-12 14:50:23,392 - INFO - Successfully posted data to server for SP3
2025-08-12 14:50:26,947 - INFO - Successfully posted data to server for EB INCOMER
2025-08-12 14:50:27,028 - INFO - Successfully posted data to server for SP3
2025-08-12 14:50:55,800 - INFO - Successfully posted data to server for EB INCOMER
2025-08-12 14:50:55,879 - INFO - Successfully posted data to server for SP3
2025-08-12 14:50:58,897 - INFO - Successfully posted data to server for EB INCOMER
2025-08-12 14:50:58,968 - INFO - Successfully posted data to server for SP3
2025-08-12 14:51:27,541 - INFO - Successfully posted data to server for EB INCOMER
2025-08-12 14:51:27,611 - INFO - Successfully posted data to server for SP3
2025-08-12 14:51:30,633 - INFO - Successfully posted data to server for EB INCOMER
2025-08-12 14:51:30,726 - INFO - Successfully posted data to server for SP3
2025-08-12 14:51:59,237 - INFO - Successfully posted data to server for EB INCOMER
2025-08-12 14:51:59,298 - INFO - Successfully posted data to server for SP3
2025-08-12 14:52:02,460 - INFO - Successfully posted data to server for EB INCOMER
2025-08-12 14:52:02,519 - INFO - Successfully posted data to server for SP3
2025-08-12 14:52:30,921 - INFO - Successfully posted data to server for EB INCOMER
2025-08-12 14:52:30,978 - INFO - Successfully posted data to server for SP3
2025-08-12 14:52:34,316 - INFO - Successfully posted data to server for EB INCOMER
2025-08-12 14:52:34,382 - INFO - Successfully posted data to server for SP3
2025-08-12 14:53:02,457 - INFO - Successfully posted data to server for EB INCOMER
2025-08-12 14:53:02,528 - INFO - Successfully posted data to server for SP3
2025-08-12 14:53:06,095 - INFO - Successfully posted data to server for EB INCOMER
2025-08-12 14:53:06,197 - INFO - Successfully posted data to server for SP3
2025-08-12 14:53:49,049 - INFO - Successfully posted data to server for EB INCOMER
2025-08-12 14:53:49,100 - INFO - Successfully posted data to server for SP3
2025-08-12 14:53:52,331 - INFO - Successfully posted data to server for EB INCOMER
2025-08-12 14:53:52,420 - INFO - Successfully posted data to server for SP3
2025-08-12 16:38:23,176 - INFO - Starting dashboard DB version...
2025-08-12 16:38:23,179 - WARNING - Port /dev/ttyUSB0 not found, will use default value -1 for all readings.
2025-08-12 16:38:23,182 - INFO - Location 'SP3 PH': 2 devices, CSV: /home/pi/Downloads/DB_update/simple-meter-dashboard/csv_data/SP3PH.csv
2025-08-12 16:38:23,257 - WARNING - Connection error posting to server (attempt 1/3)
2025-08-12 16:38:25,261 - WARNING - Connection error posting to server (attempt 2/3)
2025-08-12 16:38:27,265 - WARNING - Connection error posting to server (attempt 3/3)
2025-08-12 16:38:27,265 - ERROR - Failed to post data to server after 3 attempts
2025-08-12 16:38:27,716 - WARNING - Connection error posting to server (attempt 1/3)
2025-08-12 16:38:29,725 - WARNING - Connection error posting to server (attempt 2/3)
2025-08-12 16:38:31,211 - INFO - Dashboard stopped by user.
