2025-08-18 21:18:02,583 - INFO - 🔗 Connecting to PostgreSQL: mfmuser@172.20.10.3:5432/mfmdb
2025-08-18 21:18:02,596 - INFO - ✅ dcms_pi_setup table ready
2025-08-18 21:18:02,598 - INFO - ✅ Pi registered: Test pi 11
2025-08-18 21:18:02,598 - INFO - ✅ PostgreSQL connection established and table ready
2025-08-18 21:18:02,598 - INFO - 🏷️  Pi registered: Test pi 11 (172.20.10.2) in KONDRAI
2025-08-18 21:18:02,598 - INFO - Starting dashboard DB version...
2025-08-18 21:18:02,599 - INFO - Location 'KONDRAI': 1 devices, CSV: /home/isha/deepak/MFM_offline_setup/csv_data/KONDRAI.csv
2025-08-18 21:18:02,599 - INFO - 💾 Inserting data into PostgreSQL for TEST 17.08 (Pi: Test pi 11)
2025-08-18 21:18:02,621 - INFO - 💤 Waiting 30 seconds for next reading cycle...
2025-08-18 21:18:32,624 - INFO - 💾 Inserting data into PostgreSQL for TEST 17.08 (Pi: Test pi 11)
2025-08-18 21:18:32,636 - INFO - 💤 Waiting 30 seconds for next reading cycle...
2025-08-18 21:18:50,837 - INFO - Dashboard stopped by user.
2025-08-18 21:26:05,584 - INFO - 🔗 Connecting to PostgreSQL: mfmuser@172.20.10.3:5432/mfmdb
2025-08-18 21:26:05,611 - INFO - ✅ dcms_pi_setup table ready
2025-08-18 21:26:05,616 - INFO - ✅ Pi registered: Test pi 11
2025-08-18 21:26:05,616 - INFO - ✅ PostgreSQL connection established and table ready
2025-08-18 21:26:05,616 - INFO - 🏷️  Pi registered: Test pi 11 (172.20.10.2) in KONDRAI
2025-08-18 21:26:05,616 - INFO - Starting dashboard DB version...
2025-08-18 21:26:05,617 - INFO - Location 'KONDRAI': 1 devices, CSV: /home/isha/deepak/MFM_offline_setup/csv_data/KONDRAI.csv
2025-08-18 21:26:05,618 - INFO - 💾 Inserting data into PostgreSQL for TEST 17.08 (Pi: Test pi 11)
2025-08-18 21:26:05,646 - INFO - 💤 Waiting 30 seconds for next reading cycle...
2025-08-18 21:26:10,156 - INFO - Dashboard stopped by user.
2025-08-18 21:29:29,185 - INFO - 🔗 Connecting to PostgreSQL: mfmuser@172.20.10.3:5432/mfmdb
2025-08-18 21:29:29,200 - INFO - ✅ dcms_pi_setup table ready
2025-08-18 21:29:29,208 - INFO - ✅ Pi registered: Test pi 11
2025-08-18 21:29:29,209 - INFO - ✅ PostgreSQL connection established and table ready
2025-08-18 21:29:29,209 - INFO - 🏷️  Pi registered: Test pi 11 (172.20.10.2) in KONDRAI
2025-08-18 21:29:29,209 - INFO - Starting dashboard DB version...
2025-08-18 21:29:29,210 - INFO - Location 'KONDRAI': 1 devices, CSV: /home/isha/deepak/MFM_offline_setup/csv_data/KONDRAI.csv
2025-08-18 21:29:29,211 - INFO - 💾 Inserting data into PostgreSQL for TEST 17.08 (Pi: Test pi 11)
2025-08-18 21:29:29,237 - INFO - 💤 Waiting 30 seconds for next reading cycle...
2025-08-18 21:29:30,476 - INFO - Dashboard stopped by user.
