2025-08-11 13:24:19,203 - INFO - Starting dashboard DB version...
2025-08-11 13:24:19,240 - INFO - Connected to /dev/ttyUSB0
2025-08-11 13:24:19,241 - INFO - Location 'SP3 PH': 4 devices, CSV: /home/pi/Downloads/DB_update/simple-meter-dashboard/csv_data/SP3PH.csv
2025-08-11 13:24:23,020 - INFO - Successfully posted data to server for EB INCOMER
2025-08-11 13:24:23,100 - INFO - Successfully posted data to server for SP3
2025-08-11 13:24:23,191 - INFO - Successfully posted data to server for SP4
2025-08-11 13:24:23,273 - INFO - Successfully posted data to server for DG INCOMER
2025-08-11 13:24:56,688 - INFO - Successfully posted data to server for EB INCOMER
2025-08-11 13:24:56,754 - INFO - Successfully posted data to server for SP3
2025-08-11 13:24:56,802 - INFO - Successfully posted data to server for SP4
2025-08-11 13:24:56,883 - INFO - Successfully posted data to server for DG INCOMER
2025-08-11 13:25:30,322 - INFO - Successfully posted data to server for EB INCOMER
2025-08-11 13:25:30,410 - INFO - Successfully posted data to server for SP3
2025-08-11 13:25:30,509 - INFO - Successfully posted data to server for SP4
2025-08-11 13:25:30,585 - INFO - Successfully posted data to server for DG INCOMER
2025-08-11 13:25:48,745 - INFO - Dashboard stopped by user.
2025-08-11 13:51:38,495 - INFO - Starting dashboard DB version...
2025-08-11 13:51:38,528 - INFO - Connected to /dev/ttyUSB0
2025-08-11 13:51:38,529 - INFO - Location 'SP3 PH': 4 devices, CSV: /home/pi/Downloads/DB_update/simple-meter-dashboard/csv_data/SP3PH.csv
2025-08-11 13:51:42,330 - INFO - Successfully posted data to server for EB INCOMER
2025-08-11 13:51:42,396 - INFO - Successfully posted data to server for SP3
2025-08-11 13:51:42,458 - INFO - Successfully posted data to server for SP4
2025-08-11 13:51:42,517 - INFO - Successfully posted data to server for DG INCOMER
2025-08-11 13:52:16,175 - INFO - Successfully posted data to server for EB INCOMER
2025-08-11 13:52:16,241 - INFO - Successfully posted data to server for SP3
2025-08-11 13:52:16,307 - INFO - Successfully posted data to server for SP4
2025-08-11 13:52:16,367 - INFO - Successfully posted data to server for DG INCOMER
2025-08-11 13:52:50,097 - INFO - Successfully posted data to server for EB INCOMER
2025-08-11 13:52:50,143 - INFO - Successfully posted data to server for SP3
2025-08-11 13:52:50,190 - INFO - Successfully posted data to server for SP4
2025-08-11 13:52:50,243 - INFO - Successfully posted data to server for DG INCOMER
2025-08-11 13:53:23,894 - INFO - Successfully posted data to server for EB INCOMER
2025-08-11 13:53:23,936 - INFO - Successfully posted data to server for SP3
2025-08-11 13:53:23,990 - INFO - Successfully posted data to server for SP4
2025-08-11 13:53:24,028 - INFO - Successfully posted data to server for DG INCOMER
2025-08-11 13:53:57,683 - INFO - Successfully posted data to server for EB INCOMER
2025-08-11 13:53:57,729 - INFO - Successfully posted data to server for SP3
2025-08-11 13:53:57,813 - INFO - Successfully posted data to server for SP4
2025-08-11 13:53:57,928 - INFO - Successfully posted data to server for DG INCOMER
2025-08-11 13:54:31,675 - INFO - Successfully posted data to server for EB INCOMER
2025-08-11 13:54:31,718 - INFO - Successfully posted data to server for SP3
2025-08-11 13:54:31,764 - INFO - Successfully posted data to server for SP4
2025-08-11 13:54:31,809 - INFO - Successfully posted data to server for DG INCOMER
2025-08-11 13:55:05,557 - INFO - Successfully posted data to server for EB INCOMER
2025-08-11 13:55:05,602 - INFO - Successfully posted data to server for SP3
2025-08-11 13:55:05,657 - INFO - Successfully posted data to server for SP4
2025-08-11 13:55:05,704 - INFO - Successfully posted data to server for DG INCOMER
2025-08-11 13:55:39,473 - INFO - Successfully posted data to server for EB INCOMER
2025-08-11 13:55:39,519 - INFO - Successfully posted data to server for SP3
2025-08-11 13:55:39,574 - INFO - Successfully posted data to server for SP4
2025-08-11 13:55:39,626 - INFO - Successfully posted data to server for DG INCOMER
2025-08-11 13:56:13,297 - INFO - Successfully posted data to server for EB INCOMER
2025-08-11 13:56:13,354 - INFO - Successfully posted data to server for SP3
2025-08-11 13:56:13,400 - INFO - Successfully posted data to server for SP4
2025-08-11 13:56:13,448 - INFO - Successfully posted data to server for DG INCOMER
2025-08-11 13:56:47,261 - INFO - Successfully posted data to server for EB INCOMER
2025-08-11 13:56:47,328 - INFO - Successfully posted data to server for SP3
2025-08-11 13:56:47,398 - INFO - Successfully posted data to server for SP4
2025-08-11 13:56:47,465 - INFO - Successfully posted data to server for DG INCOMER
2025-08-11 13:57:21,254 - INFO - Successfully posted data to server for EB INCOMER
2025-08-11 13:57:21,305 - INFO - Successfully posted data to server for SP3
2025-08-11 13:57:21,368 - INFO - Successfully posted data to server for SP4
2025-08-11 13:57:21,409 - INFO - Successfully posted data to server for DG INCOMER
2025-08-11 13:57:55,259 - INFO - Successfully posted data to server for EB INCOMER
2025-08-11 13:57:55,310 - INFO - Successfully posted data to server for SP3
2025-08-11 13:57:55,406 - INFO - Successfully posted data to server for SP4
2025-08-11 13:57:55,451 - INFO - Successfully posted data to server for DG INCOMER
2025-08-11 13:58:29,567 - INFO - Successfully posted data to server for EB INCOMER
2025-08-11 13:58:29,626 - INFO - Successfully posted data to server for SP3
2025-08-11 13:58:29,672 - INFO - Successfully posted data to server for SP4
2025-08-11 13:58:29,726 - INFO - Successfully posted data to server for DG INCOMER
2025-08-11 13:59:03,455 - INFO - Successfully posted data to server for EB INCOMER
2025-08-11 13:59:03,498 - INFO - Successfully posted data to server for SP3
2025-08-11 13:59:03,543 - INFO - Successfully posted data to server for SP4
2025-08-11 13:59:03,590 - INFO - Successfully posted data to server for DG INCOMER
2025-08-11 13:59:37,351 - INFO - Successfully posted data to server for EB INCOMER
2025-08-11 13:59:37,394 - INFO - Successfully posted data to server for SP3
2025-08-11 13:59:37,475 - INFO - Successfully posted data to server for SP4
2025-08-11 13:59:37,537 - INFO - Successfully posted data to server for DG INCOMER
2025-08-11 14:00:11,886 - INFO - Successfully posted data to server for EB INCOMER
2025-08-11 14:00:11,991 - INFO - Successfully posted data to server for SP3
2025-08-11 14:00:12,041 - INFO - Successfully posted data to server for SP4
2025-08-11 14:00:12,083 - INFO - Successfully posted data to server for DG INCOMER
2025-08-11 14:00:49,348 - INFO - Successfully posted data to server for EB INCOMER
2025-08-11 14:00:49,444 - INFO - Successfully posted data to server for SP3
2025-08-11 14:00:49,500 - INFO - Successfully posted data to server for SP4
2025-08-11 14:00:49,562 - INFO - Successfully posted data to server for DG INCOMER
2025-08-11 14:01:23,326 - INFO - Successfully posted data to server for EB INCOMER
2025-08-11 14:01:23,378 - INFO - Successfully posted data to server for SP3
2025-08-11 14:01:23,427 - INFO - Successfully posted data to server for SP4
2025-08-11 14:01:23,511 - INFO - Successfully posted data to server for DG INCOMER
2025-08-11 14:01:56,811 - INFO - Successfully posted data to server for EB INCOMER
2025-08-11 14:01:56,869 - INFO - Successfully posted data to server for SP3
2025-08-11 14:01:56,914 - INFO - Successfully posted data to server for SP4
2025-08-11 14:01:57,006 - INFO - Successfully posted data to server for DG INCOMER
2025-08-11 14:02:30,717 - INFO - Successfully posted data to server for EB INCOMER
2025-08-11 14:02:30,760 - INFO - Successfully posted data to server for SP3
2025-08-11 14:02:30,816 - INFO - Successfully posted data to server for SP4
2025-08-11 14:02:30,859 - INFO - Successfully posted data to server for DG INCOMER
2025-08-11 14:03:04,804 - INFO - Successfully posted data to server for EB INCOMER
2025-08-11 14:03:04,851 - INFO - Successfully posted data to server for SP3
2025-08-11 14:03:04,939 - INFO - Successfully posted data to server for SP4
2025-08-11 14:03:05,013 - INFO - Successfully posted data to server for DG INCOMER
2025-08-11 14:03:38,724 - INFO - Successfully posted data to server for EB INCOMER
2025-08-11 14:03:38,769 - INFO - Successfully posted data to server for SP3
2025-08-11 14:03:38,813 - INFO - Successfully posted data to server for SP4
2025-08-11 14:03:38,863 - INFO - Successfully posted data to server for DG INCOMER
2025-08-11 14:04:12,525 - INFO - Successfully posted data to server for EB INCOMER
2025-08-11 14:04:12,584 - INFO - Successfully posted data to server for SP3
2025-08-11 14:04:12,632 - INFO - Successfully posted data to server for SP4
2025-08-11 14:04:12,683 - INFO - Successfully posted data to server for DG INCOMER
2025-08-11 14:04:46,504 - INFO - Successfully posted data to server for EB INCOMER
2025-08-11 14:04:46,631 - INFO - Successfully posted data to server for SP3
2025-08-11 14:04:46,717 - INFO - Successfully posted data to server for SP4
2025-08-11 14:04:46,786 - INFO - Successfully posted data to server for DG INCOMER
2025-08-11 14:05:20,521 - INFO - Successfully posted data to server for EB INCOMER
2025-08-11 14:05:20,631 - INFO - Successfully posted data to server for SP3
2025-08-11 14:05:20,696 - INFO - Successfully posted data to server for SP4
2025-08-11 14:05:20,747 - INFO - Successfully posted data to server for DG INCOMER
2025-08-11 14:05:54,505 - INFO - Successfully posted data to server for EB INCOMER
2025-08-11 14:05:54,579 - INFO - Successfully posted data to server for SP3
2025-08-11 14:05:54,644 - INFO - Successfully posted data to server for SP4
2025-08-11 14:05:54,695 - INFO - Successfully posted data to server for DG INCOMER
2025-08-11 14:06:28,506 - INFO - Successfully posted data to server for EB INCOMER
2025-08-11 14:06:28,569 - INFO - Successfully posted data to server for SP3
2025-08-11 14:06:28,621 - INFO - Successfully posted data to server for SP4
2025-08-11 14:06:28,675 - INFO - Successfully posted data to server for DG INCOMER
2025-08-11 14:07:02,501 - INFO - Successfully posted data to server for EB INCOMER
2025-08-11 14:07:02,548 - INFO - Successfully posted data to server for SP3
2025-08-11 14:07:02,593 - INFO - Successfully posted data to server for SP4
2025-08-11 14:07:02,641 - INFO - Successfully posted data to server for DG INCOMER
2025-08-11 14:07:36,493 - INFO - Successfully posted data to server for EB INCOMER
2025-08-11 14:07:36,543 - INFO - Successfully posted data to server for SP3
2025-08-11 14:07:36,585 - INFO - Successfully posted data to server for SP4
2025-08-11 14:07:36,667 - INFO - Successfully posted data to server for DG INCOMER
2025-08-11 14:08:10,491 - INFO - Successfully posted data to server for EB INCOMER
2025-08-11 14:08:10,583 - INFO - Successfully posted data to server for SP3
2025-08-11 14:08:10,710 - INFO - Successfully posted data to server for SP4
2025-08-11 14:08:10,810 - INFO - Successfully posted data to server for DG INCOMER
2025-08-11 14:08:44,690 - INFO - Successfully posted data to server for EB INCOMER
2025-08-11 14:08:44,736 - INFO - Successfully posted data to server for SP3
2025-08-11 14:08:44,789 - INFO - Successfully posted data to server for SP4
2025-08-11 14:08:44,861 - INFO - Successfully posted data to server for DG INCOMER
2025-08-11 14:09:18,692 - INFO - Successfully posted data to server for EB INCOMER
2025-08-11 14:09:18,782 - INFO - Successfully posted data to server for SP3
2025-08-11 14:09:18,875 - INFO - Successfully posted data to server for SP4
2025-08-11 14:09:18,929 - INFO - Successfully posted data to server for DG INCOMER
2025-08-11 14:09:52,611 - INFO - Successfully posted data to server for EB INCOMER
2025-08-11 14:09:52,672 - INFO - Successfully posted data to server for SP3
2025-08-11 14:09:52,722 - INFO - Successfully posted data to server for SP4
2025-08-11 14:09:52,773 - INFO - Successfully posted data to server for DG INCOMER
2025-08-11 14:10:26,585 - INFO - Successfully posted data to server for EB INCOMER
2025-08-11 14:10:26,669 - INFO - Successfully posted data to server for SP3
2025-08-11 14:10:26,955 - INFO - Successfully posted data to server for SP4
2025-08-11 14:10:27,090 - INFO - Successfully posted data to server for DG INCOMER
2025-08-11 14:11:00,941 - INFO - Successfully posted data to server for EB INCOMER
2025-08-11 14:11:00,985 - INFO - Successfully posted data to server for SP3
2025-08-11 14:11:01,049 - INFO - Successfully posted data to server for SP4
2025-08-11 14:11:01,110 - INFO - Successfully posted data to server for DG INCOMER
2025-08-11 14:11:49,233 - INFO - Successfully posted data to server for EB INCOMER
2025-08-11 14:11:49,306 - INFO - Successfully posted data to server for SP3
2025-08-11 14:11:49,396 - INFO - Successfully posted data to server for SP4
2025-08-11 14:11:49,442 - INFO - Successfully posted data to server for DG INCOMER
2025-08-11 14:12:23,265 - INFO - Successfully posted data to server for EB INCOMER
2025-08-11 14:12:23,315 - INFO - Successfully posted data to server for SP3
2025-08-11 14:12:23,361 - INFO - Successfully posted data to server for SP4
2025-08-11 14:12:23,421 - INFO - Successfully posted data to server for DG INCOMER
2025-08-11 14:12:57,205 - INFO - Successfully posted data to server for EB INCOMER
2025-08-11 14:12:57,279 - INFO - Successfully posted data to server for SP3
2025-08-11 14:12:57,334 - INFO - Successfully posted data to server for SP4
2025-08-11 14:12:57,387 - INFO - Successfully posted data to server for DG INCOMER
2025-08-11 14:13:31,135 - INFO - Successfully posted data to server for EB INCOMER
2025-08-11 14:13:31,218 - INFO - Successfully posted data to server for SP3
2025-08-11 14:13:31,297 - INFO - Successfully posted data to server for SP4
2025-08-11 14:13:31,354 - INFO - Successfully posted data to server for DG INCOMER
2025-08-11 14:14:05,214 - INFO - Successfully posted data to server for EB INCOMER
2025-08-11 14:14:05,271 - INFO - Successfully posted data to server for SP3
2025-08-11 14:14:05,334 - INFO - Successfully posted data to server for SP4
2025-08-11 14:14:05,398 - INFO - Successfully posted data to server for DG INCOMER
2025-08-11 14:14:39,220 - INFO - Successfully posted data to server for EB INCOMER
2025-08-11 14:14:39,284 - INFO - Successfully posted data to server for SP3
2025-08-11 14:14:39,338 - INFO - Successfully posted data to server for SP4
2025-08-11 14:14:39,399 - INFO - Successfully posted data to server for DG INCOMER
2025-08-11 14:15:13,224 - INFO - Successfully posted data to server for EB INCOMER
2025-08-11 14:15:13,279 - INFO - Successfully posted data to server for SP3
2025-08-11 14:15:13,342 - INFO - Successfully posted data to server for SP4
2025-08-11 14:15:13,411 - INFO - Successfully posted data to server for DG INCOMER
2025-08-11 14:15:47,611 - INFO - Successfully posted data to server for EB INCOMER
2025-08-11 14:15:47,663 - INFO - Successfully posted data to server for SP3
2025-08-11 14:15:47,757 - INFO - Successfully posted data to server for SP4
2025-08-11 14:15:47,811 - INFO - Successfully posted data to server for DG INCOMER
2025-08-11 14:16:21,605 - INFO - Successfully posted data to server for EB INCOMER
2025-08-11 14:16:21,645 - INFO - Successfully posted data to server for SP3
2025-08-11 14:16:21,696 - INFO - Successfully posted data to server for SP4
2025-08-11 14:16:21,762 - INFO - Successfully posted data to server for DG INCOMER
2025-08-11 14:16:55,512 - INFO - Successfully posted data to server for EB INCOMER
2025-08-11 14:16:55,567 - INFO - Successfully posted data to server for SP3
2025-08-11 14:16:55,632 - INFO - Successfully posted data to server for SP4
2025-08-11 14:16:55,695 - INFO - Successfully posted data to server for DG INCOMER
2025-08-11 14:17:29,407 - INFO - Successfully posted data to server for EB INCOMER
2025-08-11 14:17:29,464 - INFO - Successfully posted data to server for SP3
2025-08-11 14:17:29,520 - INFO - Successfully posted data to server for SP4
2025-08-11 14:17:29,579 - INFO - Successfully posted data to server for DG INCOMER
2025-08-11 14:18:03,386 - INFO - Successfully posted data to server for EB INCOMER
2025-08-11 14:18:03,435 - INFO - Successfully posted data to server for SP3
2025-08-11 14:18:03,489 - INFO - Successfully posted data to server for SP4
2025-08-11 14:18:03,548 - INFO - Successfully posted data to server for DG INCOMER
2025-08-11 14:18:37,403 - INFO - Successfully posted data to server for EB INCOMER
2025-08-11 14:18:37,464 - INFO - Successfully posted data to server for SP3
2025-08-11 14:18:37,529 - INFO - Successfully posted data to server for SP4
2025-08-11 14:18:37,585 - INFO - Successfully posted data to server for DG INCOMER
2025-08-11 14:19:11,824 - INFO - Successfully posted data to server for EB INCOMER
2025-08-11 14:19:11,870 - INFO - Successfully posted data to server for SP3
2025-08-11 14:19:11,939 - INFO - Successfully posted data to server for SP4
2025-08-11 14:19:12,059 - INFO - Successfully posted data to server for DG INCOMER
2025-08-11 14:19:46,223 - INFO - Successfully posted data to server for EB INCOMER
2025-08-11 14:19:46,296 - INFO - Successfully posted data to server for SP3
2025-08-11 14:19:46,367 - INFO - Successfully posted data to server for SP4
2025-08-11 14:19:46,425 - INFO - Successfully posted data to server for DG INCOMER
2025-08-11 14:20:20,247 - INFO - Successfully posted data to server for EB INCOMER
2025-08-11 14:20:20,322 - INFO - Successfully posted data to server for SP3
2025-08-11 14:20:20,391 - INFO - Successfully posted data to server for SP4
2025-08-11 14:20:20,453 - INFO - Successfully posted data to server for DG INCOMER
2025-08-11 14:20:54,245 - INFO - Successfully posted data to server for EB INCOMER
2025-08-11 14:20:54,326 - INFO - Successfully posted data to server for SP3
2025-08-11 14:20:54,405 - INFO - Successfully posted data to server for SP4
2025-08-11 14:20:54,482 - INFO - Successfully posted data to server for DG INCOMER
2025-08-11 14:21:09,455 - INFO - Dashboard stopped by user.
2025-08-11 14:57:59,778 - INFO - Starting dashboard DB version...
2025-08-11 14:57:59,812 - INFO - Connected to /dev/ttyUSB0
2025-08-11 14:57:59,814 - INFO - Location 'SP3 PH': 4 devices, CSV: /home/pi/Downloads/DB_update/simple-meter-dashboard/csv_data/SP3PH.csv
2025-08-11 14:58:03,653 - INFO - Successfully posted data to server for EB INCOMER
2025-08-11 14:58:04,004 - INFO - Successfully posted data to server for SP3
2025-08-11 14:58:04,428 - INFO - Successfully posted data to server for SP4
2025-08-11 14:58:04,710 - INFO - Successfully posted data to server for DG INCOMER
2025-08-11 14:58:38,438 - INFO - Successfully posted data to server for EB INCOMER
2025-08-11 14:58:38,716 - INFO - Successfully posted data to server for SP3
2025-08-11 14:58:38,940 - INFO - Successfully posted data to server for SP4
2025-08-11 14:58:39,034 - INFO - Successfully posted data to server for DG INCOMER
2025-08-11 14:59:12,981 - INFO - Successfully posted data to server for EB INCOMER
2025-08-11 14:59:13,041 - INFO - Successfully posted data to server for SP3
2025-08-11 14:59:13,099 - INFO - Successfully posted data to server for SP4
2025-08-11 14:59:13,194 - INFO - Successfully posted data to server for DG INCOMER
2025-08-11 14:59:47,098 - INFO - Successfully posted data to server for EB INCOMER
2025-08-11 14:59:47,161 - INFO - Successfully posted data to server for SP3
2025-08-11 14:59:47,225 - INFO - Successfully posted data to server for SP4
2025-08-11 14:59:47,280 - INFO - Successfully posted data to server for DG INCOMER
2025-08-11 15:00:21,118 - INFO - Successfully posted data to server for EB INCOMER
2025-08-11 15:00:21,198 - INFO - Successfully posted data to server for SP3
2025-08-11 15:00:21,421 - INFO - Successfully posted data to server for SP4
2025-08-11 15:00:21,521 - INFO - Successfully posted data to server for DG INCOMER
2025-08-11 15:00:55,312 - INFO - Successfully posted data to server for EB INCOMER
2025-08-11 15:00:55,369 - INFO - Successfully posted data to server for SP3
2025-08-11 15:00:55,429 - INFO - Successfully posted data to server for SP4
2025-08-11 15:00:55,474 - INFO - Successfully posted data to server for DG INCOMER
2025-08-11 15:01:29,288 - INFO - Successfully posted data to server for EB INCOMER
2025-08-11 15:01:29,353 - INFO - Successfully posted data to server for SP3
2025-08-11 15:01:29,403 - INFO - Successfully posted data to server for SP4
2025-08-11 15:01:29,488 - INFO - Successfully posted data to server for DG INCOMER
2025-08-11 15:02:03,151 - INFO - Successfully posted data to server for EB INCOMER
2025-08-11 15:02:03,204 - INFO - Successfully posted data to server for SP3
2025-08-11 15:02:03,257 - INFO - Successfully posted data to server for SP4
2025-08-11 15:02:03,311 - INFO - Successfully posted data to server for DG INCOMER
2025-08-11 15:02:37,166 - INFO - Successfully posted data to server for EB INCOMER
2025-08-11 15:02:37,226 - INFO - Successfully posted data to server for SP3
2025-08-11 15:02:37,286 - INFO - Successfully posted data to server for SP4
2025-08-11 15:02:37,346 - INFO - Successfully posted data to server for DG INCOMER
2025-08-11 15:03:11,014 - INFO - Successfully posted data to server for EB INCOMER
2025-08-11 15:03:11,083 - INFO - Successfully posted data to server for SP3
2025-08-11 15:03:11,144 - INFO - Successfully posted data to server for SP4
2025-08-11 15:03:11,329 - INFO - Successfully posted data to server for DG INCOMER
2025-08-11 15:03:45,521 - INFO - Successfully posted data to server for EB INCOMER
2025-08-11 15:03:45,620 - INFO - Successfully posted data to server for SP3
2025-08-11 15:03:45,676 - INFO - Successfully posted data to server for SP4
2025-08-11 15:03:45,742 - INFO - Successfully posted data to server for DG INCOMER
2025-08-11 15:04:19,425 - INFO - Successfully posted data to server for EB INCOMER
2025-08-11 15:04:19,494 - INFO - Successfully posted data to server for SP3
2025-08-11 15:04:19,553 - INFO - Successfully posted data to server for SP4
2025-08-11 15:04:19,649 - INFO - Successfully posted data to server for DG INCOMER
2025-08-11 15:04:53,314 - INFO - Successfully posted data to server for EB INCOMER
2025-08-11 15:04:53,362 - INFO - Successfully posted data to server for SP3
2025-08-11 15:04:53,414 - INFO - Successfully posted data to server for SP4
2025-08-11 15:04:53,475 - INFO - Successfully posted data to server for DG INCOMER
2025-08-11 15:05:27,302 - INFO - Successfully posted data to server for EB INCOMER
2025-08-11 15:05:27,415 - INFO - Successfully posted data to server for SP3
2025-08-11 15:05:27,499 - INFO - Successfully posted data to server for SP4
2025-08-11 15:05:27,559 - INFO - Successfully posted data to server for DG INCOMER
2025-08-11 15:06:01,445 - INFO - Successfully posted data to server for EB INCOMER
2025-08-11 15:06:02,185 - INFO - Successfully posted data to server for SP3
2025-08-11 15:06:03,262 - INFO - Successfully posted data to server for SP4
2025-08-11 15:06:03,634 - INFO - Successfully posted data to server for DG INCOMER
2025-08-11 15:06:37,516 - INFO - Successfully posted data to server for EB INCOMER
2025-08-11 15:06:37,596 - INFO - Successfully posted data to server for SP3
2025-08-11 15:06:37,674 - INFO - Successfully posted data to server for SP4
2025-08-11 15:06:37,734 - INFO - Successfully posted data to server for DG INCOMER
2025-08-11 15:07:11,114 - INFO - Successfully posted data to server for EB INCOMER
2025-08-11 15:07:11,182 - INFO - Successfully posted data to server for SP3
2025-08-11 15:07:11,295 - INFO - Successfully posted data to server for SP4
2025-08-11 15:07:11,353 - INFO - Successfully posted data to server for DG INCOMER
2025-08-11 15:07:45,309 - INFO - Successfully posted data to server for EB INCOMER
2025-08-11 15:07:45,575 - INFO - Successfully posted data to server for SP3
2025-08-11 15:07:45,634 - INFO - Successfully posted data to server for SP4
2025-08-11 15:07:45,691 - INFO - Successfully posted data to server for DG INCOMER
2025-08-11 15:08:19,530 - INFO - Successfully posted data to server for EB INCOMER
2025-08-11 15:08:19,829 - INFO - Successfully posted data to server for SP3
2025-08-11 15:08:19,989 - INFO - Successfully posted data to server for SP4
2025-08-11 15:08:20,117 - INFO - Successfully posted data to server for DG INCOMER
2025-08-11 15:08:53,481 - INFO - Successfully posted data to server for EB INCOMER
2025-08-11 15:08:53,624 - INFO - Successfully posted data to server for SP3
2025-08-11 15:08:54,010 - INFO - Successfully posted data to server for SP4
2025-08-11 15:08:54,252 - INFO - Successfully posted data to server for DG INCOMER
2025-08-11 15:09:27,994 - INFO - Successfully posted data to server for EB INCOMER
2025-08-11 15:09:28,157 - INFO - Successfully posted data to server for SP3
2025-08-11 15:09:28,242 - INFO - Successfully posted data to server for SP4
2025-08-11 15:09:28,349 - INFO - Successfully posted data to server for DG INCOMER
2025-08-11 15:10:03,228 - INFO - Successfully posted data to server for EB INCOMER
2025-08-11 15:10:03,725 - INFO - Successfully posted data to server for SP3
2025-08-11 15:10:03,778 - INFO - Successfully posted data to server for SP4
2025-08-11 15:10:03,836 - INFO - Successfully posted data to server for DG INCOMER
2025-08-11 15:10:37,969 - INFO - Successfully posted data to server for EB INCOMER
2025-08-11 15:10:38,539 - INFO - Successfully posted data to server for SP3
2025-08-11 15:10:38,641 - INFO - Successfully posted data to server for SP4
2025-08-11 15:10:38,783 - INFO - Successfully posted data to server for DG INCOMER
2025-08-11 15:11:12,634 - INFO - Successfully posted data to server for EB INCOMER
2025-08-11 15:11:12,737 - INFO - Successfully posted data to server for SP3
2025-08-11 15:11:12,813 - INFO - Successfully posted data to server for SP4
2025-08-11 15:11:12,899 - INFO - Successfully posted data to server for DG INCOMER
2025-08-11 15:11:46,671 - INFO - Successfully posted data to server for EB INCOMER
2025-08-11 15:11:46,957 - INFO - Successfully posted data to server for SP3
2025-08-11 15:11:47,123 - INFO - Successfully posted data to server for SP4
2025-08-11 15:11:47,202 - INFO - Successfully posted data to server for DG INCOMER
2025-08-11 15:12:21,158 - INFO - Successfully posted data to server for EB INCOMER
2025-08-11 15:12:22,257 - INFO - Successfully posted data to server for SP3
2025-08-11 15:12:22,535 - INFO - Successfully posted data to server for SP4
2025-08-11 15:12:23,038 - INFO - Successfully posted data to server for DG INCOMER
2025-08-11 15:12:56,828 - INFO - Successfully posted data to server for EB INCOMER
2025-08-11 15:12:56,892 - INFO - Successfully posted data to server for SP3
2025-08-11 15:12:56,954 - INFO - Successfully posted data to server for SP4
2025-08-11 15:12:57,017 - INFO - Successfully posted data to server for DG INCOMER
2025-08-11 15:13:30,865 - INFO - Successfully posted data to server for EB INCOMER
2025-08-11 15:13:30,963 - INFO - Successfully posted data to server for SP3
2025-08-11 15:13:31,442 - INFO - Successfully posted data to server for SP4
2025-08-11 15:13:32,322 - INFO - Successfully posted data to server for DG INCOMER
2025-08-11 15:14:06,270 - INFO - Successfully posted data to server for EB INCOMER
2025-08-11 15:14:06,372 - INFO - Successfully posted data to server for SP3
2025-08-11 15:14:06,565 - INFO - Successfully posted data to server for SP4
2025-08-11 15:14:06,909 - INFO - Successfully posted data to server for DG INCOMER
2025-08-11 15:14:40,873 - INFO - Successfully posted data to server for EB INCOMER
2025-08-11 15:14:41,025 - INFO - Successfully posted data to server for SP3
2025-08-11 15:14:41,108 - INFO - Successfully posted data to server for SP4
2025-08-11 15:14:41,232 - INFO - Successfully posted data to server for DG INCOMER
2025-08-11 15:15:15,163 - INFO - Successfully posted data to server for EB INCOMER
2025-08-11 15:15:15,233 - INFO - Successfully posted data to server for SP3
2025-08-11 15:15:15,393 - INFO - Successfully posted data to server for SP4
2025-08-11 15:15:15,477 - INFO - Successfully posted data to server for DG INCOMER
2025-08-11 15:15:50,064 - INFO - Successfully posted data to server for EB INCOMER
2025-08-11 15:15:50,576 - INFO - Successfully posted data to server for SP3
2025-08-11 15:15:50,910 - INFO - Successfully posted data to server for SP4
2025-08-11 15:15:51,271 - INFO - Successfully posted data to server for DG INCOMER
2025-08-11 15:16:24,956 - INFO - Successfully posted data to server for EB INCOMER
2025-08-11 15:16:25,104 - INFO - Successfully posted data to server for SP3
2025-08-11 15:16:25,236 - INFO - Successfully posted data to server for SP4
2025-08-11 15:16:25,310 - INFO - Successfully posted data to server for DG INCOMER
2025-08-11 15:16:58,825 - INFO - Successfully posted data to server for EB INCOMER
2025-08-11 15:16:59,084 - INFO - Successfully posted data to server for SP3
2025-08-11 15:16:59,172 - INFO - Successfully posted data to server for SP4
2025-08-11 15:16:59,337 - INFO - Successfully posted data to server for DG INCOMER
2025-08-11 15:17:34,255 - INFO - Successfully posted data to server for EB INCOMER
2025-08-11 15:17:35,146 - INFO - Successfully posted data to server for SP3
2025-08-11 15:17:35,631 - INFO - Successfully posted data to server for SP4
2025-08-11 15:17:36,244 - INFO - Successfully posted data to server for DG INCOMER
2025-08-11 15:18:10,165 - INFO - Successfully posted data to server for EB INCOMER
2025-08-11 15:18:10,236 - INFO - Successfully posted data to server for SP3
2025-08-11 15:18:10,330 - INFO - Successfully posted data to server for SP4
2025-08-11 15:18:10,575 - INFO - Successfully posted data to server for DG INCOMER
2025-08-11 15:18:44,406 - INFO - Successfully posted data to server for EB INCOMER
2025-08-11 15:18:44,900 - INFO - Successfully posted data to server for SP3
2025-08-11 15:18:45,031 - INFO - Successfully posted data to server for SP4
2025-08-11 15:18:45,202 - INFO - Successfully posted data to server for DG INCOMER
2025-08-11 15:19:19,161 - INFO - Successfully posted data to server for EB INCOMER
2025-08-11 15:19:19,226 - INFO - Successfully posted data to server for SP3
2025-08-11 15:19:19,340 - INFO - Successfully posted data to server for SP4
2025-08-11 15:19:19,410 - INFO - Successfully posted data to server for DG INCOMER
2025-08-11 15:19:53,172 - INFO - Successfully posted data to server for EB INCOMER
2025-08-11 15:19:53,356 - INFO - Successfully posted data to server for SP3
2025-08-11 15:19:53,474 - INFO - Successfully posted data to server for SP4
2025-08-11 15:19:53,580 - INFO - Successfully posted data to server for DG INCOMER
2025-08-11 15:20:27,478 - INFO - Successfully posted data to server for EB INCOMER
2025-08-11 15:20:27,638 - INFO - Successfully posted data to server for SP3
2025-08-11 15:20:27,746 - INFO - Successfully posted data to server for SP4
2025-08-11 15:20:27,872 - INFO - Successfully posted data to server for DG INCOMER
2025-08-11 15:21:01,967 - INFO - Successfully posted data to server for EB INCOMER
2025-08-11 15:21:02,640 - INFO - Successfully posted data to server for SP3
2025-08-11 15:21:02,833 - INFO - Successfully posted data to server for SP4
2025-08-11 15:21:02,902 - INFO - Successfully posted data to server for DG INCOMER
2025-08-11 15:21:37,147 - INFO - Successfully posted data to server for EB INCOMER
2025-08-11 15:21:37,440 - INFO - Successfully posted data to server for SP3
2025-08-11 15:21:38,166 - INFO - Successfully posted data to server for SP4
2025-08-11 15:21:39,908 - INFO - Successfully posted data to server for DG INCOMER
2025-08-11 15:22:13,696 - INFO - Successfully posted data to server for EB INCOMER
2025-08-11 15:22:13,775 - INFO - Successfully posted data to server for SP3
2025-08-11 15:22:13,844 - INFO - Successfully posted data to server for SP4
2025-08-11 15:22:13,979 - INFO - Successfully posted data to server for DG INCOMER
2025-08-11 15:22:47,934 - INFO - Successfully posted data to server for EB INCOMER
2025-08-11 15:22:48,173 - INFO - Successfully posted data to server for SP3
2025-08-11 15:22:48,288 - INFO - Successfully posted data to server for SP4
2025-08-11 15:22:48,344 - INFO - Successfully posted data to server for DG INCOMER
2025-08-11 15:23:22,528 - INFO - Successfully posted data to server for EB INCOMER
2025-08-11 15:23:22,846 - INFO - Successfully posted data to server for SP3
2025-08-11 15:23:23,245 - INFO - Successfully posted data to server for SP4
2025-08-11 15:23:23,496 - INFO - Successfully posted data to server for DG INCOMER
2025-08-11 15:23:58,317 - INFO - Successfully posted data to server for EB INCOMER
2025-08-11 15:23:58,529 - INFO - Successfully posted data to server for SP3
2025-08-11 15:23:58,633 - INFO - Successfully posted data to server for SP4
2025-08-11 15:23:58,729 - INFO - Successfully posted data to server for DG INCOMER
2025-08-11 15:24:32,775 - INFO - Successfully posted data to server for EB INCOMER
2025-08-11 15:24:32,892 - INFO - Successfully posted data to server for SP3
2025-08-11 15:24:32,952 - INFO - Successfully posted data to server for SP4
2025-08-11 15:24:33,037 - INFO - Successfully posted data to server for DG INCOMER
2025-08-11 15:25:06,902 - INFO - Successfully posted data to server for EB INCOMER
2025-08-11 15:25:06,978 - INFO - Successfully posted data to server for SP3
2025-08-11 15:25:07,025 - INFO - Successfully posted data to server for SP4
2025-08-11 15:25:07,089 - INFO - Successfully posted data to server for DG INCOMER
2025-08-11 15:25:41,037 - INFO - Successfully posted data to server for EB INCOMER
2025-08-11 15:25:41,556 - INFO - Successfully posted data to server for SP3
2025-08-11 15:25:42,158 - INFO - Successfully posted data to server for SP4
2025-08-11 15:25:42,339 - INFO - Successfully posted data to server for DG INCOMER
2025-08-11 15:26:16,612 - INFO - Successfully posted data to server for EB INCOMER
2025-08-11 15:26:17,181 - INFO - Successfully posted data to server for SP3
2025-08-11 15:26:17,434 - INFO - Successfully posted data to server for SP4
2025-08-11 15:26:17,708 - INFO - Successfully posted data to server for DG INCOMER
2025-08-11 15:26:51,686 - INFO - Successfully posted data to server for EB INCOMER
2025-08-11 15:26:51,739 - INFO - Successfully posted data to server for SP3
2025-08-11 15:26:51,800 - INFO - Successfully posted data to server for SP4
2025-08-11 15:26:51,877 - INFO - Successfully posted data to server for DG INCOMER
2025-08-11 15:27:25,587 - INFO - Successfully posted data to server for EB INCOMER
2025-08-11 15:27:25,659 - INFO - Successfully posted data to server for SP3
2025-08-11 15:27:25,705 - INFO - Successfully posted data to server for SP4
2025-08-11 15:27:25,751 - INFO - Successfully posted data to server for DG INCOMER
2025-08-11 15:27:59,686 - INFO - Successfully posted data to server for EB INCOMER
2025-08-11 15:27:59,900 - INFO - Successfully posted data to server for SP3
2025-08-11 15:28:00,483 - INFO - Successfully posted data to server for SP4
2025-08-11 15:28:00,567 - INFO - Successfully posted data to server for DG INCOMER
2025-08-11 15:28:34,728 - INFO - Successfully posted data to server for EB INCOMER
2025-08-11 15:28:35,073 - INFO - Successfully posted data to server for SP3
2025-08-11 15:28:35,203 - INFO - Successfully posted data to server for SP4
2025-08-11 15:28:35,417 - INFO - Successfully posted data to server for DG INCOMER
2025-08-11 15:29:09,089 - INFO - Successfully posted data to server for EB INCOMER
2025-08-11 15:29:09,157 - INFO - Successfully posted data to server for SP3
2025-08-11 15:29:09,233 - INFO - Successfully posted data to server for SP4
2025-08-11 15:29:09,302 - INFO - Successfully posted data to server for DG INCOMER
2025-08-11 15:29:42,597 - INFO - Successfully posted data to server for EB INCOMER
2025-08-11 15:29:42,670 - INFO - Successfully posted data to server for SP3
2025-08-11 15:29:42,757 - INFO - Successfully posted data to server for SP4
2025-08-11 15:29:42,876 - INFO - Successfully posted data to server for DG INCOMER
2025-08-11 15:30:16,598 - INFO - Successfully posted data to server for EB INCOMER
2025-08-11 15:30:16,689 - INFO - Successfully posted data to server for SP3
2025-08-11 15:30:16,742 - INFO - Successfully posted data to server for SP4
2025-08-11 15:30:16,829 - INFO - Successfully posted data to server for DG INCOMER
2025-08-11 15:30:50,571 - INFO - Successfully posted data to server for EB INCOMER
2025-08-11 15:30:50,663 - INFO - Successfully posted data to server for SP3
2025-08-11 15:30:50,724 - INFO - Successfully posted data to server for SP4
2025-08-11 15:30:50,796 - INFO - Successfully posted data to server for DG INCOMER
2025-08-11 15:31:24,525 - INFO - Successfully posted data to server for EB INCOMER
2025-08-11 15:31:24,573 - INFO - Successfully posted data to server for SP3
2025-08-11 15:31:24,636 - INFO - Successfully posted data to server for SP4
2025-08-11 15:31:24,682 - INFO - Successfully posted data to server for DG INCOMER
2025-08-11 15:31:58,829 - INFO - Successfully posted data to server for EB INCOMER
2025-08-11 15:31:59,449 - INFO - Successfully posted data to server for SP3
2025-08-11 15:31:59,803 - INFO - Successfully posted data to server for SP4
2025-08-11 15:32:00,428 - INFO - Successfully posted data to server for DG INCOMER
2025-08-11 15:32:34,783 - INFO - Successfully posted data to server for EB INCOMER
2025-08-11 15:32:36,055 - INFO - Successfully posted data to server for SP3
2025-08-11 15:32:36,385 - INFO - Successfully posted data to server for SP4
2025-08-11 15:32:36,490 - INFO - Successfully posted data to server for DG INCOMER
2025-08-11 15:33:10,154 - INFO - Successfully posted data to server for EB INCOMER
2025-08-11 15:33:10,227 - INFO - Successfully posted data to server for SP3
2025-08-11 15:33:10,397 - INFO - Successfully posted data to server for SP4
2025-08-11 15:33:10,462 - INFO - Successfully posted data to server for DG INCOMER
2025-08-11 15:33:44,569 - INFO - Successfully posted data to server for EB INCOMER
2025-08-11 15:33:44,811 - INFO - Successfully posted data to server for SP3
2025-08-11 15:33:44,902 - INFO - Successfully posted data to server for SP4
2025-08-11 15:33:45,175 - INFO - Successfully posted data to server for DG INCOMER
2025-08-11 15:34:18,549 - INFO - Successfully posted data to server for EB INCOMER
2025-08-11 15:34:18,596 - INFO - Successfully posted data to server for SP3
2025-08-11 15:34:18,648 - INFO - Successfully posted data to server for SP4
2025-08-11 15:34:18,697 - INFO - Successfully posted data to server for DG INCOMER
2025-08-11 15:34:52,460 - INFO - Successfully posted data to server for EB INCOMER
2025-08-11 15:34:52,547 - INFO - Successfully posted data to server for SP3
2025-08-11 15:34:52,657 - INFO - Successfully posted data to server for SP4
2025-08-11 15:34:52,722 - INFO - Successfully posted data to server for DG INCOMER
2025-08-11 15:35:26,653 - INFO - Successfully posted data to server for EB INCOMER
2025-08-11 15:35:26,707 - INFO - Successfully posted data to server for SP3
2025-08-11 15:35:26,757 - INFO - Successfully posted data to server for SP4
2025-08-11 15:35:26,817 - INFO - Successfully posted data to server for DG INCOMER
2025-08-11 15:36:00,488 - INFO - Successfully posted data to server for EB INCOMER
2025-08-11 15:36:00,544 - INFO - Successfully posted data to server for SP3
2025-08-11 15:36:00,903 - INFO - Successfully posted data to server for SP4
2025-08-11 15:36:00,949 - INFO - Successfully posted data to server for DG INCOMER
2025-08-11 15:36:34,899 - INFO - Successfully posted data to server for EB INCOMER
2025-08-11 15:36:35,267 - INFO - Successfully posted data to server for SP3
2025-08-11 15:36:36,036 - INFO - Successfully posted data to server for SP4
2025-08-11 15:36:36,443 - INFO - Successfully posted data to server for DG INCOMER
2025-08-11 15:37:22,151 - INFO - Successfully posted data to server for EB INCOMER
2025-08-11 15:37:22,202 - INFO - Successfully posted data to server for SP3
2025-08-11 15:37:22,258 - INFO - Successfully posted data to server for SP4
2025-08-11 15:37:22,331 - INFO - Successfully posted data to server for DG INCOMER
2025-08-11 15:37:56,333 - INFO - Successfully posted data to server for EB INCOMER
2025-08-11 15:37:56,484 - INFO - Successfully posted data to server for SP3
2025-08-11 15:37:56,631 - INFO - Successfully posted data to server for SP4
2025-08-11 15:37:56,719 - INFO - Successfully posted data to server for DG INCOMER
2025-08-11 15:38:30,494 - INFO - Successfully posted data to server for EB INCOMER
2025-08-11 15:38:30,617 - INFO - Successfully posted data to server for SP3
2025-08-11 15:38:30,735 - INFO - Successfully posted data to server for SP4
2025-08-11 15:38:30,842 - INFO - Successfully posted data to server for DG INCOMER
2025-08-11 15:39:05,033 - INFO - Successfully posted data to server for EB INCOMER
2025-08-11 15:39:05,500 - INFO - Successfully posted data to server for SP3
2025-08-11 15:39:05,738 - INFO - Successfully posted data to server for SP4
2025-08-11 15:39:05,912 - INFO - Successfully posted data to server for DG INCOMER
2025-08-11 15:39:39,793 - INFO - Successfully posted data to server for EB INCOMER
2025-08-11 15:39:40,303 - INFO - Successfully posted data to server for SP3
2025-08-11 15:39:40,415 - INFO - Successfully posted data to server for SP4
2025-08-11 15:39:40,478 - INFO - Successfully posted data to server for DG INCOMER
2025-08-11 15:40:14,219 - INFO - Successfully posted data to server for EB INCOMER
2025-08-11 15:40:14,288 - INFO - Successfully posted data to server for SP3
2025-08-11 15:40:14,417 - INFO - Successfully posted data to server for SP4
2025-08-11 15:40:14,544 - INFO - Successfully posted data to server for DG INCOMER
2025-08-11 15:40:47,844 - INFO - Successfully posted data to server for EB INCOMER
2025-08-11 15:40:47,977 - INFO - Successfully posted data to server for SP3
2025-08-11 15:40:48,379 - INFO - Successfully posted data to server for SP4
2025-08-11 15:40:48,535 - INFO - Successfully posted data to server for DG INCOMER
2025-08-11 15:41:22,460 - INFO - Successfully posted data to server for EB INCOMER
2025-08-11 15:41:22,819 - INFO - Successfully posted data to server for SP3
2025-08-11 15:41:23,130 - INFO - Successfully posted data to server for SP4
2025-08-11 15:41:23,535 - INFO - Successfully posted data to server for DG INCOMER
2025-08-11 15:41:57,868 - INFO - Successfully posted data to server for EB INCOMER
2025-08-11 15:41:59,127 - INFO - Successfully posted data to server for SP3
2025-08-11 15:41:59,426 - INFO - Successfully posted data to server for SP4
2025-08-11 15:42:00,589 - INFO - Successfully posted data to server for DG INCOMER
2025-08-11 15:42:34,481 - INFO - Successfully posted data to server for EB INCOMER
2025-08-11 15:42:34,581 - INFO - Successfully posted data to server for SP3
2025-08-11 15:42:34,735 - INFO - Successfully posted data to server for SP4
2025-08-11 15:42:35,397 - INFO - Successfully posted data to server for DG INCOMER
2025-08-11 15:43:08,721 - INFO - Successfully posted data to server for EB INCOMER
2025-08-11 15:43:08,815 - INFO - Successfully posted data to server for SP3
2025-08-11 15:43:08,905 - INFO - Successfully posted data to server for SP4
2025-08-11 15:43:09,038 - INFO - Successfully posted data to server for DG INCOMER
2025-08-11 15:43:43,236 - INFO - Successfully posted data to server for EB INCOMER
2025-08-11 15:43:43,891 - INFO - Successfully posted data to server for SP3
2025-08-11 15:43:44,101 - INFO - Successfully posted data to server for SP4
2025-08-11 15:43:44,391 - INFO - Successfully posted data to server for DG INCOMER
2025-08-11 15:44:17,705 - INFO - Successfully posted data to server for EB INCOMER
2025-08-11 15:44:18,040 - INFO - Successfully posted data to server for SP3
2025-08-11 15:44:18,244 - INFO - Successfully posted data to server for SP4
2025-08-11 15:44:18,623 - INFO - Successfully posted data to server for DG INCOMER
2025-08-11 15:44:52,426 - INFO - Successfully posted data to server for EB INCOMER
2025-08-11 15:44:52,534 - INFO - Successfully posted data to server for SP3
2025-08-11 15:44:52,647 - INFO - Successfully posted data to server for SP4
2025-08-11 15:44:52,762 - INFO - Successfully posted data to server for DG INCOMER
2025-08-11 15:45:26,505 - INFO - Successfully posted data to server for EB INCOMER
2025-08-11 15:45:26,576 - INFO - Successfully posted data to server for SP3
2025-08-11 15:45:26,633 - INFO - Successfully posted data to server for SP4
2025-08-11 15:45:26,687 - INFO - Successfully posted data to server for DG INCOMER
2025-08-11 15:46:00,483 - INFO - Successfully posted data to server for EB INCOMER
2025-08-11 15:46:00,543 - INFO - Successfully posted data to server for SP3
2025-08-11 15:46:00,592 - INFO - Successfully posted data to server for SP4
2025-08-11 15:46:00,646 - INFO - Successfully posted data to server for DG INCOMER
2025-08-11 15:46:34,315 - INFO - Successfully posted data to server for EB INCOMER
2025-08-11 15:46:34,431 - INFO - Successfully posted data to server for SP3
2025-08-11 15:46:34,474 - INFO - Successfully posted data to server for SP4
2025-08-11 15:46:34,535 - INFO - Successfully posted data to server for DG INCOMER
2025-08-11 15:47:08,350 - INFO - Successfully posted data to server for EB INCOMER
2025-08-11 15:47:08,465 - INFO - Successfully posted data to server for SP3
2025-08-11 15:47:08,575 - INFO - Successfully posted data to server for SP4
2025-08-11 15:47:08,639 - INFO - Successfully posted data to server for DG INCOMER
2025-08-11 15:47:42,522 - INFO - Successfully posted data to server for EB INCOMER
2025-08-11 15:47:42,621 - INFO - Successfully posted data to server for SP3
2025-08-11 15:47:42,734 - INFO - Successfully posted data to server for SP4
2025-08-11 15:47:42,850 - INFO - Successfully posted data to server for DG INCOMER
2025-08-11 15:48:16,577 - INFO - Successfully posted data to server for EB INCOMER
2025-08-11 15:48:16,674 - INFO - Successfully posted data to server for SP3
2025-08-11 15:48:16,743 - INFO - Successfully posted data to server for SP4
2025-08-11 15:48:16,825 - INFO - Successfully posted data to server for DG INCOMER
2025-08-11 15:48:50,726 - INFO - Successfully posted data to server for EB INCOMER
2025-08-11 15:48:50,805 - INFO - Successfully posted data to server for SP3
2025-08-11 15:48:50,859 - INFO - Successfully posted data to server for SP4
2025-08-11 15:48:50,970 - INFO - Successfully posted data to server for DG INCOMER
2025-08-11 15:49:24,692 - INFO - Successfully posted data to server for EB INCOMER
2025-08-11 15:49:24,777 - INFO - Successfully posted data to server for SP3
2025-08-11 15:49:24,840 - INFO - Successfully posted data to server for SP4
2025-08-11 15:49:24,886 - INFO - Successfully posted data to server for DG INCOMER
2025-08-11 15:49:58,691 - INFO - Successfully posted data to server for EB INCOMER
2025-08-11 15:49:58,739 - INFO - Successfully posted data to server for SP3
2025-08-11 15:49:58,792 - INFO - Successfully posted data to server for SP4
2025-08-11 15:49:58,841 - INFO - Successfully posted data to server for DG INCOMER
2025-08-11 15:50:32,472 - INFO - Successfully posted data to server for EB INCOMER
2025-08-11 15:50:32,582 - INFO - Successfully posted data to server for SP3
2025-08-11 15:50:32,693 - INFO - Successfully posted data to server for SP4
2025-08-11 15:50:32,811 - INFO - Successfully posted data to server for DG INCOMER
2025-08-11 15:51:06,677 - INFO - Successfully posted data to server for EB INCOMER
2025-08-11 15:51:06,857 - INFO - Successfully posted data to server for SP3
2025-08-11 15:51:06,929 - INFO - Successfully posted data to server for SP4
2025-08-11 15:51:06,987 - INFO - Successfully posted data to server for DG INCOMER
2025-08-11 15:51:40,680 - INFO - Successfully posted data to server for EB INCOMER
2025-08-11 15:51:40,756 - INFO - Successfully posted data to server for SP3
2025-08-11 15:51:40,853 - INFO - Successfully posted data to server for SP4
2025-08-11 15:51:40,920 - INFO - Successfully posted data to server for DG INCOMER
2025-08-11 15:52:15,096 - INFO - Successfully posted data to server for EB INCOMER
2025-08-11 15:52:15,176 - INFO - Successfully posted data to server for SP3
2025-08-11 15:52:15,230 - INFO - Successfully posted data to server for SP4
2025-08-11 15:52:15,275 - INFO - Successfully posted data to server for DG INCOMER
2025-08-11 15:52:48,517 - INFO - Successfully posted data to server for EB INCOMER
2025-08-11 15:52:48,583 - INFO - Successfully posted data to server for SP3
2025-08-11 15:52:48,653 - INFO - Successfully posted data to server for SP4
2025-08-11 15:52:48,699 - INFO - Successfully posted data to server for DG INCOMER
2025-08-11 15:53:22,573 - INFO - Successfully posted data to server for EB INCOMER
2025-08-11 15:53:22,661 - INFO - Successfully posted data to server for SP3
2025-08-11 15:53:22,762 - INFO - Successfully posted data to server for SP4
2025-08-11 15:53:22,812 - INFO - Successfully posted data to server for DG INCOMER
2025-08-11 15:53:56,612 - INFO - Successfully posted data to server for EB INCOMER
2025-08-11 15:53:56,718 - INFO - Successfully posted data to server for SP3
2025-08-11 15:53:56,778 - INFO - Successfully posted data to server for SP4
2025-08-11 15:53:56,839 - INFO - Successfully posted data to server for DG INCOMER
2025-08-11 15:54:30,271 - INFO - Successfully posted data to server for EB INCOMER
2025-08-11 15:54:30,344 - INFO - Successfully posted data to server for SP3
2025-08-11 15:54:30,473 - INFO - Successfully posted data to server for SP4
2025-08-11 15:54:30,574 - INFO - Successfully posted data to server for DG INCOMER
2025-08-11 15:55:03,878 - INFO - Successfully posted data to server for EB INCOMER
2025-08-11 15:55:03,949 - INFO - Successfully posted data to server for SP3
2025-08-11 15:55:04,007 - INFO - Successfully posted data to server for SP4
2025-08-11 15:55:04,057 - INFO - Successfully posted data to server for DG INCOMER
2025-08-11 15:55:37,469 - INFO - Successfully posted data to server for EB INCOMER
2025-08-11 15:55:37,550 - INFO - Successfully posted data to server for SP3
2025-08-11 15:55:37,631 - INFO - Successfully posted data to server for SP4
2025-08-11 15:55:37,714 - INFO - Successfully posted data to server for DG INCOMER
2025-08-11 15:56:11,032 - INFO - Successfully posted data to server for EB INCOMER
2025-08-11 15:56:11,179 - INFO - Successfully posted data to server for SP3
2025-08-11 15:56:11,255 - INFO - Successfully posted data to server for SP4
2025-08-11 15:56:11,328 - INFO - Successfully posted data to server for DG INCOMER
2025-08-11 15:56:45,253 - INFO - Successfully posted data to server for EB INCOMER
2025-08-11 15:56:45,317 - INFO - Successfully posted data to server for SP3
2025-08-11 15:56:45,387 - INFO - Successfully posted data to server for SP4
2025-08-11 15:56:45,461 - INFO - Successfully posted data to server for DG INCOMER
2025-08-11 15:57:18,934 - INFO - Successfully posted data to server for EB INCOMER
2025-08-11 15:57:19,055 - INFO - Successfully posted data to server for SP3
2025-08-11 15:57:19,155 - INFO - Successfully posted data to server for SP4
2025-08-11 15:57:19,273 - INFO - Successfully posted data to server for DG INCOMER
2025-08-11 15:57:53,005 - INFO - Successfully posted data to server for EB INCOMER
2025-08-11 15:57:53,064 - INFO - Successfully posted data to server for SP3
2025-08-11 15:57:53,169 - INFO - Successfully posted data to server for SP4
2025-08-11 15:57:53,228 - INFO - Successfully posted data to server for DG INCOMER
2025-08-11 15:58:27,032 - INFO - Successfully posted data to server for EB INCOMER
2025-08-11 15:58:27,253 - INFO - Successfully posted data to server for SP3
2025-08-11 15:58:27,400 - INFO - Successfully posted data to server for SP4
2025-08-11 15:58:27,524 - INFO - Successfully posted data to server for DG INCOMER
2025-08-11 15:59:01,214 - INFO - Successfully posted data to server for EB INCOMER
2025-08-11 15:59:01,311 - INFO - Successfully posted data to server for SP3
2025-08-11 15:59:01,404 - INFO - Successfully posted data to server for SP4
2025-08-11 15:59:01,445 - INFO - Successfully posted data to server for DG INCOMER
2025-08-11 15:59:34,785 - INFO - Successfully posted data to server for EB INCOMER
2025-08-11 15:59:34,833 - INFO - Successfully posted data to server for SP3
2025-08-11 15:59:34,875 - INFO - Successfully posted data to server for SP4
2025-08-11 15:59:34,922 - INFO - Successfully posted data to server for DG INCOMER
2025-08-11 16:00:09,107 - INFO - Successfully posted data to server for EB INCOMER
2025-08-11 16:00:09,178 - INFO - Successfully posted data to server for SP3
2025-08-11 16:00:09,239 - INFO - Successfully posted data to server for SP4
2025-08-11 16:00:09,295 - INFO - Successfully posted data to server for DG INCOMER
2025-08-11 16:00:43,003 - INFO - Successfully posted data to server for EB INCOMER
2025-08-11 16:00:43,063 - INFO - Successfully posted data to server for SP3
2025-08-11 16:00:43,121 - INFO - Successfully posted data to server for SP4
2025-08-11 16:00:43,188 - INFO - Successfully posted data to server for DG INCOMER
2025-08-11 16:01:16,853 - INFO - Successfully posted data to server for EB INCOMER
2025-08-11 16:01:16,904 - INFO - Successfully posted data to server for SP3
2025-08-11 16:01:16,952 - INFO - Successfully posted data to server for SP4
2025-08-11 16:01:17,007 - INFO - Successfully posted data to server for DG INCOMER
2025-08-11 16:01:50,786 - INFO - Successfully posted data to server for EB INCOMER
2025-08-11 16:01:50,880 - INFO - Successfully posted data to server for SP3
2025-08-11 16:01:50,964 - INFO - Successfully posted data to server for SP4
2025-08-11 16:01:51,030 - INFO - Successfully posted data to server for DG INCOMER
2025-08-11 16:02:24,780 - INFO - Successfully posted data to server for EB INCOMER
2025-08-11 16:02:24,840 - INFO - Successfully posted data to server for SP3
2025-08-11 16:02:24,910 - INFO - Successfully posted data to server for SP4
2025-08-11 16:02:24,964 - INFO - Successfully posted data to server for DG INCOMER
2025-08-11 16:02:58,778 - INFO - Successfully posted data to server for EB INCOMER
2025-08-11 16:02:58,849 - INFO - Successfully posted data to server for SP3
2025-08-11 16:02:58,920 - INFO - Successfully posted data to server for SP4
2025-08-11 16:02:58,993 - INFO - Successfully posted data to server for DG INCOMER
2025-08-11 16:03:32,283 - INFO - Successfully posted data to server for EB INCOMER
2025-08-11 16:03:32,388 - INFO - Successfully posted data to server for SP3
2025-08-11 16:03:32,438 - INFO - Successfully posted data to server for SP4
2025-08-11 16:03:32,491 - INFO - Successfully posted data to server for DG INCOMER
2025-08-11 16:04:05,774 - INFO - Successfully posted data to server for EB INCOMER
2025-08-11 16:04:05,889 - INFO - Successfully posted data to server for SP3
2025-08-11 16:04:05,961 - INFO - Successfully posted data to server for SP4
2025-08-11 16:04:06,054 - INFO - Successfully posted data to server for DG INCOMER
2025-08-11 16:04:39,757 - INFO - Successfully posted data to server for EB INCOMER
2025-08-11 16:04:39,803 - INFO - Successfully posted data to server for SP3
2025-08-11 16:04:39,846 - INFO - Successfully posted data to server for SP4
2025-08-11 16:04:39,949 - INFO - Successfully posted data to server for DG INCOMER
2025-08-11 16:05:14,155 - INFO - Successfully posted data to server for EB INCOMER
2025-08-11 16:05:14,226 - INFO - Successfully posted data to server for SP3
2025-08-11 16:05:14,275 - INFO - Successfully posted data to server for SP4
2025-08-11 16:05:14,353 - INFO - Successfully posted data to server for DG INCOMER
2025-08-11 16:05:47,770 - INFO - Successfully posted data to server for EB INCOMER
2025-08-11 16:05:47,850 - INFO - Successfully posted data to server for SP3
2025-08-11 16:05:47,917 - INFO - Successfully posted data to server for SP4
2025-08-11 16:05:47,974 - INFO - Successfully posted data to server for DG INCOMER
2025-08-11 16:06:21,740 - INFO - Successfully posted data to server for EB INCOMER
2025-08-11 16:06:21,788 - INFO - Successfully posted data to server for SP3
2025-08-11 16:06:21,844 - INFO - Successfully posted data to server for SP4
2025-08-11 16:06:21,889 - INFO - Successfully posted data to server for DG INCOMER
2025-08-11 16:06:55,637 - INFO - Successfully posted data to server for EB INCOMER
2025-08-11 16:06:55,755 - INFO - Successfully posted data to server for SP3
2025-08-11 16:06:55,814 - INFO - Successfully posted data to server for SP4
2025-08-11 16:06:55,970 - INFO - Successfully posted data to server for DG INCOMER
2025-08-11 16:07:29,644 - INFO - Successfully posted data to server for EB INCOMER
2025-08-11 16:07:29,713 - INFO - Successfully posted data to server for SP3
2025-08-11 16:07:29,786 - INFO - Successfully posted data to server for SP4
2025-08-11 16:07:29,859 - INFO - Successfully posted data to server for DG INCOMER
2025-08-11 16:08:03,621 - INFO - Successfully posted data to server for EB INCOMER
2025-08-11 16:08:03,664 - INFO - Successfully posted data to server for SP3
2025-08-11 16:08:03,713 - INFO - Successfully posted data to server for SP4
2025-08-11 16:08:03,772 - INFO - Successfully posted data to server for DG INCOMER
2025-08-11 16:08:37,529 - INFO - Successfully posted data to server for EB INCOMER
2025-08-11 16:08:37,572 - INFO - Successfully posted data to server for SP3
2025-08-11 16:08:37,617 - INFO - Successfully posted data to server for SP4
2025-08-11 16:08:37,664 - INFO - Successfully posted data to server for DG INCOMER
2025-08-11 16:09:11,436 - INFO - Successfully posted data to server for EB INCOMER
2025-08-11 16:09:11,513 - INFO - Successfully posted data to server for SP3
2025-08-11 16:09:11,579 - INFO - Successfully posted data to server for SP4
2025-08-11 16:09:11,635 - INFO - Successfully posted data to server for DG INCOMER
2025-08-11 16:09:45,658 - INFO - Successfully posted data to server for EB INCOMER
2025-08-11 16:09:45,718 - INFO - Successfully posted data to server for SP3
2025-08-11 16:09:45,767 - INFO - Successfully posted data to server for SP4
2025-08-11 16:09:45,823 - INFO - Successfully posted data to server for DG INCOMER
2025-08-11 16:10:19,568 - INFO - Successfully posted data to server for EB INCOMER
2025-08-11 16:10:19,650 - INFO - Successfully posted data to server for SP3
2025-08-11 16:10:19,796 - INFO - Successfully posted data to server for SP4
2025-08-11 16:10:19,869 - INFO - Successfully posted data to server for DG INCOMER
2025-08-11 16:10:53,558 - INFO - Successfully posted data to server for EB INCOMER
2025-08-11 16:10:53,625 - INFO - Successfully posted data to server for SP3
2025-08-11 16:10:53,686 - INFO - Successfully posted data to server for SP4
2025-08-11 16:10:53,757 - INFO - Successfully posted data to server for DG INCOMER
2025-08-11 16:11:27,531 - INFO - Successfully posted data to server for EB INCOMER
2025-08-11 16:11:27,581 - INFO - Successfully posted data to server for SP3
2025-08-11 16:11:27,633 - INFO - Successfully posted data to server for SP4
2025-08-11 16:11:27,686 - INFO - Successfully posted data to server for DG INCOMER
2025-08-11 16:12:01,435 - INFO - Successfully posted data to server for EB INCOMER
2025-08-11 16:12:01,521 - INFO - Successfully posted data to server for SP3
2025-08-11 16:12:01,565 - INFO - Successfully posted data to server for SP4
2025-08-11 16:12:01,618 - INFO - Successfully posted data to server for DG INCOMER
2025-08-11 16:12:35,317 - INFO - Successfully posted data to server for EB INCOMER
2025-08-11 16:12:35,372 - INFO - Successfully posted data to server for SP3
2025-08-11 16:12:35,417 - INFO - Successfully posted data to server for SP4
2025-08-11 16:12:35,478 - INFO - Successfully posted data to server for DG INCOMER
2025-08-11 16:13:09,300 - INFO - Successfully posted data to server for EB INCOMER
2025-08-11 16:13:09,356 - INFO - Successfully posted data to server for SP3
2025-08-11 16:13:09,449 - INFO - Successfully posted data to server for SP4
2025-08-11 16:13:09,575 - INFO - Successfully posted data to server for DG INCOMER
2025-08-11 16:13:43,338 - INFO - Successfully posted data to server for EB INCOMER
2025-08-11 16:13:43,933 - INFO - Successfully posted data to server for SP3
2025-08-11 16:13:44,042 - INFO - Successfully posted data to server for SP4
2025-08-11 16:13:44,096 - INFO - Successfully posted data to server for DG INCOMER
2025-08-11 16:14:17,772 - INFO - Successfully posted data to server for EB INCOMER
2025-08-11 16:14:17,820 - INFO - Successfully posted data to server for SP3
2025-08-11 16:14:17,876 - INFO - Successfully posted data to server for SP4
2025-08-11 16:14:17,949 - INFO - Successfully posted data to server for DG INCOMER
2025-08-11 16:14:51,777 - INFO - Successfully posted data to server for EB INCOMER
2025-08-11 16:14:51,876 - INFO - Successfully posted data to server for SP3
2025-08-11 16:14:52,016 - INFO - Successfully posted data to server for SP4
2025-08-11 16:14:52,152 - INFO - Successfully posted data to server for DG INCOMER
2025-08-11 16:15:26,235 - INFO - Successfully posted data to server for EB INCOMER
2025-08-11 16:15:26,606 - INFO - Successfully posted data to server for SP3
2025-08-11 16:15:27,085 - INFO - Successfully posted data to server for SP4
2025-08-11 16:15:27,279 - INFO - Successfully posted data to server for DG INCOMER
2025-08-11 16:16:01,929 - INFO - Successfully posted data to server for EB INCOMER
2025-08-11 16:16:02,015 - INFO - Successfully posted data to server for SP3
2025-08-11 16:16:02,141 - INFO - Successfully posted data to server for SP4
2025-08-11 16:16:02,218 - INFO - Successfully posted data to server for DG INCOMER
2025-08-11 16:16:35,493 - INFO - Successfully posted data to server for EB INCOMER
2025-08-11 16:16:35,707 - INFO - Successfully posted data to server for SP3
2025-08-11 16:16:36,282 - INFO - Successfully posted data to server for SP4
2025-08-11 16:16:36,536 - INFO - Successfully posted data to server for DG INCOMER
2025-08-11 16:17:10,405 - INFO - Successfully posted data to server for EB INCOMER
2025-08-11 16:17:10,575 - INFO - Successfully posted data to server for SP3
2025-08-11 16:17:10,705 - INFO - Successfully posted data to server for SP4
2025-08-11 16:17:10,897 - INFO - Successfully posted data to server for DG INCOMER
2025-08-11 16:17:44,775 - INFO - Successfully posted data to server for EB INCOMER
2025-08-11 16:17:44,849 - INFO - Successfully posted data to server for SP3
2025-08-11 16:17:44,906 - INFO - Successfully posted data to server for SP4
2025-08-11 16:17:44,963 - INFO - Successfully posted data to server for DG INCOMER
2025-08-11 16:18:18,887 - INFO - Successfully posted data to server for EB INCOMER
2025-08-11 16:18:18,986 - INFO - Successfully posted data to server for SP3
2025-08-11 16:18:19,072 - INFO - Successfully posted data to server for SP4
2025-08-11 16:18:19,141 - INFO - Successfully posted data to server for DG INCOMER
2025-08-11 16:18:53,119 - INFO - Successfully posted data to server for EB INCOMER
2025-08-11 16:18:53,170 - INFO - Successfully posted data to server for SP3
2025-08-11 16:18:53,220 - INFO - Successfully posted data to server for SP4
2025-08-11 16:18:53,270 - INFO - Successfully posted data to server for DG INCOMER
2025-08-11 16:19:27,341 - INFO - Successfully posted data to server for EB INCOMER
2025-08-11 16:19:27,421 - INFO - Successfully posted data to server for SP3
2025-08-11 16:19:27,492 - INFO - Successfully posted data to server for SP4
2025-08-11 16:19:27,584 - INFO - Successfully posted data to server for DG INCOMER
2025-08-11 16:20:01,562 - INFO - Successfully posted data to server for EB INCOMER
2025-08-11 16:20:01,741 - INFO - Successfully posted data to server for SP3
2025-08-11 16:20:01,823 - INFO - Successfully posted data to server for SP4
2025-08-11 16:20:01,900 - INFO - Successfully posted data to server for DG INCOMER
2025-08-11 16:20:35,211 - INFO - Successfully posted data to server for EB INCOMER
2025-08-11 16:20:35,343 - INFO - Successfully posted data to server for SP3
2025-08-11 16:20:35,433 - INFO - Successfully posted data to server for SP4
2025-08-11 16:20:35,490 - INFO - Successfully posted data to server for DG INCOMER
2025-08-11 16:21:12,130 - INFO - Successfully posted data to server for EB INCOMER
2025-08-11 16:21:12,442 - INFO - Successfully posted data to server for SP3
2025-08-11 16:21:12,621 - INFO - Successfully posted data to server for SP4
2025-08-11 16:21:12,790 - INFO - Successfully posted data to server for DG INCOMER
2025-08-11 16:21:47,076 - INFO - Successfully posted data to server for EB INCOMER
2025-08-11 16:21:47,176 - INFO - Successfully posted data to server for SP3
2025-08-11 16:21:47,361 - INFO - Successfully posted data to server for SP4
2025-08-11 16:21:47,758 - INFO - Successfully posted data to server for DG INCOMER
2025-08-11 16:22:21,563 - INFO - Successfully posted data to server for EB INCOMER
2025-08-11 16:22:21,711 - INFO - Successfully posted data to server for SP3
2025-08-11 16:22:22,035 - INFO - Successfully posted data to server for SP4
2025-08-11 16:22:22,206 - INFO - Successfully posted data to server for DG INCOMER
2025-08-11 16:22:56,144 - INFO - Successfully posted data to server for EB INCOMER
2025-08-11 16:22:56,531 - INFO - Successfully posted data to server for SP3
2025-08-11 16:22:57,043 - INFO - Successfully posted data to server for SP4
2025-08-11 16:22:57,494 - INFO - Successfully posted data to server for DG INCOMER
2025-08-11 16:23:31,441 - INFO - Successfully posted data to server for EB INCOMER
2025-08-11 16:23:31,505 - INFO - Successfully posted data to server for SP3
2025-08-11 16:23:31,571 - INFO - Successfully posted data to server for SP4
2025-08-11 16:23:31,630 - INFO - Successfully posted data to server for DG INCOMER
2025-08-11 16:24:05,423 - INFO - Successfully posted data to server for EB INCOMER
2025-08-11 16:24:05,547 - INFO - Successfully posted data to server for SP3
2025-08-11 16:24:05,620 - INFO - Successfully posted data to server for SP4
2025-08-11 16:24:05,682 - INFO - Successfully posted data to server for DG INCOMER
2025-08-11 16:24:39,332 - INFO - Successfully posted data to server for EB INCOMER
2025-08-11 16:24:39,387 - INFO - Successfully posted data to server for SP3
2025-08-11 16:24:39,431 - INFO - Successfully posted data to server for SP4
2025-08-11 16:24:39,500 - INFO - Successfully posted data to server for DG INCOMER
2025-08-11 16:25:13,323 - INFO - Successfully posted data to server for EB INCOMER
2025-08-11 16:25:13,393 - INFO - Successfully posted data to server for SP3
2025-08-11 16:25:13,440 - INFO - Successfully posted data to server for SP4
2025-08-11 16:25:13,484 - INFO - Successfully posted data to server for DG INCOMER
2025-08-11 16:25:46,773 - INFO - Successfully posted data to server for EB INCOMER
2025-08-11 16:25:47,093 - INFO - Successfully posted data to server for SP3
2025-08-11 16:25:47,192 - INFO - Successfully posted data to server for SP4
2025-08-11 16:25:47,261 - INFO - Successfully posted data to server for DG INCOMER
2025-08-11 16:26:21,342 - INFO - Successfully posted data to server for EB INCOMER
2025-08-11 16:26:21,514 - INFO - Successfully posted data to server for SP3
2025-08-11 16:26:21,600 - INFO - Successfully posted data to server for SP4
2025-08-11 16:26:21,673 - INFO - Successfully posted data to server for DG INCOMER
2025-08-11 16:26:55,330 - INFO - Successfully posted data to server for EB INCOMER
2025-08-11 16:26:55,379 - INFO - Successfully posted data to server for SP3
2025-08-11 16:26:55,460 - INFO - Successfully posted data to server for SP4
2025-08-11 16:26:55,524 - INFO - Successfully posted data to server for DG INCOMER
2025-08-11 16:27:29,486 - INFO - Successfully posted data to server for EB INCOMER
2025-08-11 16:27:29,708 - INFO - Successfully posted data to server for SP3
2025-08-11 16:27:29,824 - INFO - Successfully posted data to server for SP4
2025-08-11 16:27:29,895 - INFO - Successfully posted data to server for DG INCOMER
2025-08-11 16:28:04,142 - INFO - Successfully posted data to server for EB INCOMER
2025-08-11 16:28:04,255 - INFO - Successfully posted data to server for SP3
2025-08-11 16:28:04,330 - INFO - Successfully posted data to server for SP4
2025-08-11 16:28:04,404 - INFO - Successfully posted data to server for DG INCOMER
2025-08-11 16:28:38,114 - INFO - Successfully posted data to server for EB INCOMER
2025-08-11 16:28:38,257 - INFO - Successfully posted data to server for SP3
2025-08-11 16:28:38,354 - INFO - Successfully posted data to server for SP4
2025-08-11 16:28:38,425 - INFO - Successfully posted data to server for DG INCOMER
2025-08-11 16:29:12,089 - INFO - Successfully posted data to server for EB INCOMER
2025-08-11 16:29:12,146 - INFO - Successfully posted data to server for SP3
2025-08-11 16:29:12,195 - INFO - Successfully posted data to server for SP4
2025-08-11 16:29:12,237 - INFO - Successfully posted data to server for DG INCOMER
2025-08-11 16:29:45,950 - INFO - Successfully posted data to server for EB INCOMER
2025-08-11 16:29:46,154 - INFO - Successfully posted data to server for SP3
2025-08-11 16:29:46,417 - INFO - Successfully posted data to server for SP4
2025-08-11 16:29:46,639 - INFO - Successfully posted data to server for DG INCOMER
2025-08-11 16:30:20,557 - INFO - Successfully posted data to server for EB INCOMER
2025-08-11 16:30:20,646 - INFO - Successfully posted data to server for SP3
2025-08-11 16:30:20,716 - INFO - Successfully posted data to server for SP4
2025-08-11 16:30:20,787 - INFO - Successfully posted data to server for DG INCOMER
2025-08-11 16:30:54,506 - INFO - Successfully posted data to server for EB INCOMER
2025-08-11 16:30:54,562 - INFO - Successfully posted data to server for SP3
2025-08-11 16:30:54,623 - INFO - Successfully posted data to server for SP4
2025-08-11 16:30:54,667 - INFO - Successfully posted data to server for DG INCOMER
2025-08-11 16:31:28,346 - INFO - Successfully posted data to server for EB INCOMER
2025-08-11 16:31:28,430 - INFO - Successfully posted data to server for SP3
2025-08-11 16:31:28,551 - INFO - Successfully posted data to server for SP4
2025-08-11 16:31:28,638 - INFO - Successfully posted data to server for DG INCOMER
2025-08-11 16:32:02,535 - INFO - Successfully posted data to server for EB INCOMER
2025-08-11 16:32:02,600 - INFO - Successfully posted data to server for SP3
2025-08-11 16:32:02,724 - INFO - Successfully posted data to server for SP4
2025-08-11 16:32:02,783 - INFO - Successfully posted data to server for DG INCOMER
2025-08-11 16:32:36,559 - INFO - Successfully posted data to server for EB INCOMER
2025-08-11 16:32:36,676 - INFO - Successfully posted data to server for SP3
2025-08-11 16:32:36,770 - INFO - Successfully posted data to server for SP4
2025-08-11 16:32:36,837 - INFO - Successfully posted data to server for DG INCOMER
2025-08-11 16:33:10,514 - INFO - Successfully posted data to server for EB INCOMER
2025-08-11 16:33:10,581 - INFO - Successfully posted data to server for SP3
2025-08-11 16:33:10,802 - INFO - Successfully posted data to server for SP4
2025-08-11 16:33:10,862 - INFO - Successfully posted data to server for DG INCOMER
2025-08-11 16:33:48,294 - INFO - Successfully posted data to server for EB INCOMER
2025-08-11 16:33:48,391 - INFO - Successfully posted data to server for SP3
2025-08-11 16:33:48,546 - INFO - Successfully posted data to server for SP4
2025-08-11 16:33:48,671 - INFO - Successfully posted data to server for DG INCOMER
2025-08-11 16:34:22,399 - INFO - Successfully posted data to server for EB INCOMER
2025-08-11 16:34:22,459 - INFO - Successfully posted data to server for SP3
2025-08-11 16:34:22,504 - INFO - Successfully posted data to server for SP4
2025-08-11 16:34:22,589 - INFO - Successfully posted data to server for DG INCOMER
2025-08-11 16:34:57,407 - INFO - Successfully posted data to server for EB INCOMER
2025-08-11 16:34:57,505 - INFO - Successfully posted data to server for SP3
2025-08-11 16:34:57,564 - INFO - Successfully posted data to server for SP4
2025-08-11 16:34:57,622 - INFO - Successfully posted data to server for DG INCOMER
2025-08-11 16:35:31,437 - INFO - Successfully posted data to server for EB INCOMER
2025-08-11 16:35:31,505 - INFO - Successfully posted data to server for SP3
2025-08-11 16:35:31,601 - INFO - Successfully posted data to server for SP4
2025-08-11 16:35:31,674 - INFO - Successfully posted data to server for DG INCOMER
2025-08-11 16:36:05,005 - INFO - Successfully posted data to server for EB INCOMER
2025-08-11 16:36:05,092 - INFO - Successfully posted data to server for SP3
2025-08-11 16:36:05,159 - INFO - Successfully posted data to server for SP4
2025-08-11 16:36:05,265 - INFO - Successfully posted data to server for DG INCOMER
2025-08-11 16:36:39,715 - INFO - Successfully posted data to server for EB INCOMER
2025-08-11 16:36:39,763 - INFO - Successfully posted data to server for SP3
2025-08-11 16:36:39,827 - INFO - Successfully posted data to server for SP4
2025-08-11 16:36:39,903 - INFO - Successfully posted data to server for DG INCOMER
2025-08-11 16:37:13,631 - INFO - Successfully posted data to server for EB INCOMER
2025-08-11 16:37:13,707 - INFO - Successfully posted data to server for SP3
2025-08-11 16:37:14,042 - INFO - Successfully posted data to server for SP4
2025-08-11 16:37:14,152 - INFO - Successfully posted data to server for DG INCOMER
2025-08-11 16:37:48,061 - INFO - Successfully posted data to server for EB INCOMER
2025-08-11 16:37:48,140 - INFO - Successfully posted data to server for SP3
2025-08-11 16:37:48,246 - INFO - Successfully posted data to server for SP4
2025-08-11 16:37:48,322 - INFO - Successfully posted data to server for DG INCOMER
2025-08-11 16:38:22,219 - INFO - Successfully posted data to server for EB INCOMER
2025-08-11 16:38:22,286 - INFO - Successfully posted data to server for SP3
2025-08-11 16:38:22,369 - INFO - Successfully posted data to server for SP4
2025-08-11 16:38:22,442 - INFO - Successfully posted data to server for DG INCOMER
2025-08-11 16:38:56,915 - INFO - Successfully posted data to server for EB INCOMER
2025-08-11 16:38:57,058 - INFO - Successfully posted data to server for SP3
2025-08-11 16:38:57,119 - INFO - Successfully posted data to server for SP4
2025-08-11 16:38:57,251 - INFO - Successfully posted data to server for DG INCOMER
2025-08-11 16:39:31,011 - INFO - Successfully posted data to server for EB INCOMER
2025-08-11 16:39:31,078 - INFO - Successfully posted data to server for SP3
2025-08-11 16:39:31,247 - INFO - Successfully posted data to server for SP4
2025-08-11 16:39:31,328 - INFO - Successfully posted data to server for DG INCOMER
2025-08-11 16:40:05,253 - INFO - Successfully posted data to server for EB INCOMER
2025-08-11 16:40:05,327 - INFO - Successfully posted data to server for SP3
2025-08-11 16:40:05,396 - INFO - Successfully posted data to server for SP4
2025-08-11 16:40:05,444 - INFO - Successfully posted data to server for DG INCOMER
2025-08-11 16:40:39,954 - INFO - Successfully posted data to server for EB INCOMER
2025-08-11 16:40:40,121 - INFO - Successfully posted data to server for SP3
2025-08-11 16:40:40,265 - INFO - Successfully posted data to server for SP4
2025-08-11 16:40:40,322 - INFO - Successfully posted data to server for DG INCOMER
2025-08-11 16:41:13,557 - INFO - Successfully posted data to server for EB INCOMER
2025-08-11 16:41:13,623 - INFO - Successfully posted data to server for SP3
2025-08-11 16:41:13,705 - INFO - Successfully posted data to server for SP4
2025-08-11 16:41:13,763 - INFO - Successfully posted data to server for DG INCOMER
2025-08-11 16:41:47,737 - INFO - Successfully posted data to server for EB INCOMER
2025-08-11 16:41:47,829 - INFO - Successfully posted data to server for SP3
2025-08-11 16:41:48,337 - INFO - Successfully posted data to server for SP4
2025-08-11 16:41:48,547 - INFO - Successfully posted data to server for DG INCOMER
2025-08-11 16:42:22,544 - INFO - Successfully posted data to server for EB INCOMER
2025-08-11 16:42:22,843 - INFO - Successfully posted data to server for SP3
2025-08-11 16:42:23,098 - INFO - Successfully posted data to server for SP4
2025-08-11 16:42:23,197 - INFO - Successfully posted data to server for DG INCOMER
2025-08-11 16:42:57,210 - INFO - Successfully posted data to server for EB INCOMER
2025-08-11 16:42:57,499 - INFO - Successfully posted data to server for SP3
2025-08-11 16:42:57,692 - INFO - Successfully posted data to server for SP4
2025-08-11 16:42:57,818 - INFO - Successfully posted data to server for DG INCOMER
2025-08-11 16:43:31,564 - INFO - Successfully posted data to server for EB INCOMER
2025-08-11 16:43:31,657 - INFO - Successfully posted data to server for SP3
2025-08-11 16:43:31,746 - INFO - Successfully posted data to server for SP4
2025-08-11 16:43:31,842 - INFO - Successfully posted data to server for DG INCOMER
2025-08-11 16:44:05,678 - INFO - Successfully posted data to server for EB INCOMER
2025-08-11 16:44:05,726 - INFO - Successfully posted data to server for SP3
2025-08-11 16:44:05,768 - INFO - Successfully posted data to server for SP4
2025-08-11 16:44:05,855 - INFO - Successfully posted data to server for DG INCOMER
2025-08-11 16:44:39,675 - INFO - Successfully posted data to server for EB INCOMER
2025-08-11 16:44:39,741 - INFO - Successfully posted data to server for SP3
2025-08-11 16:44:39,871 - INFO - Successfully posted data to server for SP4
2025-08-11 16:44:39,947 - INFO - Successfully posted data to server for DG INCOMER
2025-08-11 16:45:13,214 - INFO - Successfully posted data to server for EB INCOMER
2025-08-11 16:45:13,313 - INFO - Successfully posted data to server for SP3
2025-08-11 16:45:13,450 - INFO - Successfully posted data to server for SP4
2025-08-11 16:45:13,562 - INFO - Successfully posted data to server for DG INCOMER
2025-08-11 16:45:47,366 - INFO - Successfully posted data to server for EB INCOMER
2025-08-11 16:45:47,515 - INFO - Successfully posted data to server for SP3
2025-08-11 16:45:47,614 - INFO - Successfully posted data to server for SP4
2025-08-11 16:45:47,718 - INFO - Successfully posted data to server for DG INCOMER
2025-08-11 16:46:21,456 - INFO - Successfully posted data to server for EB INCOMER
2025-08-11 16:46:21,554 - INFO - Successfully posted data to server for SP3
2025-08-11 16:46:21,621 - INFO - Successfully posted data to server for SP4
2025-08-11 16:46:21,673 - INFO - Successfully posted data to server for DG INCOMER
2025-08-11 16:46:55,575 - INFO - Successfully posted data to server for EB INCOMER
2025-08-11 16:46:55,649 - INFO - Successfully posted data to server for SP3
2025-08-11 16:46:55,720 - INFO - Successfully posted data to server for SP4
2025-08-11 16:46:55,813 - INFO - Successfully posted data to server for DG INCOMER
2025-08-11 16:47:29,655 - INFO - Successfully posted data to server for EB INCOMER
2025-08-11 16:47:29,723 - INFO - Successfully posted data to server for SP3
2025-08-11 16:47:29,792 - INFO - Successfully posted data to server for SP4
2025-08-11 16:47:29,849 - INFO - Successfully posted data to server for DG INCOMER
2025-08-11 16:48:03,597 - INFO - Successfully posted data to server for EB INCOMER
2025-08-11 16:48:03,654 - INFO - Successfully posted data to server for SP3
2025-08-11 16:48:03,735 - INFO - Successfully posted data to server for SP4
2025-08-11 16:48:03,801 - INFO - Successfully posted data to server for DG INCOMER
2025-08-11 16:48:51,958 - INFO - Successfully posted data to server for EB INCOMER
2025-08-11 16:48:52,009 - INFO - Successfully posted data to server for SP3
2025-08-11 16:48:52,060 - INFO - Successfully posted data to server for SP4
2025-08-11 16:48:52,121 - INFO - Successfully posted data to server for DG INCOMER
2025-08-11 16:49:26,015 - INFO - Successfully posted data to server for EB INCOMER
2025-08-11 16:49:26,060 - INFO - Successfully posted data to server for SP3
2025-08-11 16:49:26,118 - INFO - Successfully posted data to server for SP4
2025-08-11 16:49:26,180 - INFO - Successfully posted data to server for DG INCOMER
2025-08-11 16:49:59,958 - INFO - Successfully posted data to server for EB INCOMER
2025-08-11 16:50:00,011 - INFO - Successfully posted data to server for SP3
2025-08-11 16:50:00,058 - INFO - Successfully posted data to server for SP4
2025-08-11 16:50:00,113 - INFO - Successfully posted data to server for DG INCOMER
2025-08-11 16:50:33,873 - INFO - Successfully posted data to server for EB INCOMER
2025-08-11 16:50:33,964 - INFO - Successfully posted data to server for SP3
2025-08-11 16:50:34,020 - INFO - Successfully posted data to server for SP4
2025-08-11 16:50:34,060 - INFO - Successfully posted data to server for DG INCOMER
2025-08-11 16:51:07,541 - INFO - Successfully posted data to server for EB INCOMER
2025-08-11 16:51:07,608 - INFO - Successfully posted data to server for SP3
2025-08-11 16:51:07,663 - INFO - Successfully posted data to server for SP4
2025-08-11 16:51:07,744 - INFO - Successfully posted data to server for DG INCOMER
2025-08-11 16:51:41,557 - INFO - Successfully posted data to server for EB INCOMER
2025-08-11 16:51:41,606 - INFO - Successfully posted data to server for SP3
2025-08-11 16:51:41,650 - INFO - Successfully posted data to server for SP4
2025-08-11 16:51:41,711 - INFO - Successfully posted data to server for DG INCOMER
2025-08-11 16:58:06,963 - INFO - Successfully posted data to server for EB INCOMER
2025-08-11 16:58:07,077 - INFO - Successfully posted data to server for SP3
2025-08-11 16:58:07,151 - INFO - Successfully posted data to server for SP4
2025-08-11 16:58:07,253 - INFO - Successfully posted data to server for DG INCOMER
2025-08-11 16:58:40,971 - INFO - Successfully posted data to server for EB INCOMER
2025-08-11 16:58:41,030 - INFO - Successfully posted data to server for SP3
2025-08-11 16:58:41,083 - INFO - Successfully posted data to server for SP4
2025-08-11 16:58:41,138 - INFO - Successfully posted data to server for DG INCOMER
2025-08-11 16:59:15,389 - INFO - Successfully posted data to server for EB INCOMER
2025-08-11 16:59:15,450 - INFO - Successfully posted data to server for SP3
2025-08-11 16:59:15,506 - INFO - Successfully posted data to server for SP4
2025-08-11 16:59:15,567 - INFO - Successfully posted data to server for DG INCOMER
2025-08-11 16:59:49,232 - INFO - Successfully posted data to server for EB INCOMER
2025-08-11 16:59:49,281 - INFO - Successfully posted data to server for SP3
2025-08-11 16:59:49,339 - INFO - Successfully posted data to server for SP4
2025-08-11 16:59:49,403 - INFO - Successfully posted data to server for DG INCOMER
2025-08-11 17:00:23,199 - INFO - Successfully posted data to server for EB INCOMER
2025-08-11 17:00:23,315 - INFO - Successfully posted data to server for SP3
2025-08-11 17:00:23,480 - INFO - Successfully posted data to server for SP4
2025-08-11 17:00:23,587 - INFO - Successfully posted data to server for DG INCOMER
2025-08-11 17:00:57,445 - INFO - Successfully posted data to server for EB INCOMER
2025-08-11 17:00:57,587 - INFO - Successfully posted data to server for SP3
2025-08-11 17:00:57,716 - INFO - Successfully posted data to server for SP4
2025-08-11 17:00:57,777 - INFO - Successfully posted data to server for DG INCOMER
2025-08-11 17:01:31,577 - INFO - Successfully posted data to server for EB INCOMER
2025-08-11 17:01:31,636 - INFO - Successfully posted data to server for SP3
2025-08-11 17:01:31,701 - INFO - Successfully posted data to server for SP4
2025-08-11 17:01:31,758 - INFO - Successfully posted data to server for DG INCOMER
2025-08-11 17:02:05,632 - INFO - Successfully posted data to server for EB INCOMER
2025-08-11 17:02:05,832 - INFO - Successfully posted data to server for SP3
2025-08-11 17:02:06,022 - INFO - Successfully posted data to server for SP4
2025-08-11 17:02:06,918 - INFO - Successfully posted data to server for DG INCOMER
2025-08-11 17:02:40,594 - INFO - Successfully posted data to server for EB INCOMER
2025-08-11 17:02:40,742 - INFO - Successfully posted data to server for SP3
2025-08-11 17:02:40,802 - INFO - Successfully posted data to server for SP4
2025-08-11 17:02:40,891 - INFO - Successfully posted data to server for DG INCOMER
2025-08-11 17:03:14,551 - INFO - Successfully posted data to server for EB INCOMER
2025-08-11 17:03:14,601 - INFO - Successfully posted data to server for SP3
2025-08-11 17:03:14,650 - INFO - Successfully posted data to server for SP4
2025-08-11 17:03:14,707 - INFO - Successfully posted data to server for DG INCOMER
2025-08-11 17:03:48,388 - INFO - Successfully posted data to server for EB INCOMER
2025-08-11 17:03:48,462 - INFO - Successfully posted data to server for SP3
2025-08-11 17:03:48,692 - INFO - Successfully posted data to server for SP4
2025-08-11 17:03:48,775 - INFO - Successfully posted data to server for DG INCOMER
2025-08-11 17:04:22,453 - INFO - Successfully posted data to server for EB INCOMER
2025-08-11 17:04:22,509 - INFO - Successfully posted data to server for SP3
2025-08-11 17:04:22,639 - INFO - Successfully posted data to server for SP4
2025-08-11 17:04:22,737 - INFO - Successfully posted data to server for DG INCOMER
2025-08-11 17:04:56,597 - INFO - Successfully posted data to server for EB INCOMER
2025-08-11 17:04:56,646 - INFO - Successfully posted data to server for SP3
2025-08-11 17:04:56,686 - INFO - Successfully posted data to server for SP4
2025-08-11 17:04:56,732 - INFO - Successfully posted data to server for DG INCOMER
2025-08-11 17:05:30,527 - INFO - Successfully posted data to server for EB INCOMER
2025-08-11 17:05:30,631 - INFO - Successfully posted data to server for SP3
2025-08-11 17:05:30,718 - INFO - Successfully posted data to server for SP4
2025-08-11 17:05:31,013 - INFO - Successfully posted data to server for DG INCOMER
2025-08-11 20:31:37,561 - INFO - Starting dashboard DB version...
2025-08-11 20:31:37,615 - INFO - Connected to /dev/ttyUSB0
2025-08-11 20:31:37,616 - INFO - Location 'SP3 PH': 2 devices, CSV: /home/pi/Downloads/DB_update/simple-meter-dashboard/csv_data/SP3PH.csv
2025-08-11 20:31:39,237 - INFO - Successfully posted data to server for EB INCOMER
2025-08-11 20:31:39,289 - INFO - Successfully posted data to server for SP3
2025-08-11 20:32:11,012 - INFO - Successfully posted data to server for EB INCOMER
2025-08-11 20:32:11,069 - INFO - Successfully posted data to server for SP3
2025-08-11 20:32:29,081 - INFO - Dashboard stopped by user.
