2025-09-04 11:58:10,813 - INFO - Starting dashboard DB version (MQTT only)...
2025-09-04 11:58:10,815 - INFO - Location 'KONDRAI': 4 devices, CSV: /home/pi/Desktop/0309/csv_data/KONDRAI.csv
2025-09-04 11:58:10,816 - INFO - Location 'SEVANTHI': 2 devices, CSV: /home/pi/Desktop/0309/csv_data/SEVANTHI.csv
2025-09-04 11:58:10,817 - INFO - Location 'LAUNDROMAT': 2 devices, CSV: /home/pi/Desktop/0309/csv_data/LAUNDROMAT.csv
2025-09-04 11:58:10,851 - INFO - 💤 Waiting 5 seconds for next reading cycle...
2025-09-04 11:58:15,900 - INFO - 💤 Waiting 5 seconds for next reading cycle...
2025-09-04 11:58:20,927 - INFO - 💤 Waiting 5 seconds for next reading cycle...
2025-09-04 11:58:25,953 - INFO - 💤 Waiting 5 seconds for next reading cycle...
2025-09-04 11:58:30,975 - INFO - 💤 Waiting 5 seconds for next reading cycle...
2025-09-04 11:58:35,994 - INFO - 💤 Waiting 5 seconds for next reading cycle...
2025-09-04 11:58:41,013 - INFO - 💤 Waiting 5 seconds for next reading cycle...
2025-09-04 11:58:46,032 - INFO - 💤 Waiting 5 seconds for next reading cycle...
2025-09-04 11:58:51,051 - INFO - 💤 Waiting 5 seconds for next reading cycle...
2025-09-04 11:58:56,091 - INFO - 💤 Waiting 5 seconds for next reading cycle...
2025-09-04 11:59:01,111 - INFO - 💤 Waiting 5 seconds for next reading cycle...
2025-09-04 11:59:06,130 - INFO - 💤 Waiting 5 seconds for next reading cycle...
2025-09-04 11:59:11,155 - INFO - 💤 Waiting 5 seconds for next reading cycle...
2025-09-04 11:59:16,197 - INFO - 💤 Waiting 5 seconds for next reading cycle...
2025-09-04 11:59:21,216 - INFO - 💤 Waiting 5 seconds for next reading cycle...
2025-09-04 11:59:26,234 - INFO - 💤 Waiting 5 seconds for next reading cycle...
2025-09-04 11:59:31,254 - INFO - 💤 Waiting 5 seconds for next reading cycle...
2025-09-04 11:59:36,272 - INFO - 💤 Waiting 5 seconds for next reading cycle...
2025-09-04 11:59:41,290 - INFO - 💤 Waiting 5 seconds for next reading cycle...
2025-09-04 11:59:46,309 - INFO - 💤 Waiting 5 seconds for next reading cycle...
2025-09-04 11:59:51,330 - INFO - 💤 Waiting 5 seconds for next reading cycle...
2025-09-04 11:59:56,378 - INFO - 💤 Waiting 5 seconds for next reading cycle...
2025-09-04 12:00:01,400 - INFO - 💤 Waiting 5 seconds for next reading cycle...
2025-09-04 12:00:06,441 - INFO - 💤 Waiting 5 seconds for next reading cycle...
2025-09-04 12:00:11,459 - INFO - 💤 Waiting 5 seconds for next reading cycle...
2025-09-04 12:00:16,477 - INFO - 💤 Waiting 5 seconds for next reading cycle...
2025-09-04 12:00:21,495 - INFO - 💤 Waiting 5 seconds for next reading cycle...
2025-09-04 12:00:26,513 - INFO - 💤 Waiting 5 seconds for next reading cycle...
2025-09-04 12:00:31,531 - INFO - 💤 Waiting 5 seconds for next reading cycle...
2025-09-04 12:00:36,551 - INFO - 💤 Waiting 5 seconds for next reading cycle...
2025-09-04 12:00:41,569 - INFO - 💤 Waiting 5 seconds for next reading cycle...
2025-09-04 12:00:46,586 - INFO - 💤 Waiting 5 seconds for next reading cycle...
2025-09-04 12:00:51,605 - INFO - 💤 Waiting 5 seconds for next reading cycle...
2025-09-04 12:00:56,624 - INFO - 💤 Waiting 5 seconds for next reading cycle...
2025-09-04 12:01:01,684 - INFO - 💤 Waiting 5 seconds for next reading cycle...
2025-09-04 12:01:06,723 - INFO - 💤 Waiting 5 seconds for next reading cycle...
2025-09-04 12:01:11,742 - INFO - 💤 Waiting 5 seconds for next reading cycle...
2025-09-04 12:01:16,762 - INFO - 💤 Waiting 5 seconds for next reading cycle...
2025-09-04 12:01:21,781 - INFO - 💤 Waiting 5 seconds for next reading cycle...
2025-09-04 12:01:26,827 - INFO - 💤 Waiting 5 seconds for next reading cycle...
2025-09-04 12:01:31,845 - INFO - 💤 Waiting 5 seconds for next reading cycle...
2025-09-04 12:01:36,863 - INFO - 💤 Waiting 5 seconds for next reading cycle...
2025-09-04 12:01:41,882 - INFO - 💤 Waiting 5 seconds for next reading cycle...
2025-09-04 12:01:46,933 - INFO - 💤 Waiting 5 seconds for next reading cycle...
2025-09-04 12:01:51,955 - INFO - 💤 Waiting 5 seconds for next reading cycle...
2025-09-04 12:01:56,975 - INFO - 💤 Waiting 5 seconds for next reading cycle...
2025-09-04 12:02:02,016 - INFO - 💤 Waiting 5 seconds for next reading cycle...
2025-09-04 12:02:07,035 - INFO - 💤 Waiting 5 seconds for next reading cycle...
2025-09-04 12:02:12,075 - INFO - 💤 Waiting 5 seconds for next reading cycle...
2025-09-04 12:02:17,093 - INFO - 💤 Waiting 5 seconds for next reading cycle...
2025-09-04 12:02:22,110 - INFO - 💤 Waiting 5 seconds for next reading cycle...
2025-09-04 12:02:27,152 - INFO - 💤 Waiting 5 seconds for next reading cycle...
2025-09-04 12:02:32,170 - INFO - 💤 Waiting 5 seconds for next reading cycle...
2025-09-04 12:02:37,213 - INFO - 💤 Waiting 5 seconds for next reading cycle...
2025-09-04 12:02:42,232 - INFO - 💤 Waiting 5 seconds for next reading cycle...
2025-09-04 12:02:47,267 - INFO - 💤 Waiting 5 seconds for next reading cycle...
2025-09-04 12:02:52,287 - INFO - 💤 Waiting 5 seconds for next reading cycle...
2025-09-04 12:02:57,327 - INFO - 💤 Waiting 5 seconds for next reading cycle...
2025-09-04 12:03:02,346 - INFO - 💤 Waiting 5 seconds for next reading cycle...
2025-09-04 12:03:07,386 - INFO - 💤 Waiting 5 seconds for next reading cycle...
2025-09-04 12:03:12,404 - INFO - 💤 Waiting 5 seconds for next reading cycle...
2025-09-04 12:03:17,435 - INFO - 💤 Waiting 5 seconds for next reading cycle...
2025-09-04 12:03:22,471 - INFO - 💤 Waiting 5 seconds for next reading cycle...
2025-09-04 12:03:27,509 - INFO - 💤 Waiting 5 seconds for next reading cycle...
2025-09-04 12:03:32,549 - INFO - 💤 Waiting 5 seconds for next reading cycle...
2025-09-04 12:03:37,568 - INFO - 💤 Waiting 5 seconds for next reading cycle...
2025-09-04 12:03:42,606 - INFO - 💤 Waiting 5 seconds for next reading cycle...
2025-09-04 12:03:47,646 - INFO - 💤 Waiting 5 seconds for next reading cycle...
2025-09-04 12:03:52,664 - INFO - 💤 Waiting 5 seconds for next reading cycle...
2025-09-04 12:03:57,706 - INFO - 💤 Waiting 5 seconds for next reading cycle...
2025-09-04 12:04:02,724 - INFO - 💤 Waiting 5 seconds for next reading cycle...
2025-09-04 12:04:07,763 - INFO - 💤 Waiting 5 seconds for next reading cycle...
2025-09-04 12:04:12,781 - INFO - 💤 Waiting 5 seconds for next reading cycle...
2025-09-04 12:04:17,818 - INFO - 💤 Waiting 5 seconds for next reading cycle...
2025-09-04 12:04:22,840 - INFO - 💤 Waiting 5 seconds for next reading cycle...
2025-09-04 12:04:27,884 - INFO - 💤 Waiting 5 seconds for next reading cycle...
2025-09-04 12:04:32,902 - INFO - 💤 Waiting 5 seconds for next reading cycle...
2025-09-04 12:04:37,939 - INFO - 💤 Waiting 5 seconds for next reading cycle...
2025-09-04 12:04:42,992 - INFO - 💤 Waiting 5 seconds for next reading cycle...
2025-09-04 12:04:48,038 - INFO - 💤 Waiting 5 seconds for next reading cycle...
2025-09-04 12:04:53,058 - INFO - 💤 Waiting 5 seconds for next reading cycle...
2025-09-04 12:04:58,107 - INFO - 💤 Waiting 5 seconds for next reading cycle...
2025-09-04 12:05:03,128 - INFO - 💤 Waiting 5 seconds for next reading cycle...
2025-09-04 12:05:08,167 - INFO - 💤 Waiting 5 seconds for next reading cycle...
2025-09-04 12:05:13,187 - INFO - 💤 Waiting 5 seconds for next reading cycle...
2025-09-04 12:05:18,224 - INFO - 💤 Waiting 5 seconds for next reading cycle...
2025-09-04 12:05:23,243 - INFO - 💤 Waiting 5 seconds for next reading cycle...
2025-09-04 12:05:28,285 - INFO - 💤 Waiting 5 seconds for next reading cycle...
2025-09-04 12:05:33,326 - INFO - 💤 Waiting 5 seconds for next reading cycle...
2025-09-04 12:05:38,346 - INFO - 💤 Waiting 5 seconds for next reading cycle...
2025-09-04 12:05:43,383 - INFO - 💤 Waiting 5 seconds for next reading cycle...
2025-09-04 12:05:48,424 - INFO - 💤 Waiting 5 seconds for next reading cycle...
2025-09-04 12:05:53,442 - INFO - 💤 Waiting 5 seconds for next reading cycle...
2025-09-04 12:05:58,480 - INFO - 💤 Waiting 5 seconds for next reading cycle...
2025-09-04 12:06:03,498 - INFO - 💤 Waiting 5 seconds for next reading cycle...
2025-09-04 12:06:08,516 - INFO - 💤 Waiting 5 seconds for next reading cycle...
2025-09-04 12:06:13,554 - INFO - 💤 Waiting 5 seconds for next reading cycle...
2025-09-04 12:06:18,571 - INFO - 💤 Waiting 5 seconds for next reading cycle...
2025-09-04 12:06:23,609 - INFO - 💤 Waiting 5 seconds for next reading cycle...
2025-09-04 12:06:28,626 - INFO - 💤 Waiting 5 seconds for next reading cycle...
2025-09-04 12:06:33,647 - INFO - 💤 Waiting 5 seconds for next reading cycle...
2025-09-04 12:06:38,684 - INFO - 💤 Waiting 5 seconds for next reading cycle...
2025-09-04 12:06:43,729 - INFO - 💤 Waiting 5 seconds for next reading cycle...
2025-09-04 12:06:48,751 - INFO - 💤 Waiting 5 seconds for next reading cycle...
2025-09-04 12:06:53,801 - INFO - 💤 Waiting 5 seconds for next reading cycle...
2025-09-04 12:06:58,841 - INFO - 💤 Waiting 5 seconds for next reading cycle...
2025-09-04 12:07:03,861 - INFO - 💤 Waiting 5 seconds for next reading cycle...
2025-09-04 12:07:08,898 - INFO - 💤 Waiting 5 seconds for next reading cycle...
2025-09-04 12:07:13,937 - INFO - 💤 Waiting 5 seconds for next reading cycle...
2025-09-04 12:07:18,956 - INFO - 💤 Waiting 5 seconds for next reading cycle...
2025-09-04 12:07:23,975 - INFO - 💤 Waiting 5 seconds for next reading cycle...
2025-09-04 12:07:29,017 - INFO - 💤 Waiting 5 seconds for next reading cycle...
2025-09-04 12:07:34,061 - INFO - 💤 Waiting 5 seconds for next reading cycle...
2025-09-04 12:07:39,078 - INFO - 💤 Waiting 5 seconds for next reading cycle...
2025-09-04 12:07:44,117 - INFO - 💤 Waiting 5 seconds for next reading cycle...
2025-09-04 12:07:49,136 - INFO - 💤 Waiting 5 seconds for next reading cycle...
2025-09-04 12:07:54,153 - INFO - 💤 Waiting 5 seconds for next reading cycle...
2025-09-04 12:07:59,193 - INFO - 💤 Waiting 5 seconds for next reading cycle...
2025-09-04 12:08:04,233 - INFO - 💤 Waiting 5 seconds for next reading cycle...
2025-09-04 12:08:09,253 - INFO - 💤 Waiting 5 seconds for next reading cycle...
2025-09-04 12:08:14,291 - INFO - 💤 Waiting 5 seconds for next reading cycle...
2025-09-04 12:08:19,332 - INFO - 💤 Waiting 5 seconds for next reading cycle...
2025-09-04 12:08:24,351 - INFO - 💤 Waiting 5 seconds for next reading cycle...
2025-09-04 12:08:29,393 - INFO - 💤 Waiting 5 seconds for next reading cycle...
2025-09-04 12:08:34,432 - INFO - 💤 Waiting 5 seconds for next reading cycle...
2025-09-04 12:08:39,451 - INFO - 💤 Waiting 5 seconds for next reading cycle...
2025-09-04 12:08:44,489 - INFO - 💤 Waiting 5 seconds for next reading cycle...
2025-09-04 12:08:49,530 - INFO - 💤 Waiting 5 seconds for next reading cycle...
2025-09-04 12:08:54,549 - INFO - 💤 Waiting 5 seconds for next reading cycle...
2025-09-04 12:08:59,566 - INFO - 💤 Waiting 5 seconds for next reading cycle...
2025-09-04 12:09:04,607 - INFO - 💤 Waiting 5 seconds for next reading cycle...
2025-09-04 12:09:09,646 - INFO - 💤 Waiting 5 seconds for next reading cycle...
2025-09-04 12:09:14,664 - INFO - 💤 Waiting 5 seconds for next reading cycle...
2025-09-04 12:09:19,681 - INFO - 💤 Waiting 5 seconds for next reading cycle...
2025-09-04 12:09:24,718 - INFO - 💤 Waiting 5 seconds for next reading cycle...
2025-09-04 12:09:29,757 - INFO - 💤 Waiting 5 seconds for next reading cycle...
2025-09-04 12:09:34,776 - INFO - 💤 Waiting 5 seconds for next reading cycle...
2025-09-04 12:09:39,793 - INFO - 💤 Waiting 5 seconds for next reading cycle...
2025-09-04 12:09:44,834 - INFO - 💤 Waiting 5 seconds for next reading cycle...
2025-09-04 12:09:49,851 - INFO - 💤 Waiting 5 seconds for next reading cycle...
2025-09-04 12:09:54,868 - INFO - 💤 Waiting 5 seconds for next reading cycle...
2025-09-04 12:09:59,884 - INFO - 💤 Waiting 5 seconds for next reading cycle...
2025-09-04 12:10:04,919 - INFO - 💤 Waiting 5 seconds for next reading cycle...
2025-09-04 12:10:09,955 - INFO - 💤 Waiting 5 seconds for next reading cycle...
2025-09-04 12:10:14,972 - INFO - 💤 Waiting 5 seconds for next reading cycle...
2025-09-04 12:10:20,008 - INFO - 💤 Waiting 5 seconds for next reading cycle...
2025-09-04 12:10:25,044 - INFO - 💤 Waiting 5 seconds for next reading cycle...
2025-09-04 12:10:30,065 - INFO - 💤 Waiting 5 seconds for next reading cycle...
2025-09-04 12:10:35,103 - INFO - 💤 Waiting 5 seconds for next reading cycle...
2025-09-04 12:10:40,120 - INFO - 💤 Waiting 5 seconds for next reading cycle...
2025-09-04 12:10:45,154 - INFO - 💤 Waiting 5 seconds for next reading cycle...
2025-09-04 12:10:50,171 - INFO - 💤 Waiting 5 seconds for next reading cycle...
2025-09-04 12:10:55,207 - INFO - 💤 Waiting 5 seconds for next reading cycle...
2025-09-04 12:11:00,243 - INFO - 💤 Waiting 5 seconds for next reading cycle...
2025-09-04 12:11:05,262 - INFO - 💤 Waiting 5 seconds for next reading cycle...
2025-09-04 12:11:10,296 - INFO - 💤 Waiting 5 seconds for next reading cycle...
2025-09-04 12:11:15,333 - INFO - 💤 Waiting 5 seconds for next reading cycle...
2025-09-04 12:11:20,350 - INFO - 💤 Waiting 5 seconds for next reading cycle...
2025-09-04 12:11:25,384 - INFO - 💤 Waiting 5 seconds for next reading cycle...
2025-09-04 12:11:30,402 - INFO - 💤 Waiting 5 seconds for next reading cycle...
2025-09-04 12:11:35,438 - INFO - 💤 Waiting 5 seconds for next reading cycle...
2025-09-04 12:11:40,454 - INFO - 💤 Waiting 5 seconds for next reading cycle...
2025-09-04 12:11:45,492 - INFO - 💤 Waiting 5 seconds for next reading cycle...
2025-09-04 12:11:50,528 - INFO - 💤 Waiting 5 seconds for next reading cycle...
2025-09-04 12:11:55,545 - INFO - 💤 Waiting 5 seconds for next reading cycle...
2025-09-04 12:12:00,581 - INFO - 💤 Waiting 5 seconds for next reading cycle...
2025-09-04 12:12:05,600 - INFO - 💤 Waiting 5 seconds for next reading cycle...
2025-09-04 12:12:10,620 - INFO - 💤 Waiting 5 seconds for next reading cycle...
2025-09-04 12:12:15,656 - INFO - 💤 Waiting 5 seconds for next reading cycle...
2025-09-04 12:12:20,673 - INFO - 💤 Waiting 5 seconds for next reading cycle...
2025-09-04 12:12:25,693 - INFO - 💤 Waiting 5 seconds for next reading cycle...
2025-09-04 12:12:30,730 - INFO - 💤 Waiting 5 seconds for next reading cycle...
2025-09-04 12:12:35,766 - INFO - 💤 Waiting 5 seconds for next reading cycle...
2025-09-04 12:12:40,783 - INFO - 💤 Waiting 5 seconds for next reading cycle...
2025-09-04 12:12:45,818 - INFO - 💤 Waiting 5 seconds for next reading cycle...
2025-09-04 12:12:50,852 - INFO - 💤 Waiting 5 seconds for next reading cycle...
2025-09-04 12:12:55,869 - INFO - 💤 Waiting 5 seconds for next reading cycle...
2025-09-04 12:13:00,890 - INFO - 💤 Waiting 5 seconds for next reading cycle...
2025-09-04 12:13:05,929 - INFO - 💤 Waiting 5 seconds for next reading cycle...
2025-09-04 12:13:10,946 - INFO - 💤 Waiting 5 seconds for next reading cycle...
2025-09-04 12:13:15,979 - INFO - 💤 Waiting 5 seconds for next reading cycle...
2025-09-04 12:13:20,997 - INFO - 💤 Waiting 5 seconds for next reading cycle...
2025-09-04 12:13:26,031 - INFO - 💤 Waiting 5 seconds for next reading cycle...
2025-09-04 12:13:31,049 - INFO - 💤 Waiting 5 seconds for next reading cycle...
2025-09-04 12:13:36,068 - INFO - 💤 Waiting 5 seconds for next reading cycle...
2025-09-04 12:13:41,101 - INFO - 💤 Waiting 5 seconds for next reading cycle...
2025-09-04 12:13:46,127 - INFO - 💤 Waiting 5 seconds for next reading cycle...
2025-09-04 12:13:51,145 - INFO - 💤 Waiting 5 seconds for next reading cycle...
2025-09-04 12:13:56,181 - INFO - 💤 Waiting 5 seconds for next reading cycle...
2025-09-04 12:14:01,205 - INFO - 💤 Waiting 5 seconds for next reading cycle...
2025-09-04 12:14:06,239 - INFO - 💤 Waiting 5 seconds for next reading cycle...
2025-09-04 12:14:11,260 - INFO - 💤 Waiting 5 seconds for next reading cycle...
2025-09-04 12:14:16,294 - INFO - 💤 Waiting 5 seconds for next reading cycle...
2025-09-04 12:14:21,326 - INFO - 💤 Waiting 5 seconds for next reading cycle...
2025-09-04 12:14:26,344 - INFO - 💤 Waiting 5 seconds for next reading cycle...
2025-09-04 12:14:31,377 - INFO - 💤 Waiting 5 seconds for next reading cycle...
2025-09-04 12:14:36,394 - INFO - 💤 Waiting 5 seconds for next reading cycle...
2025-09-04 12:14:41,434 - INFO - 💤 Waiting 5 seconds for next reading cycle...
2025-09-04 12:14:46,451 - INFO - 💤 Waiting 5 seconds for next reading cycle...
2025-09-04 12:14:51,488 - INFO - 💤 Waiting 5 seconds for next reading cycle...
2025-09-04 12:14:56,523 - INFO - 💤 Waiting 5 seconds for next reading cycle...
2025-09-04 12:15:01,541 - INFO - 💤 Waiting 5 seconds for next reading cycle...
2025-09-04 12:15:06,558 - INFO - 💤 Waiting 5 seconds for next reading cycle...
2025-09-04 12:15:11,595 - INFO - 💤 Waiting 5 seconds for next reading cycle...
2025-09-04 12:15:16,629 - INFO - 💤 Waiting 5 seconds for next reading cycle...
2025-09-04 12:15:21,645 - INFO - 💤 Waiting 5 seconds for next reading cycle...
2025-09-04 12:15:26,682 - INFO - 💤 Waiting 5 seconds for next reading cycle...
2025-09-04 12:15:31,700 - INFO - 💤 Waiting 5 seconds for next reading cycle...
2025-09-04 12:15:36,733 - INFO - 💤 Waiting 5 seconds for next reading cycle...
2025-09-04 12:15:41,751 - INFO - 💤 Waiting 5 seconds for next reading cycle...
2025-09-04 12:15:46,767 - INFO - 💤 Waiting 5 seconds for next reading cycle...
2025-09-04 12:15:51,801 - INFO - 💤 Waiting 5 seconds for next reading cycle...
2025-09-04 12:15:56,837 - INFO - 💤 Waiting 5 seconds for next reading cycle...
2025-09-04 12:16:01,855 - INFO - 💤 Waiting 5 seconds for next reading cycle...
2025-09-04 12:16:06,873 - INFO - 💤 Waiting 5 seconds for next reading cycle...
2025-09-04 12:16:11,907 - INFO - 💤 Waiting 5 seconds for next reading cycle...
2025-09-04 12:16:16,942 - INFO - 💤 Waiting 5 seconds for next reading cycle...
2025-09-04 12:16:21,959 - INFO - 💤 Waiting 5 seconds for next reading cycle...
2025-09-04 12:16:26,976 - INFO - 💤 Waiting 5 seconds for next reading cycle...
2025-09-04 12:16:32,010 - INFO - 💤 Waiting 5 seconds for next reading cycle...
2025-09-04 12:16:37,052 - INFO - 💤 Waiting 5 seconds for next reading cycle...
2025-09-04 12:16:42,069 - INFO - 💤 Waiting 5 seconds for next reading cycle...
2025-09-04 12:16:47,085 - INFO - 💤 Waiting 5 seconds for next reading cycle...
2025-09-04 12:16:52,125 - INFO - 💤 Waiting 5 seconds for next reading cycle...
2025-09-04 12:16:57,166 - INFO - 💤 Waiting 5 seconds for next reading cycle...
2025-09-04 12:17:02,185 - INFO - 💤 Waiting 5 seconds for next reading cycle...
2025-09-04 12:17:07,234 - INFO - 💤 Waiting 5 seconds for next reading cycle...
2025-09-04 12:17:12,252 - INFO - 💤 Waiting 5 seconds for next reading cycle...
2025-09-04 12:17:17,271 - INFO - 💤 Waiting 5 seconds for next reading cycle...
2025-09-04 12:17:22,288 - INFO - 💤 Waiting 5 seconds for next reading cycle...
2025-09-04 12:17:27,319 - INFO - 💤 Waiting 5 seconds for next reading cycle...
2025-09-04 12:17:32,335 - INFO - 💤 Waiting 5 seconds for next reading cycle...
2025-09-04 12:17:37,368 - INFO - 💤 Waiting 5 seconds for next reading cycle...
2025-09-04 12:17:42,389 - INFO - 💤 Waiting 5 seconds for next reading cycle...
2025-09-04 12:17:47,430 - INFO - 💤 Waiting 5 seconds for next reading cycle...
2025-09-04 12:17:52,449 - INFO - 💤 Waiting 5 seconds for next reading cycle...
2025-09-04 12:17:57,494 - INFO - 💤 Waiting 5 seconds for next reading cycle...
2025-09-04 12:18:02,529 - INFO - 💤 Waiting 5 seconds for next reading cycle...
2025-09-04 12:18:07,564 - INFO - 💤 Waiting 5 seconds for next reading cycle...
2025-09-04 12:18:12,580 - INFO - 💤 Waiting 5 seconds for next reading cycle...
2025-09-04 12:18:17,615 - INFO - 💤 Waiting 5 seconds for next reading cycle...
2025-09-04 12:18:22,663 - INFO - 💤 Waiting 5 seconds for next reading cycle...
2025-09-04 12:18:27,682 - INFO - 💤 Waiting 5 seconds for next reading cycle...
2025-09-04 12:18:32,723 - INFO - 💤 Waiting 5 seconds for next reading cycle...
2025-09-04 12:18:37,761 - INFO - 💤 Waiting 5 seconds for next reading cycle...
2025-09-04 12:18:42,778 - INFO - 💤 Waiting 5 seconds for next reading cycle...
2025-09-04 12:18:47,815 - INFO - 💤 Waiting 5 seconds for next reading cycle...
2025-09-04 12:18:52,835 - INFO - 💤 Waiting 5 seconds for next reading cycle...
2025-09-04 12:18:57,869 - INFO - 💤 Waiting 5 seconds for next reading cycle...
2025-09-04 12:19:02,892 - INFO - 💤 Waiting 5 seconds for next reading cycle...
2025-09-04 12:19:07,912 - INFO - 💤 Waiting 5 seconds for next reading cycle...
2025-09-04 12:19:12,949 - INFO - 💤 Waiting 5 seconds for next reading cycle...
2025-09-04 12:19:17,966 - INFO - 💤 Waiting 5 seconds for next reading cycle...
2025-09-04 12:19:22,982 - INFO - 💤 Waiting 5 seconds for next reading cycle...
2025-09-04 12:19:27,999 - INFO - 💤 Waiting 5 seconds for next reading cycle...
2025-09-04 12:19:33,035 - INFO - 💤 Waiting 5 seconds for next reading cycle...
2025-09-04 12:19:38,071 - INFO - 💤 Waiting 5 seconds for next reading cycle...
2025-09-04 12:19:43,088 - INFO - 💤 Waiting 5 seconds for next reading cycle...
2025-09-04 12:19:48,104 - INFO - 💤 Waiting 5 seconds for next reading cycle...
2025-09-04 12:19:53,121 - INFO - 💤 Waiting 5 seconds for next reading cycle...
2025-09-04 12:19:58,138 - INFO - 💤 Waiting 5 seconds for next reading cycle...
2025-09-04 12:20:03,175 - INFO - 💤 Waiting 5 seconds for next reading cycle...
2025-09-04 12:20:08,193 - INFO - 💤 Waiting 5 seconds for next reading cycle...
2025-09-04 12:20:13,230 - INFO - 💤 Waiting 5 seconds for next reading cycle...
2025-09-04 12:20:18,267 - INFO - 💤 Waiting 5 seconds for next reading cycle...
2025-09-04 12:20:23,283 - INFO - 💤 Waiting 5 seconds for next reading cycle...
2025-09-04 12:20:28,328 - INFO - 💤 Waiting 5 seconds for next reading cycle...
2025-09-04 12:20:33,346 - INFO - 💤 Waiting 5 seconds for next reading cycle...
2025-09-04 12:20:38,362 - INFO - 💤 Waiting 5 seconds for next reading cycle...
2025-09-04 12:20:43,379 - INFO - 💤 Waiting 5 seconds for next reading cycle...
2025-09-04 12:20:48,415 - INFO - 💤 Waiting 5 seconds for next reading cycle...
2025-09-04 12:20:53,450 - INFO - 💤 Waiting 5 seconds for next reading cycle...
2025-09-04 12:20:58,468 - INFO - 💤 Waiting 5 seconds for next reading cycle...
2025-09-04 12:21:03,503 - INFO - 💤 Waiting 5 seconds for next reading cycle...
2025-09-04 12:21:08,521 - INFO - 💤 Waiting 5 seconds for next reading cycle...
2025-09-04 12:21:13,555 - INFO - 💤 Waiting 5 seconds for next reading cycle...
2025-09-04 12:21:18,573 - INFO - 💤 Waiting 5 seconds for next reading cycle...
2025-09-04 12:21:23,589 - INFO - 💤 Waiting 5 seconds for next reading cycle...
2025-09-04 12:21:28,606 - INFO - 💤 Waiting 5 seconds for next reading cycle...
2025-09-04 12:21:33,644 - INFO - 💤 Waiting 5 seconds for next reading cycle...
2025-09-04 12:21:38,680 - INFO - 💤 Waiting 5 seconds for next reading cycle...
2025-09-04 12:21:43,700 - INFO - 💤 Waiting 5 seconds for next reading cycle...
2025-09-04 12:21:48,717 - INFO - 💤 Waiting 5 seconds for next reading cycle...
2025-09-04 12:21:53,752 - INFO - 💤 Waiting 5 seconds for next reading cycle...
2025-09-04 12:21:58,777 - INFO - 💤 Waiting 5 seconds for next reading cycle...
2025-09-04 12:22:03,800 - INFO - 💤 Waiting 5 seconds for next reading cycle...
2025-09-04 12:22:08,824 - INFO - 💤 Waiting 5 seconds for next reading cycle...
2025-09-04 12:22:13,842 - INFO - 💤 Waiting 5 seconds for next reading cycle...
2025-09-04 12:22:18,861 - INFO - 💤 Waiting 5 seconds for next reading cycle...
2025-09-04 12:22:23,886 - INFO - 💤 Waiting 5 seconds for next reading cycle...
2025-09-04 12:22:28,903 - INFO - 💤 Waiting 5 seconds for next reading cycle...
2025-09-04 12:22:33,920 - INFO - 💤 Waiting 5 seconds for next reading cycle...
2025-09-04 12:22:37,561 - INFO - Dashboard stopped by user.
2025-09-04 13:30:08,335 - INFO - Starting dashboard DB version (MQTT only)...
2025-09-04 13:30:08,336 - INFO - Location 'KONDRAI': 4 devices, CSV: /home/pi/Desktop/0309/csv_data/KONDRAI.csv
2025-09-04 13:30:08,337 - INFO - Location 'SEVANTHI': 2 devices, CSV: /home/pi/Desktop/0309/csv_data/SEVANTHI.csv
2025-09-04 13:30:08,337 - INFO - Location 'LAUNDROMAT': 2 devices, CSV: /home/pi/Desktop/0309/csv_data/LAUNDROMAT.csv
2025-09-04 13:30:08,361 - INFO - 💤 Waiting 5 seconds for next reading cycle...
2025-09-04 13:30:13,381 - INFO - 💤 Waiting 5 seconds for next reading cycle...
2025-09-04 13:30:18,399 - INFO - 💤 Waiting 5 seconds for next reading cycle...
2025-09-04 13:30:23,421 - INFO - 💤 Waiting 5 seconds for next reading cycle...
2025-09-04 13:30:28,439 - INFO - 💤 Waiting 5 seconds for next reading cycle...
2025-09-04 13:30:33,458 - INFO - 💤 Waiting 5 seconds for next reading cycle...
2025-09-04 13:30:38,476 - INFO - 💤 Waiting 5 seconds for next reading cycle...
2025-09-04 13:30:43,511 - INFO - 💤 Waiting 5 seconds for next reading cycle...
2025-09-04 13:30:48,528 - INFO - 💤 Waiting 5 seconds for next reading cycle...
2025-09-04 13:30:53,551 - INFO - 💤 Waiting 5 seconds for next reading cycle...
2025-09-04 13:30:58,571 - INFO - 💤 Waiting 5 seconds for next reading cycle...
2025-09-04 13:31:03,591 - INFO - 💤 Waiting 5 seconds for next reading cycle...
2025-09-04 13:31:08,613 - INFO - 💤 Waiting 5 seconds for next reading cycle...
2025-09-04 13:31:13,635 - INFO - 💤 Waiting 5 seconds for next reading cycle...
2025-09-04 13:31:18,666 - INFO - 💤 Waiting 5 seconds for next reading cycle...
2025-09-04 13:31:23,695 - INFO - 💤 Waiting 5 seconds for next reading cycle...
2025-09-04 13:31:28,715 - INFO - 💤 Waiting 5 seconds for next reading cycle...
2025-09-04 13:31:33,736 - INFO - 💤 Waiting 5 seconds for next reading cycle...
2025-09-04 13:31:38,757 - INFO - 💤 Waiting 5 seconds for next reading cycle...
2025-09-04 13:31:43,778 - INFO - 💤 Waiting 5 seconds for next reading cycle...
2025-09-04 13:31:48,798 - INFO - 💤 Waiting 5 seconds for next reading cycle...
2025-09-04 13:31:49,303 - INFO - Dashboard stopped by user.
2025-09-04 13:31:56,380 - INFO - Starting dashboard DB version (MQTT only)...
2025-09-04 13:31:56,381 - INFO - Location 'KONDRAI': 4 devices, CSV: /home/pi/Desktop/0309/csv_data/KONDRAI.csv
2025-09-04 13:31:56,382 - INFO - Location 'SEVANTHI': 2 devices, CSV: /home/pi/Desktop/0309/csv_data/SEVANTHI.csv
2025-09-04 13:31:56,399 - INFO - 💤 Waiting 5 seconds for next reading cycle...
2025-09-04 13:32:01,414 - INFO - 💤 Waiting 5 seconds for next reading cycle...
2025-09-04 13:32:06,430 - INFO - 💤 Waiting 5 seconds for next reading cycle...
2025-09-04 13:32:11,447 - INFO - 💤 Waiting 5 seconds for next reading cycle...
2025-09-04 13:32:16,463 - INFO - 💤 Waiting 5 seconds for next reading cycle...
2025-09-04 13:32:21,478 - INFO - 💤 Waiting 5 seconds for next reading cycle...
2025-09-04 13:32:26,496 - INFO - 💤 Waiting 5 seconds for next reading cycle...
2025-09-04 13:32:31,511 - INFO - 💤 Waiting 5 seconds for next reading cycle...
2025-09-04 13:32:36,524 - INFO - 💤 Waiting 5 seconds for next reading cycle...
2025-09-04 13:32:41,538 - INFO - 💤 Waiting 5 seconds for next reading cycle...
2025-09-04 13:32:46,552 - INFO - 💤 Waiting 5 seconds for next reading cycle...
2025-09-04 13:32:51,569 - INFO - 💤 Waiting 5 seconds for next reading cycle...
2025-09-04 13:32:56,584 - INFO - 💤 Waiting 5 seconds for next reading cycle...
2025-09-04 13:33:01,602 - INFO - 💤 Waiting 5 seconds for next reading cycle...
2025-09-04 13:33:06,619 - INFO - 💤 Waiting 5 seconds for next reading cycle...
2025-09-04 13:33:11,647 - INFO - 💤 Waiting 5 seconds for next reading cycle...
2025-09-04 13:33:16,663 - INFO - 💤 Waiting 5 seconds for next reading cycle...
2025-09-04 13:33:21,680 - INFO - 💤 Waiting 5 seconds for next reading cycle...
2025-09-04 13:33:26,698 - INFO - 💤 Waiting 5 seconds for next reading cycle...
2025-09-04 13:33:31,724 - INFO - 💤 Waiting 5 seconds for next reading cycle...
2025-09-04 13:33:36,743 - INFO - 💤 Waiting 5 seconds for next reading cycle...
2025-09-04 13:33:41,764 - INFO - 💤 Waiting 5 seconds for next reading cycle...
2025-09-04 13:33:46,782 - INFO - 💤 Waiting 5 seconds for next reading cycle...
2025-09-04 13:33:51,814 - INFO - 💤 Waiting 5 seconds for next reading cycle...
2025-09-04 13:33:56,833 - INFO - 💤 Waiting 5 seconds for next reading cycle...
2025-09-04 13:34:01,851 - INFO - 💤 Waiting 5 seconds for next reading cycle...
2025-09-04 13:34:06,868 - INFO - 💤 Waiting 5 seconds for next reading cycle...
2025-09-04 13:34:11,882 - INFO - 💤 Waiting 5 seconds for next reading cycle...
2025-09-04 13:34:16,896 - INFO - 💤 Waiting 5 seconds for next reading cycle...
2025-09-04 13:34:21,910 - INFO - 💤 Waiting 5 seconds for next reading cycle...
2025-09-04 13:34:26,933 - INFO - 💤 Waiting 5 seconds for next reading cycle...
2025-09-04 13:34:31,947 - INFO - 💤 Waiting 5 seconds for next reading cycle...
2025-09-04 13:34:36,961 - INFO - 💤 Waiting 5 seconds for next reading cycle...
2025-09-04 13:34:41,975 - INFO - 💤 Waiting 5 seconds for next reading cycle...
2025-09-04 13:34:46,991 - INFO - 💤 Waiting 5 seconds for next reading cycle...
2025-09-04 13:34:52,007 - INFO - 💤 Waiting 5 seconds for next reading cycle...
2025-09-04 13:34:57,022 - INFO - 💤 Waiting 5 seconds for next reading cycle...
2025-09-04 13:35:02,037 - INFO - 💤 Waiting 5 seconds for next reading cycle...
2025-09-04 13:35:07,059 - INFO - 💤 Waiting 5 seconds for next reading cycle...
2025-09-04 13:35:12,074 - INFO - 💤 Waiting 5 seconds for next reading cycle...
2025-09-04 13:35:17,087 - INFO - 💤 Waiting 5 seconds for next reading cycle...
2025-09-04 13:35:22,101 - INFO - 💤 Waiting 5 seconds for next reading cycle...
2025-09-04 13:35:27,119 - INFO - 💤 Waiting 5 seconds for next reading cycle...
2025-09-04 13:35:32,146 - INFO - 💤 Waiting 5 seconds for next reading cycle...
2025-09-04 13:35:37,161 - INFO - 💤 Waiting 5 seconds for next reading cycle...
2025-09-04 13:35:42,175 - INFO - 💤 Waiting 5 seconds for next reading cycle...
2025-09-04 13:35:47,189 - INFO - 💤 Waiting 5 seconds for next reading cycle...
2025-09-04 13:35:52,202 - INFO - 💤 Waiting 5 seconds for next reading cycle...
2025-09-04 13:35:57,217 - INFO - 💤 Waiting 5 seconds for next reading cycle...
2025-09-04 13:36:02,245 - INFO - 💤 Waiting 5 seconds for next reading cycle...
2025-09-04 13:36:07,260 - INFO - 💤 Waiting 5 seconds for next reading cycle...
2025-09-04 13:36:12,278 - INFO - 💤 Waiting 5 seconds for next reading cycle...
2025-09-04 13:36:17,291 - INFO - 💤 Waiting 5 seconds for next reading cycle...
2025-09-04 13:36:22,309 - INFO - 💤 Waiting 5 seconds for next reading cycle...
2025-09-04 13:36:27,324 - INFO - 💤 Waiting 5 seconds for next reading cycle...
2025-09-04 13:36:32,338 - INFO - 💤 Waiting 5 seconds for next reading cycle...
2025-09-04 13:36:37,355 - INFO - 💤 Waiting 5 seconds for next reading cycle...
2025-09-04 13:36:42,369 - INFO - 💤 Waiting 5 seconds for next reading cycle...
2025-09-04 13:36:47,386 - INFO - 💤 Waiting 5 seconds for next reading cycle...
2025-09-04 13:36:52,418 - INFO - 💤 Waiting 5 seconds for next reading cycle...
2025-09-04 13:36:57,432 - INFO - 💤 Waiting 5 seconds for next reading cycle...
2025-09-04 13:37:02,446 - INFO - 💤 Waiting 5 seconds for next reading cycle...
2025-09-04 13:37:07,460 - INFO - 💤 Waiting 5 seconds for next reading cycle...
2025-09-04 13:37:12,473 - INFO - 💤 Waiting 5 seconds for next reading cycle...
2025-09-04 13:37:17,487 - INFO - 💤 Waiting 5 seconds for next reading cycle...
2025-09-04 13:37:22,502 - INFO - 💤 Waiting 5 seconds for next reading cycle...
2025-09-04 13:37:27,515 - INFO - 💤 Waiting 5 seconds for next reading cycle...
2025-09-04 13:37:32,530 - INFO - 💤 Waiting 5 seconds for next reading cycle...
2025-09-04 13:37:37,553 - INFO - 💤 Waiting 5 seconds for next reading cycle...
2025-09-04 13:37:42,569 - INFO - 💤 Waiting 5 seconds for next reading cycle...
2025-09-04 13:37:47,587 - INFO - 💤 Waiting 5 seconds for next reading cycle...
2025-09-04 13:37:52,601 - INFO - 💤 Waiting 5 seconds for next reading cycle...
2025-09-04 13:37:57,615 - INFO - 💤 Waiting 5 seconds for next reading cycle...
2025-09-04 13:38:02,628 - INFO - 💤 Waiting 5 seconds for next reading cycle...
2025-09-04 13:38:07,662 - INFO - 💤 Waiting 5 seconds for next reading cycle...
2025-09-04 13:38:12,679 - INFO - 💤 Waiting 5 seconds for next reading cycle...
2025-09-04 13:38:17,698 - INFO - 💤 Waiting 5 seconds for next reading cycle...
2025-09-04 13:38:22,717 - INFO - 💤 Waiting 5 seconds for next reading cycle...
2025-09-04 13:38:27,748 - INFO - 💤 Waiting 5 seconds for next reading cycle...
2025-09-04 13:38:32,762 - INFO - 💤 Waiting 5 seconds for next reading cycle...
2025-09-04 13:38:37,776 - INFO - 💤 Waiting 5 seconds for next reading cycle...
2025-09-04 13:38:42,790 - INFO - 💤 Waiting 5 seconds for next reading cycle...
2025-09-04 13:38:47,805 - INFO - 💤 Waiting 5 seconds for next reading cycle...
2025-09-04 13:38:52,822 - INFO - 💤 Waiting 5 seconds for next reading cycle...
2025-09-04 13:38:57,839 - INFO - 💤 Waiting 5 seconds for next reading cycle...
2025-09-04 13:39:02,854 - INFO - 💤 Waiting 5 seconds for next reading cycle...
2025-09-04 13:39:07,869 - INFO - 💤 Waiting 5 seconds for next reading cycle...
2025-09-04 13:39:12,903 - INFO - 💤 Waiting 5 seconds for next reading cycle...
2025-09-04 13:39:17,920 - INFO - 💤 Waiting 5 seconds for next reading cycle...
2025-09-04 13:39:22,934 - INFO - 💤 Waiting 5 seconds for next reading cycle...
2025-09-04 13:39:27,947 - INFO - 💤 Waiting 5 seconds for next reading cycle...
2025-09-04 13:39:32,976 - INFO - 💤 Waiting 5 seconds for next reading cycle...
2025-09-04 13:39:37,994 - INFO - 💤 Waiting 5 seconds for next reading cycle...
2025-09-04 13:39:43,008 - INFO - 💤 Waiting 5 seconds for next reading cycle...
2025-09-04 13:39:48,023 - INFO - 💤 Waiting 5 seconds for next reading cycle...
2025-09-04 13:39:53,040 - INFO - 💤 Waiting 5 seconds for next reading cycle...
2025-09-04 13:39:58,054 - INFO - 💤 Waiting 5 seconds for next reading cycle...
2025-09-04 13:40:03,091 - INFO - 💤 Waiting 5 seconds for next reading cycle...
2025-09-04 13:40:08,105 - INFO - 💤 Waiting 5 seconds for next reading cycle...
2025-09-04 13:40:13,121 - INFO - 💤 Waiting 5 seconds for next reading cycle...
2025-09-04 13:40:18,134 - INFO - 💤 Waiting 5 seconds for next reading cycle...
2025-09-04 13:40:23,148 - INFO - 💤 Waiting 5 seconds for next reading cycle...
2025-09-04 13:40:28,180 - INFO - 💤 Waiting 5 seconds for next reading cycle...
2025-09-04 13:40:33,195 - INFO - 💤 Waiting 5 seconds for next reading cycle...
2025-09-04 13:40:38,209 - INFO - 💤 Waiting 5 seconds for next reading cycle...
2025-09-04 13:40:43,225 - INFO - 💤 Waiting 5 seconds for next reading cycle...
2025-09-04 13:40:48,242 - INFO - 💤 Waiting 5 seconds for next reading cycle...
2025-09-04 13:40:53,257 - INFO - 💤 Waiting 5 seconds for next reading cycle...
2025-09-04 13:40:58,270 - INFO - 💤 Waiting 5 seconds for next reading cycle...
2025-09-04 13:41:03,284 - INFO - 💤 Waiting 5 seconds for next reading cycle...
2025-09-04 13:41:08,299 - INFO - 💤 Waiting 5 seconds for next reading cycle...
2025-09-04 13:41:13,312 - INFO - 💤 Waiting 5 seconds for next reading cycle...
2025-09-04 13:41:18,328 - INFO - 💤 Waiting 5 seconds for next reading cycle...
2025-09-04 13:41:23,342 - INFO - 💤 Waiting 5 seconds for next reading cycle...
2025-09-04 13:41:28,370 - INFO - 💤 Waiting 5 seconds for next reading cycle...
2025-09-04 13:41:33,384 - INFO - 💤 Waiting 5 seconds for next reading cycle...
2025-09-04 13:41:38,398 - INFO - 💤 Waiting 5 seconds for next reading cycle...
2025-09-04 13:41:43,411 - INFO - 💤 Waiting 5 seconds for next reading cycle...
2025-09-04 13:41:48,425 - INFO - 💤 Waiting 5 seconds for next reading cycle...
2025-09-04 13:41:53,441 - INFO - 💤 Waiting 5 seconds for next reading cycle...
2025-09-04 13:41:58,458 - INFO - 💤 Waiting 5 seconds for next reading cycle...
2025-09-04 13:42:03,488 - INFO - 💤 Waiting 5 seconds for next reading cycle...
2025-09-04 13:42:08,509 - INFO - 💤 Waiting 5 seconds for next reading cycle...
2025-09-04 13:42:13,523 - INFO - 💤 Waiting 5 seconds for next reading cycle...
2025-09-04 13:42:18,537 - INFO - 💤 Waiting 5 seconds for next reading cycle...
2025-09-04 13:42:23,550 - INFO - 💤 Waiting 5 seconds for next reading cycle...
2025-09-04 13:42:28,579 - INFO - 💤 Waiting 5 seconds for next reading cycle...
2025-09-04 13:42:33,593 - INFO - 💤 Waiting 5 seconds for next reading cycle...
2025-09-04 13:42:38,607 - INFO - 💤 Waiting 5 seconds for next reading cycle...
2025-09-04 13:42:43,622 - INFO - 💤 Waiting 5 seconds for next reading cycle...
2025-09-04 13:42:48,636 - INFO - 💤 Waiting 5 seconds for next reading cycle...
2025-09-04 13:42:53,649 - INFO - 💤 Waiting 5 seconds for next reading cycle...
2025-09-04 13:42:58,666 - INFO - 💤 Waiting 5 seconds for next reading cycle...
2025-09-04 13:43:03,681 - INFO - 💤 Waiting 5 seconds for next reading cycle...
2025-09-04 13:43:08,696 - INFO - 💤 Waiting 5 seconds for next reading cycle...
2025-09-04 13:43:13,727 - INFO - 💤 Waiting 5 seconds for next reading cycle...
2025-09-04 13:43:18,743 - INFO - 💤 Waiting 5 seconds for next reading cycle...
2025-09-04 13:43:23,759 - INFO - 💤 Waiting 5 seconds for next reading cycle...
2025-09-04 13:43:28,775 - INFO - 💤 Waiting 5 seconds for next reading cycle...
2025-09-04 13:43:33,811 - INFO - 💤 Waiting 5 seconds for next reading cycle...
2025-09-04 13:43:38,829 - INFO - 💤 Waiting 5 seconds for next reading cycle...
2025-09-04 13:43:43,843 - INFO - 💤 Waiting 5 seconds for next reading cycle...
2025-09-04 13:43:48,857 - INFO - 💤 Waiting 5 seconds for next reading cycle...
2025-09-04 13:43:53,871 - INFO - 💤 Waiting 5 seconds for next reading cycle...
2025-09-04 13:43:58,884 - INFO - 💤 Waiting 5 seconds for next reading cycle...
2025-09-04 13:44:03,899 - INFO - 💤 Waiting 5 seconds for next reading cycle...
2025-09-04 13:44:08,913 - INFO - 💤 Waiting 5 seconds for next reading cycle...
2025-09-04 13:44:13,927 - INFO - 💤 Waiting 5 seconds for next reading cycle...
2025-09-04 13:44:18,960 - INFO - 💤 Waiting 5 seconds for next reading cycle...
2025-09-04 13:44:23,974 - INFO - 💤 Waiting 5 seconds for next reading cycle...
2025-09-04 13:44:28,991 - INFO - 💤 Waiting 5 seconds for next reading cycle...
2025-09-04 13:44:34,006 - INFO - 💤 Waiting 5 seconds for next reading cycle...
2025-09-04 13:44:39,019 - INFO - 💤 Waiting 5 seconds for next reading cycle...
2025-09-04 13:44:44,035 - INFO - 💤 Waiting 5 seconds for next reading cycle...
2025-09-04 13:44:49,053 - INFO - 💤 Waiting 5 seconds for next reading cycle...
2025-09-04 13:44:54,084 - INFO - 💤 Waiting 5 seconds for next reading cycle...
2025-09-04 13:44:59,102 - INFO - 💤 Waiting 5 seconds for next reading cycle...
2025-09-04 13:45:04,119 - INFO - 💤 Waiting 5 seconds for next reading cycle...
2025-09-04 13:45:09,133 - INFO - 💤 Waiting 5 seconds for next reading cycle...
2025-09-04 13:45:14,155 - INFO - 💤 Waiting 5 seconds for next reading cycle...
2025-09-04 13:45:19,176 - INFO - 💤 Waiting 5 seconds for next reading cycle...
2025-09-04 13:45:24,191 - INFO - 💤 Waiting 5 seconds for next reading cycle...
2025-09-04 13:45:29,214 - INFO - 💤 Waiting 5 seconds for next reading cycle...
2025-09-04 13:45:34,247 - INFO - 💤 Waiting 5 seconds for next reading cycle...
2025-09-04 13:45:39,261 - INFO - 💤 Waiting 5 seconds for next reading cycle...
2025-09-04 13:45:44,275 - INFO - 💤 Waiting 5 seconds for next reading cycle...
2025-09-04 13:45:49,290 - INFO - 💤 Waiting 5 seconds for next reading cycle...
2025-09-04 13:45:54,310 - INFO - 💤 Waiting 5 seconds for next reading cycle...
2025-09-04 13:45:59,324 - INFO - 💤 Waiting 5 seconds for next reading cycle...
2025-09-04 13:46:04,338 - INFO - 💤 Waiting 5 seconds for next reading cycle...
2025-09-04 13:46:09,351 - INFO - 💤 Waiting 5 seconds for next reading cycle...
2025-09-04 13:46:14,378 - INFO - 💤 Waiting 5 seconds for next reading cycle...
2025-09-04 13:46:19,393 - INFO - 💤 Waiting 5 seconds for next reading cycle...
2025-09-04 13:46:24,412 - INFO - 💤 Waiting 5 seconds for next reading cycle...
2025-09-04 13:46:29,432 - INFO - 💤 Waiting 5 seconds for next reading cycle...
2025-09-04 13:46:34,449 - INFO - 💤 Waiting 5 seconds for next reading cycle...
2025-09-04 13:46:39,464 - INFO - 💤 Waiting 5 seconds for next reading cycle...
2025-09-04 13:46:44,478 - INFO - 💤 Waiting 5 seconds for next reading cycle...
2025-09-04 13:46:49,508 - INFO - 💤 Waiting 5 seconds for next reading cycle...
2025-09-04 13:46:54,523 - INFO - 💤 Waiting 5 seconds for next reading cycle...
2025-09-04 13:46:59,538 - INFO - 💤 Waiting 5 seconds for next reading cycle...
2025-09-04 13:47:04,556 - INFO - 💤 Waiting 5 seconds for next reading cycle...
2025-09-04 13:47:09,573 - INFO - 💤 Waiting 5 seconds for next reading cycle...
2025-09-04 13:47:14,587 - INFO - 💤 Waiting 5 seconds for next reading cycle...
2025-09-04 13:47:19,603 - INFO - 💤 Waiting 5 seconds for next reading cycle...
2025-09-04 13:47:24,617 - INFO - 💤 Waiting 5 seconds for next reading cycle...
2025-09-04 13:47:29,652 - INFO - 💤 Waiting 5 seconds for next reading cycle...
2025-09-04 13:47:34,684 - INFO - 💤 Waiting 5 seconds for next reading cycle...
2025-09-04 13:47:39,699 - INFO - 💤 Waiting 5 seconds for next reading cycle...
2025-09-04 13:47:44,718 - INFO - 💤 Waiting 5 seconds for next reading cycle...
2025-09-04 13:47:49,741 - INFO - 💤 Waiting 5 seconds for next reading cycle...
2025-09-04 13:47:54,764 - INFO - 💤 Waiting 5 seconds for next reading cycle...
2025-09-04 13:47:59,783 - INFO - 💤 Waiting 5 seconds for next reading cycle...
2025-09-04 13:48:04,802 - INFO - 💤 Waiting 5 seconds for next reading cycle...
2025-09-04 13:48:09,814 - INFO - 💤 Waiting 5 seconds for next reading cycle...
2025-09-04 13:48:14,840 - INFO - 💤 Waiting 5 seconds for next reading cycle...
2025-09-04 13:48:19,871 - INFO - 💤 Waiting 5 seconds for next reading cycle...
2025-09-04 13:48:24,892 - INFO - 💤 Waiting 5 seconds for next reading cycle...
2025-09-04 13:48:29,911 - INFO - 💤 Waiting 5 seconds for next reading cycle...
2025-09-04 13:48:34,933 - INFO - 💤 Waiting 5 seconds for next reading cycle...
2025-09-04 13:48:39,953 - INFO - 💤 Waiting 5 seconds for next reading cycle...
2025-09-04 13:48:44,967 - INFO - 💤 Waiting 5 seconds for next reading cycle...
2025-09-04 13:48:49,984 - INFO - 💤 Waiting 5 seconds for next reading cycle...
2025-09-04 13:48:55,000 - INFO - 💤 Waiting 5 seconds for next reading cycle...
2025-09-04 13:49:00,041 - INFO - 💤 Waiting 5 seconds for next reading cycle...
2025-09-04 13:49:05,057 - INFO - 💤 Waiting 5 seconds for next reading cycle...
2025-09-04 13:49:10,072 - INFO - 💤 Waiting 5 seconds for next reading cycle...
2025-09-04 13:49:15,088 - INFO - 💤 Waiting 5 seconds for next reading cycle...
2025-09-04 13:49:20,121 - INFO - 💤 Waiting 5 seconds for next reading cycle...
2025-09-04 13:49:25,135 - INFO - 💤 Waiting 5 seconds for next reading cycle...
2025-09-04 13:49:30,152 - INFO - 💤 Waiting 5 seconds for next reading cycle...
2025-09-04 13:49:35,170 - INFO - 💤 Waiting 5 seconds for next reading cycle...
2025-09-04 13:49:40,185 - INFO - 💤 Waiting 5 seconds for next reading cycle...
2025-09-04 13:49:45,199 - INFO - 💤 Waiting 5 seconds for next reading cycle...
2025-09-04 13:49:50,216 - INFO - 💤 Waiting 5 seconds for next reading cycle...
2025-09-04 13:49:55,244 - INFO - 💤 Waiting 5 seconds for next reading cycle...
2025-09-04 14:00:22,408 - INFO - 💤 Waiting 5 seconds for next reading cycle...
2025-09-04 14:00:27,426 - INFO - 💤 Waiting 5 seconds for next reading cycle...
2025-09-04 14:00:32,443 - INFO - 💤 Waiting 5 seconds for next reading cycle...
2025-09-04 14:00:37,460 - INFO - 💤 Waiting 5 seconds for next reading cycle...
2025-09-04 14:00:42,475 - INFO - 💤 Waiting 5 seconds for next reading cycle...
2025-09-04 14:00:47,489 - INFO - 💤 Waiting 5 seconds for next reading cycle...
2025-09-04 14:00:52,528 - INFO - 💤 Waiting 5 seconds for next reading cycle...
2025-09-04 14:00:57,547 - INFO - 💤 Waiting 5 seconds for next reading cycle...
2025-09-04 14:01:02,564 - INFO - 💤 Waiting 5 seconds for next reading cycle...
2025-09-04 14:01:07,579 - INFO - 💤 Waiting 5 seconds for next reading cycle...
2025-09-04 14:01:12,594 - INFO - 💤 Waiting 5 seconds for next reading cycle...
2025-09-04 14:01:17,608 - INFO - 💤 Waiting 5 seconds for next reading cycle...
2025-09-04 14:01:22,623 - INFO - 💤 Waiting 5 seconds for next reading cycle...
2025-09-04 14:01:27,650 - INFO - 💤 Waiting 5 seconds for next reading cycle...
2025-09-04 14:01:32,667 - INFO - 💤 Waiting 5 seconds for next reading cycle...
2025-09-04 14:01:37,683 - INFO - 💤 Waiting 5 seconds for next reading cycle...
2025-09-04 14:01:42,701 - INFO - 💤 Waiting 5 seconds for next reading cycle...
2025-09-04 14:01:47,715 - INFO - 💤 Waiting 5 seconds for next reading cycle...
2025-09-04 14:01:52,731 - INFO - 💤 Waiting 5 seconds for next reading cycle...
2025-09-04 14:01:57,753 - INFO - 💤 Waiting 5 seconds for next reading cycle...
2025-09-04 14:02:02,772 - INFO - 💤 Waiting 5 seconds for next reading cycle...
2025-09-04 14:02:07,788 - INFO - 💤 Waiting 5 seconds for next reading cycle...
2025-09-04 14:02:12,815 - INFO - 💤 Waiting 5 seconds for next reading cycle...
2025-09-04 14:02:17,830 - INFO - 💤 Waiting 5 seconds for next reading cycle...
2025-09-04 14:02:22,842 - INFO - 💤 Waiting 5 seconds for next reading cycle...
2025-09-04 14:02:27,857 - INFO - 💤 Waiting 5 seconds for next reading cycle...
2025-09-04 14:02:32,872 - INFO - 💤 Waiting 5 seconds for next reading cycle...
2025-09-04 14:02:37,889 - INFO - 💤 Waiting 5 seconds for next reading cycle...
2025-09-04 14:02:42,906 - INFO - 💤 Waiting 5 seconds for next reading cycle...
2025-09-04 14:02:47,920 - INFO - 💤 Waiting 5 seconds for next reading cycle...
2025-09-04 14:02:52,937 - INFO - 💤 Waiting 5 seconds for next reading cycle...
2025-09-04 14:02:57,953 - INFO - 💤 Waiting 5 seconds for next reading cycle...
2025-09-04 14:03:02,971 - INFO - 💤 Waiting 5 seconds for next reading cycle...
2025-09-04 14:03:07,988 - INFO - 💤 Waiting 5 seconds for next reading cycle...
2025-09-04 14:03:13,003 - INFO - 💤 Waiting 5 seconds for next reading cycle...
2025-09-04 14:03:18,032 - INFO - 💤 Waiting 5 seconds for next reading cycle...
2025-09-04 14:03:23,046 - INFO - 💤 Waiting 5 seconds for next reading cycle...
2025-09-04 14:03:28,059 - INFO - 💤 Waiting 5 seconds for next reading cycle...
2025-09-04 14:03:33,073 - INFO - 💤 Waiting 5 seconds for next reading cycle...
2025-09-04 14:03:38,101 - INFO - 💤 Waiting 5 seconds for next reading cycle...
2025-09-04 14:03:43,115 - INFO - 💤 Waiting 5 seconds for next reading cycle...
2025-09-04 14:03:48,128 - INFO - 💤 Waiting 5 seconds for next reading cycle...
2025-09-04 14:03:53,145 - INFO - 💤 Waiting 5 seconds for next reading cycle...
2025-09-04 14:03:58,159 - INFO - 💤 Waiting 5 seconds for next reading cycle...
2025-09-04 14:04:03,188 - INFO - 💤 Waiting 5 seconds for next reading cycle...
2025-09-04 14:04:08,203 - INFO - 💤 Waiting 5 seconds for next reading cycle...
2025-09-04 14:04:13,217 - INFO - 💤 Waiting 5 seconds for next reading cycle...
2025-09-04 14:04:18,234 - INFO - 💤 Waiting 5 seconds for next reading cycle...
2025-09-04 14:04:23,251 - INFO - 💤 Waiting 5 seconds for next reading cycle...
2025-09-04 14:04:28,271 - INFO - 💤 Waiting 5 seconds for next reading cycle...
2025-09-04 14:04:33,299 - INFO - 💤 Waiting 5 seconds for next reading cycle...
2025-09-04 14:04:38,314 - INFO - 💤 Waiting 5 seconds for next reading cycle...
2025-09-04 14:04:43,329 - INFO - 💤 Waiting 5 seconds for next reading cycle...
2025-09-04 14:04:48,341 - INFO - 💤 Waiting 5 seconds for next reading cycle...
2025-09-04 14:04:53,354 - INFO - 💤 Waiting 5 seconds for next reading cycle...
2025-09-04 14:04:58,368 - INFO - 💤 Waiting 5 seconds for next reading cycle...
2025-09-04 14:05:03,385 - INFO - 💤 Waiting 5 seconds for next reading cycle...
2025-09-04 14:05:08,411 - INFO - 💤 Waiting 5 seconds for next reading cycle...
2025-09-04 14:05:13,437 - INFO - 💤 Waiting 5 seconds for next reading cycle...
2025-09-04 14:05:18,471 - INFO - 💤 Waiting 5 seconds for next reading cycle...
2025-09-04 14:05:23,496 - INFO - 💤 Waiting 5 seconds for next reading cycle...
2025-09-04 14:05:28,514 - INFO - 💤 Waiting 5 seconds for next reading cycle...
2025-09-04 14:05:33,529 - INFO - 💤 Waiting 5 seconds for next reading cycle...
2025-09-04 14:05:38,546 - INFO - 💤 Waiting 5 seconds for next reading cycle...
2025-09-04 14:05:43,560 - INFO - 💤 Waiting 5 seconds for next reading cycle...
2025-09-04 14:05:48,575 - INFO - 💤 Waiting 5 seconds for next reading cycle...
2025-09-04 14:05:53,591 - INFO - 💤 Waiting 5 seconds for next reading cycle...
2025-09-04 14:05:58,604 - INFO - 💤 Waiting 5 seconds for next reading cycle...
2025-09-04 14:06:03,634 - INFO - 💤 Waiting 5 seconds for next reading cycle...
2025-09-04 14:06:08,649 - INFO - 💤 Waiting 5 seconds for next reading cycle...
2025-09-04 14:06:13,663 - INFO - 💤 Waiting 5 seconds for next reading cycle...
2025-09-04 14:06:18,677 - INFO - 💤 Waiting 5 seconds for next reading cycle...
2025-09-04 14:06:23,691 - INFO - 💤 Waiting 5 seconds for next reading cycle...
2025-09-04 14:06:28,706 - INFO - 💤 Waiting 5 seconds for next reading cycle...
2025-09-04 14:06:33,720 - INFO - 💤 Waiting 5 seconds for next reading cycle...
2025-09-04 14:06:38,738 - INFO - 💤 Waiting 5 seconds for next reading cycle...
2025-09-04 14:06:43,754 - INFO - 💤 Waiting 5 seconds for next reading cycle...
2025-09-04 14:06:48,770 - INFO - 💤 Waiting 5 seconds for next reading cycle...
2025-09-04 14:06:53,786 - INFO - 💤 Waiting 5 seconds for next reading cycle...
2025-09-04 14:06:58,852 - INFO - 💤 Waiting 5 seconds for next reading cycle...
2025-09-04 14:07:03,890 - INFO - 💤 Waiting 5 seconds for next reading cycle...
2025-09-04 14:07:08,915 - INFO - 💤 Waiting 5 seconds for next reading cycle...
2025-09-04 14:07:13,937 - INFO - 💤 Waiting 5 seconds for next reading cycle...
2025-09-04 14:07:18,965 - INFO - 💤 Waiting 5 seconds for next reading cycle...
2025-09-04 14:07:23,980 - INFO - 💤 Waiting 5 seconds for next reading cycle...
2025-09-04 14:07:28,994 - INFO - 💤 Waiting 5 seconds for next reading cycle...
2025-09-04 14:07:34,009 - INFO - 💤 Waiting 5 seconds for next reading cycle...
2025-09-04 14:07:39,024 - INFO - 💤 Waiting 5 seconds for next reading cycle...
2025-09-04 14:07:44,037 - INFO - 💤 Waiting 5 seconds for next reading cycle...
2025-09-04 14:07:49,050 - INFO - 💤 Waiting 5 seconds for next reading cycle...
2025-09-04 14:07:54,064 - INFO - 💤 Waiting 5 seconds for next reading cycle...
2025-09-04 14:07:59,078 - INFO - 💤 Waiting 5 seconds for next reading cycle...
2025-09-04 14:08:04,094 - INFO - 💤 Waiting 5 seconds for next reading cycle...
2025-09-04 14:08:09,108 - INFO - 💤 Waiting 5 seconds for next reading cycle...
2025-09-04 14:08:14,121 - INFO - 💤 Waiting 5 seconds for next reading cycle...
2025-09-04 14:08:19,141 - INFO - 💤 Waiting 5 seconds for next reading cycle...
2025-09-04 14:08:24,169 - INFO - 💤 Waiting 5 seconds for next reading cycle...
2025-09-04 14:08:29,189 - INFO - 💤 Waiting 5 seconds for next reading cycle...
2025-09-04 14:08:34,207 - INFO - 💤 Waiting 5 seconds for next reading cycle...
2025-09-04 14:08:39,221 - INFO - 💤 Waiting 5 seconds for next reading cycle...
2025-09-04 14:08:44,249 - INFO - 💤 Waiting 5 seconds for next reading cycle...
2025-09-04 14:08:49,266 - INFO - 💤 Waiting 5 seconds for next reading cycle...
2025-09-04 14:08:54,280 - INFO - 💤 Waiting 5 seconds for next reading cycle...
2025-09-04 14:08:56,861 - INFO - Dashboard stopped by user.
2025-09-04 14:08:57,987 - INFO - Starting dashboard DB version (MQTT only)...
2025-09-04 14:08:57,988 - INFO - Location 'KONDRAI': 4 devices, CSV: /home/pi/Desktop/0309/csv_data/KONDRAI.csv
2025-09-04 14:08:57,989 - INFO - Location 'SEVANTHI': 2 devices, CSV: /home/pi/Desktop/0309/csv_data/SEVANTHI.csv
2025-09-04 14:08:58,003 - INFO - 💤 Waiting 5 seconds for next reading cycle...
2025-09-04 14:09:03,018 - INFO - 💤 Waiting 5 seconds for next reading cycle...
2025-09-04 14:09:08,035 - INFO - 💤 Waiting 5 seconds for next reading cycle...
2025-09-04 14:09:13,049 - INFO - 💤 Waiting 5 seconds for next reading cycle...
2025-09-04 14:09:18,064 - INFO - 💤 Waiting 5 seconds for next reading cycle...
2025-09-04 14:09:23,078 - INFO - 💤 Waiting 5 seconds for next reading cycle...
2025-09-04 14:09:28,107 - INFO - 💤 Waiting 5 seconds for next reading cycle...
2025-09-04 14:09:33,127 - INFO - 💤 Waiting 5 seconds for next reading cycle...
2025-09-04 14:09:38,141 - INFO - 💤 Waiting 5 seconds for next reading cycle...
2025-09-04 14:09:43,156 - INFO - 💤 Waiting 5 seconds for next reading cycle...
2025-09-04 14:09:48,175 - INFO - 💤 Waiting 5 seconds for next reading cycle...
2025-09-04 14:09:53,193 - INFO - 💤 Waiting 5 seconds for next reading cycle...
2025-09-04 14:09:58,207 - INFO - 💤 Waiting 5 seconds for next reading cycle...
2025-09-04 14:10:03,236 - INFO - 💤 Waiting 5 seconds for next reading cycle...
2025-09-04 14:10:08,251 - INFO - 💤 Waiting 5 seconds for next reading cycle...
2025-09-04 14:10:13,268 - INFO - 💤 Waiting 5 seconds for next reading cycle...
2025-09-04 14:10:18,282 - INFO - 💤 Waiting 5 seconds for next reading cycle...
2025-09-04 14:10:23,297 - INFO - 💤 Waiting 5 seconds for next reading cycle...
2025-09-04 14:10:28,311 - INFO - 💤 Waiting 5 seconds for next reading cycle...
2025-09-04 14:10:33,326 - INFO - 💤 Waiting 5 seconds for next reading cycle...
2025-09-04 14:10:38,340 - INFO - 💤 Waiting 5 seconds for next reading cycle...
2025-09-04 14:10:43,358 - INFO - 💤 Waiting 5 seconds for next reading cycle...
2025-09-04 14:10:48,372 - INFO - 💤 Waiting 5 seconds for next reading cycle...
2025-09-04 14:10:53,388 - INFO - 💤 Waiting 5 seconds for next reading cycle...
2025-09-04 14:10:58,404 - INFO - 💤 Waiting 5 seconds for next reading cycle...
2025-09-04 14:11:03,423 - INFO - 💤 Waiting 5 seconds for next reading cycle...
2025-09-04 14:11:08,443 - INFO - 💤 Waiting 5 seconds for next reading cycle...
2025-09-04 14:11:13,467 - INFO - 💤 Waiting 5 seconds for next reading cycle...
2025-09-04 14:11:18,491 - INFO - 💤 Waiting 5 seconds for next reading cycle...
2025-09-04 14:11:23,534 - INFO - 💤 Waiting 5 seconds for next reading cycle...
2025-09-04 14:11:28,564 - INFO - 💤 Waiting 5 seconds for next reading cycle...
2025-09-04 14:11:33,577 - INFO - 💤 Waiting 5 seconds for next reading cycle...
2025-09-04 14:11:38,593 - INFO - 💤 Waiting 5 seconds for next reading cycle...
2025-09-04 14:11:43,607 - INFO - 💤 Waiting 5 seconds for next reading cycle...
2025-09-04 14:11:48,624 - INFO - 💤 Waiting 5 seconds for next reading cycle...
2025-09-04 14:11:53,656 - INFO - 💤 Waiting 5 seconds for next reading cycle...
2025-09-04 14:11:58,672 - INFO - 💤 Waiting 5 seconds for next reading cycle...
2025-09-04 14:12:03,691 - INFO - 💤 Waiting 5 seconds for next reading cycle...
2025-09-04 14:12:08,714 - INFO - 💤 Waiting 5 seconds for next reading cycle...
2025-09-04 14:12:13,738 - INFO - 💤 Waiting 5 seconds for next reading cycle...
2025-09-04 14:12:18,755 - INFO - 💤 Waiting 5 seconds for next reading cycle...
2025-09-04 14:12:23,776 - INFO - 💤 Waiting 5 seconds for next reading cycle...
2025-09-04 14:12:28,795 - INFO - 💤 Waiting 5 seconds for next reading cycle...
2025-09-04 14:12:33,812 - INFO - 💤 Waiting 5 seconds for next reading cycle...
2025-09-04 14:12:38,827 - INFO - 💤 Waiting 5 seconds for next reading cycle...
2025-09-04 14:12:43,843 - INFO - 💤 Waiting 5 seconds for next reading cycle...
2025-09-04 14:12:48,863 - INFO - 💤 Waiting 5 seconds for next reading cycle...
2025-09-04 14:12:53,878 - INFO - 💤 Waiting 5 seconds for next reading cycle...
2025-09-04 14:12:58,895 - INFO - 💤 Waiting 5 seconds for next reading cycle...
2025-09-04 14:13:03,910 - INFO - 💤 Waiting 5 seconds for next reading cycle...
2025-09-04 14:13:08,924 - INFO - 💤 Waiting 5 seconds for next reading cycle...
2025-09-04 14:13:13,945 - INFO - 💤 Waiting 5 seconds for next reading cycle...
2025-09-04 14:13:18,963 - INFO - 💤 Waiting 5 seconds for next reading cycle...
2025-09-04 14:13:23,980 - INFO - 💤 Waiting 5 seconds for next reading cycle...
2025-09-04 14:13:29,010 - INFO - 💤 Waiting 5 seconds for next reading cycle...
2025-09-04 14:13:34,027 - INFO - 💤 Waiting 5 seconds for next reading cycle...
2025-09-04 14:13:39,041 - INFO - 💤 Waiting 5 seconds for next reading cycle...
2025-09-04 14:13:44,055 - INFO - 💤 Waiting 5 seconds for next reading cycle...
2025-09-04 14:13:49,071 - INFO - 💤 Waiting 5 seconds for next reading cycle...
2025-09-04 14:13:54,099 - INFO - 💤 Waiting 5 seconds for next reading cycle...
2025-09-04 14:13:59,116 - INFO - 💤 Waiting 5 seconds for next reading cycle...
2025-09-04 14:14:04,130 - INFO - 💤 Waiting 5 seconds for next reading cycle...
2025-09-04 14:14:09,146 - INFO - 💤 Waiting 5 seconds for next reading cycle...
2025-09-04 14:14:14,162 - INFO - 💤 Waiting 5 seconds for next reading cycle...
2025-09-04 14:14:19,176 - INFO - 💤 Waiting 5 seconds for next reading cycle...
2025-09-04 14:14:24,191 - INFO - 💤 Waiting 5 seconds for next reading cycle...
2025-09-04 14:14:29,210 - INFO - 💤 Waiting 5 seconds for next reading cycle...
2025-09-04 14:14:34,241 - INFO - 💤 Waiting 5 seconds for next reading cycle...
2025-09-04 14:14:39,256 - INFO - 💤 Waiting 5 seconds for next reading cycle...
2025-09-04 14:14:44,269 - INFO - 💤 Waiting 5 seconds for next reading cycle...
2025-09-04 14:14:49,288 - INFO - 💤 Waiting 5 seconds for next reading cycle...
2025-09-04 14:14:54,304 - INFO - 💤 Waiting 5 seconds for next reading cycle...
2025-09-04 14:14:59,330 - INFO - 💤 Waiting 5 seconds for next reading cycle...
2025-09-04 14:15:04,348 - INFO - 💤 Waiting 5 seconds for next reading cycle...
2025-09-04 14:15:09,374 - INFO - 💤 Waiting 5 seconds for next reading cycle...
2025-09-04 14:15:14,389 - INFO - 💤 Waiting 5 seconds for next reading cycle...
2025-09-04 14:15:19,406 - INFO - 💤 Waiting 5 seconds for next reading cycle...
2025-09-04 14:15:24,426 - INFO - 💤 Waiting 5 seconds for next reading cycle...
2025-09-04 14:15:29,445 - INFO - 💤 Waiting 5 seconds for next reading cycle...
2025-09-04 14:15:34,462 - INFO - 💤 Waiting 5 seconds for next reading cycle...
2025-09-04 14:15:39,480 - INFO - 💤 Waiting 5 seconds for next reading cycle...
2025-09-04 14:15:44,500 - INFO - 💤 Waiting 5 seconds for next reading cycle...
2025-09-04 14:15:49,523 - INFO - 💤 Waiting 5 seconds for next reading cycle...
2025-09-04 14:15:54,563 - INFO - 💤 Waiting 5 seconds for next reading cycle...
2025-09-04 14:15:59,581 - INFO - 💤 Waiting 5 seconds for next reading cycle...
2025-09-04 14:16:04,598 - INFO - 💤 Waiting 5 seconds for next reading cycle...
2025-09-04 14:16:09,611 - INFO - 💤 Waiting 5 seconds for next reading cycle...
2025-09-04 14:16:14,655 - INFO - 💤 Waiting 5 seconds for next reading cycle...
2025-09-04 14:16:19,669 - INFO - 💤 Waiting 5 seconds for next reading cycle...
2025-09-04 14:16:24,686 - INFO - 💤 Waiting 5 seconds for next reading cycle...
2025-09-04 14:16:29,703 - INFO - 💤 Waiting 5 seconds for next reading cycle...
2025-09-04 14:16:34,718 - INFO - 💤 Waiting 5 seconds for next reading cycle...
2025-09-04 14:16:39,732 - INFO - 💤 Waiting 5 seconds for next reading cycle...
2025-09-04 14:16:44,747 - INFO - 💤 Waiting 5 seconds for next reading cycle...
2025-09-04 14:16:49,764 - INFO - 💤 Waiting 5 seconds for next reading cycle...
2025-09-04 14:16:54,778 - INFO - 💤 Waiting 5 seconds for next reading cycle...
2025-09-04 14:16:59,796 - INFO - 💤 Waiting 5 seconds for next reading cycle...
2025-09-04 14:17:04,813 - INFO - 💤 Waiting 5 seconds for next reading cycle...
2025-09-04 14:17:09,829 - INFO - 💤 Waiting 5 seconds for next reading cycle...
2025-09-04 14:17:14,854 - INFO - 💤 Waiting 5 seconds for next reading cycle...
2025-09-04 14:17:19,868 - INFO - 💤 Waiting 5 seconds for next reading cycle...
2025-09-04 14:17:24,885 - INFO - 💤 Waiting 5 seconds for next reading cycle...
2025-09-04 14:17:29,902 - INFO - 💤 Waiting 5 seconds for next reading cycle...
2025-09-04 14:17:34,925 - INFO - 💤 Waiting 5 seconds for next reading cycle...
2025-09-04 14:17:39,939 - INFO - 💤 Waiting 5 seconds for next reading cycle...
2025-09-04 14:17:44,956 - INFO - 💤 Waiting 5 seconds for next reading cycle...
2025-09-04 14:17:49,971 - INFO - 💤 Waiting 5 seconds for next reading cycle...
2025-09-04 14:17:54,990 - INFO - 💤 Waiting 5 seconds for next reading cycle...
2025-09-04 14:18:00,008 - INFO - 💤 Waiting 5 seconds for next reading cycle...
2025-09-04 14:18:05,026 - INFO - 💤 Waiting 5 seconds for next reading cycle...
2025-09-04 14:18:10,041 - INFO - 💤 Waiting 5 seconds for next reading cycle...
2025-09-04 14:18:15,054 - INFO - 💤 Waiting 5 seconds for next reading cycle...
2025-09-04 14:18:20,068 - INFO - 💤 Waiting 5 seconds for next reading cycle...
2025-09-04 14:18:25,085 - INFO - 💤 Waiting 5 seconds for next reading cycle...
2025-09-04 14:18:30,099 - INFO - 💤 Waiting 5 seconds for next reading cycle...
2025-09-04 14:18:35,115 - INFO - 💤 Waiting 5 seconds for next reading cycle...
2025-09-04 14:18:40,141 - INFO - 💤 Waiting 5 seconds for next reading cycle...
2025-09-04 14:18:45,160 - INFO - 💤 Waiting 5 seconds for next reading cycle...
2025-09-04 14:18:50,173 - INFO - 💤 Waiting 5 seconds for next reading cycle...
2025-09-04 14:18:55,191 - INFO - 💤 Waiting 5 seconds for next reading cycle...
2025-09-04 14:19:00,210 - INFO - 💤 Waiting 5 seconds for next reading cycle...
2025-09-04 14:19:05,224 - INFO - 💤 Waiting 5 seconds for next reading cycle...
2025-09-04 14:19:10,239 - INFO - 💤 Waiting 5 seconds for next reading cycle...
2025-09-04 14:19:15,258 - INFO - 💤 Waiting 5 seconds for next reading cycle...
2025-09-04 14:19:20,275 - INFO - 💤 Waiting 5 seconds for next reading cycle...
2025-09-04 14:19:25,289 - INFO - 💤 Waiting 5 seconds for next reading cycle...
2025-09-04 14:19:30,302 - INFO - 💤 Waiting 5 seconds for next reading cycle...
2025-09-04 14:19:35,314 - INFO - 💤 Waiting 5 seconds for next reading cycle...
2025-09-04 14:19:40,327 - INFO - 💤 Waiting 5 seconds for next reading cycle...
2025-09-04 14:19:45,340 - INFO - 💤 Waiting 5 seconds for next reading cycle...
2025-09-04 14:19:50,352 - INFO - 💤 Waiting 5 seconds for next reading cycle...
2025-09-04 14:19:55,364 - INFO - 💤 Waiting 5 seconds for next reading cycle...
2025-09-04 14:20:00,394 - INFO - 💤 Waiting 5 seconds for next reading cycle...
2025-09-04 14:20:05,408 - INFO - 💤 Waiting 5 seconds for next reading cycle...
2025-09-04 14:20:10,426 - INFO - 💤 Waiting 5 seconds for next reading cycle...
2025-09-04 14:20:15,437 - INFO - 💤 Waiting 5 seconds for next reading cycle...
2025-09-04 14:20:20,449 - INFO - 💤 Waiting 5 seconds for next reading cycle...
2025-09-04 14:20:25,462 - INFO - 💤 Waiting 5 seconds for next reading cycle...
2025-09-04 14:20:30,477 - INFO - 💤 Waiting 5 seconds for next reading cycle...
2025-09-04 14:20:35,493 - INFO - 💤 Waiting 5 seconds for next reading cycle...
2025-09-04 14:20:40,507 - INFO - 💤 Waiting 5 seconds for next reading cycle...
2025-09-04 14:20:45,520 - INFO - 💤 Waiting 5 seconds for next reading cycle...
2025-09-04 14:20:50,534 - INFO - 💤 Waiting 5 seconds for next reading cycle...
2025-09-04 14:20:55,550 - INFO - 💤 Waiting 5 seconds for next reading cycle...
2025-09-04 14:21:00,564 - INFO - 💤 Waiting 5 seconds for next reading cycle...
2025-09-04 14:21:05,593 - INFO - 💤 Waiting 5 seconds for next reading cycle...
2025-09-04 14:21:10,609 - INFO - 💤 Waiting 5 seconds for next reading cycle...
2025-09-04 14:21:15,626 - INFO - 💤 Waiting 5 seconds for next reading cycle...
2025-09-04 14:21:20,639 - INFO - 💤 Waiting 5 seconds for next reading cycle...
2025-09-04 14:21:25,659 - INFO - 💤 Waiting 5 seconds for next reading cycle...
2025-09-04 14:21:30,675 - INFO - 💤 Waiting 5 seconds for next reading cycle...
2025-09-04 14:21:35,688 - INFO - 💤 Waiting 5 seconds for next reading cycle...
2025-09-04 14:21:40,703 - INFO - 💤 Waiting 5 seconds for next reading cycle...
2025-09-04 14:21:45,731 - INFO - 💤 Waiting 5 seconds for next reading cycle...
2025-09-04 14:21:50,746 - INFO - 💤 Waiting 5 seconds for next reading cycle...
2025-09-04 14:21:55,760 - INFO - 💤 Waiting 5 seconds for next reading cycle...
2025-09-04 14:22:00,773 - INFO - 💤 Waiting 5 seconds for next reading cycle...
2025-09-04 14:22:05,786 - INFO - 💤 Waiting 5 seconds for next reading cycle...
2025-09-04 14:22:10,798 - INFO - 💤 Waiting 5 seconds for next reading cycle...
2025-09-04 14:22:15,813 - INFO - 💤 Waiting 5 seconds for next reading cycle...
2025-09-04 14:22:20,828 - INFO - 💤 Waiting 5 seconds for next reading cycle...
2025-09-04 14:22:25,841 - INFO - 💤 Waiting 5 seconds for next reading cycle...
2025-09-04 14:22:30,872 - INFO - 💤 Waiting 5 seconds for next reading cycle...
2025-09-04 14:22:35,888 - INFO - 💤 Waiting 5 seconds for next reading cycle...
2025-09-04 14:22:40,901 - INFO - 💤 Waiting 5 seconds for next reading cycle...
2025-09-04 14:22:45,913 - INFO - 💤 Waiting 5 seconds for next reading cycle...
2025-09-04 14:22:50,926 - INFO - 💤 Waiting 5 seconds for next reading cycle...
2025-09-04 14:22:55,939 - INFO - 💤 Waiting 5 seconds for next reading cycle...
2025-09-04 14:23:00,952 - INFO - 💤 Waiting 5 seconds for next reading cycle...
2025-09-04 14:23:05,965 - INFO - 💤 Waiting 5 seconds for next reading cycle...
2025-09-04 14:23:10,986 - INFO - 💤 Waiting 5 seconds for next reading cycle...
2025-09-04 14:23:16,053 - INFO - 💤 Waiting 5 seconds for next reading cycle...
2025-09-04 14:23:21,086 - INFO - 💤 Waiting 5 seconds for next reading cycle...
2025-09-04 14:23:26,101 - INFO - 💤 Waiting 5 seconds for next reading cycle...
2025-09-04 14:23:31,115 - INFO - 💤 Waiting 5 seconds for next reading cycle...
2025-09-04 14:23:36,133 - INFO - 💤 Waiting 5 seconds for next reading cycle...
2025-09-04 14:23:41,147 - INFO - 💤 Waiting 5 seconds for next reading cycle...
2025-09-04 14:23:46,165 - INFO - 💤 Waiting 5 seconds for next reading cycle...
2025-09-04 14:23:51,187 - INFO - 💤 Waiting 5 seconds for next reading cycle...
2025-09-04 14:23:56,206 - INFO - 💤 Waiting 5 seconds for next reading cycle...
2025-09-04 14:24:01,221 - INFO - 💤 Waiting 5 seconds for next reading cycle...
2025-09-04 14:24:06,236 - INFO - 💤 Waiting 5 seconds for next reading cycle...
2025-09-04 14:24:11,268 - INFO - 💤 Waiting 5 seconds for next reading cycle...
2025-09-04 14:24:16,281 - INFO - 💤 Waiting 5 seconds for next reading cycle...
2025-09-04 14:24:21,296 - INFO - 💤 Waiting 5 seconds for next reading cycle...
2025-09-04 14:24:26,308 - INFO - 💤 Waiting 5 seconds for next reading cycle...
2025-09-04 14:24:31,321 - INFO - 💤 Waiting 5 seconds for next reading cycle...
2025-09-04 14:24:36,333 - INFO - 💤 Waiting 5 seconds for next reading cycle...
2025-09-04 14:24:41,346 - INFO - 💤 Waiting 5 seconds for next reading cycle...
2025-09-04 14:24:46,373 - INFO - 💤 Waiting 5 seconds for next reading cycle...
2025-09-04 14:24:51,385 - INFO - 💤 Waiting 5 seconds for next reading cycle...
2025-09-04 14:24:56,398 - INFO - 💤 Waiting 5 seconds for next reading cycle...
2025-09-04 14:25:01,412 - INFO - 💤 Waiting 5 seconds for next reading cycle...
2025-09-04 14:25:06,428 - INFO - 💤 Waiting 5 seconds for next reading cycle...
2025-09-04 14:25:11,445 - INFO - 💤 Waiting 5 seconds for next reading cycle...
2025-09-04 14:25:16,462 - INFO - 💤 Waiting 5 seconds for next reading cycle...
2025-09-04 14:25:21,478 - INFO - 💤 Waiting 5 seconds for next reading cycle...
2025-09-04 14:25:26,495 - INFO - 💤 Waiting 5 seconds for next reading cycle...
2025-09-04 14:25:31,527 - INFO - 💤 Waiting 5 seconds for next reading cycle...
2025-09-04 14:25:36,541 - INFO - 💤 Waiting 5 seconds for next reading cycle...
2025-09-04 14:25:41,554 - INFO - 💤 Waiting 5 seconds for next reading cycle...
2025-09-04 14:25:46,568 - INFO - 💤 Waiting 5 seconds for next reading cycle...
2025-09-04 14:25:51,581 - INFO - 💤 Waiting 5 seconds for next reading cycle...
2025-09-04 14:25:56,604 - INFO - 💤 Waiting 5 seconds for next reading cycle...
2025-09-04 14:26:01,622 - INFO - 💤 Waiting 5 seconds for next reading cycle...
2025-09-04 14:26:06,637 - INFO - 💤 Waiting 5 seconds for next reading cycle...
2025-09-04 14:26:11,652 - INFO - 💤 Waiting 5 seconds for next reading cycle...
2025-09-04 14:26:16,664 - INFO - 💤 Waiting 5 seconds for next reading cycle...
2025-09-04 14:26:21,680 - INFO - 💤 Waiting 5 seconds for next reading cycle...
2025-09-04 14:26:26,709 - INFO - 💤 Waiting 5 seconds for next reading cycle...
2025-09-04 14:26:31,729 - INFO - 💤 Waiting 5 seconds for next reading cycle...
2025-09-04 14:26:36,747 - INFO - 💤 Waiting 5 seconds for next reading cycle...
2025-09-04 14:26:41,764 - INFO - 💤 Waiting 5 seconds for next reading cycle...
2025-09-04 14:26:46,777 - INFO - 💤 Waiting 5 seconds for next reading cycle...
2025-09-04 14:26:51,791 - INFO - 💤 Waiting 5 seconds for next reading cycle...
2025-09-04 14:26:56,804 - INFO - 💤 Waiting 5 seconds for next reading cycle...
2025-09-04 14:27:01,830 - INFO - 💤 Waiting 5 seconds for next reading cycle...
2025-09-04 14:27:06,855 - INFO - 💤 Waiting 5 seconds for next reading cycle...
2025-09-04 14:27:11,868 - INFO - 💤 Waiting 5 seconds for next reading cycle...
2025-09-04 14:27:16,883 - INFO - 💤 Waiting 5 seconds for next reading cycle...
2025-09-04 14:27:21,902 - INFO - 💤 Waiting 5 seconds for next reading cycle...
2025-09-04 14:27:26,924 - INFO - 💤 Waiting 5 seconds for next reading cycle...
2025-09-04 14:27:31,949 - INFO - 💤 Waiting 5 seconds for next reading cycle...
2025-09-04 14:27:36,965 - INFO - 💤 Waiting 5 seconds for next reading cycle...
2025-09-04 14:27:41,989 - INFO - 💤 Waiting 5 seconds for next reading cycle...
2025-09-04 14:27:47,005 - INFO - 💤 Waiting 5 seconds for next reading cycle...
2025-09-04 14:27:52,018 - INFO - 💤 Waiting 5 seconds for next reading cycle...
2025-09-04 14:27:57,031 - INFO - 💤 Waiting 5 seconds for next reading cycle...
2025-09-04 14:28:02,044 - INFO - 💤 Waiting 5 seconds for next reading cycle...
2025-09-04 14:28:07,059 - INFO - 💤 Waiting 5 seconds for next reading cycle...
2025-09-04 14:28:12,085 - INFO - 💤 Waiting 5 seconds for next reading cycle...
2025-09-04 14:28:17,098 - INFO - 💤 Waiting 5 seconds for next reading cycle...
2025-09-04 14:28:22,110 - INFO - 💤 Waiting 5 seconds for next reading cycle...
2025-09-04 14:28:25,538 - INFO - Dashboard stopped by user.
