2025-09-03 14:40:32,583 - INFO - Starting dashboard DB version (MQTT only)...
2025-09-03 14:40:32,584 - INFO - Location 'KONDRAI': 1 devices, CSV: /home/pi/Desktop/0309/csv_data/KONDRAI.csv
2025-09-03 14:48:44,088 - INFO - Starting dashboard DB version (MQTT only)...
2025-09-03 14:48:44,089 - INFO - Location 'KONDRAI': 1 devices, CSV: /home/pi/Desktop/0309/csv_data/KONDRAI.csv
2025-09-03 14:48:47,257 - INFO - Dashboard stopped by user.
2025-09-03 14:52:07,062 - INFO - Starting dashboard DB version (MQTT only)...
2025-09-03 14:52:07,063 - INFO - Location 'KONDRAI': 1 devices, CSV: /home/pi/Desktop/0309/csv_data/KONDRAI.csv
2025-09-03 14:52:11,388 - INFO - Dashboard stopped by user.
2025-09-03 14:52:50,662 - INFO - Starting dashboard DB version (MQTT only)...
2025-09-03 14:52:50,663 - INFO - Location 'KONDRAI': 1 devices, CSV: /home/pi/Desktop/0309/csv_data/KONDRAI.csv
2025-09-03 15:01:01,193 - INFO - Starting dashboard DB version (MQTT only)...
2025-09-03 15:01:01,194 - INFO - Location 'KONDRAI': 1 devices, CSV: /home/pi/Desktop/0309/csv_data/KONDRAI.csv
2025-09-03 15:01:33,405 - INFO - Starting dashboard DB version (MQTT only)...
2025-09-03 15:01:33,405 - INFO - Location 'KONDRAI': 1 devices, CSV: /home/pi/Desktop/0309/csv_data/KONDRAI.csv
2025-09-03 15:05:06,926 - INFO - Starting dashboard DB version (MQTT only)...
2025-09-03 15:05:06,928 - INFO - Location 'KONDRAI': 1 devices, CSV: /home/pi/Desktop/0309/csv_data/KONDRAI.csv
2025-09-03 15:08:29,082 - INFO - Starting dashboard DB version (MQTT only)...
2025-09-03 15:08:29,083 - INFO - Location 'KONDRAI': 1 devices, CSV: /home/pi/Desktop/0309/csv_data/KONDRAI.csv
2025-09-03 15:09:00,489 - INFO - Starting dashboard DB version (MQTT only)...
2025-09-03 15:09:00,490 - INFO - Location 'KONDRAI': 1 devices, CSV: /home/pi/Desktop/0309/csv_data/KONDRAI.csv
2025-09-03 15:10:11,827 - INFO - Starting dashboard DB version (MQTT only)...
2025-09-03 15:10:11,828 - INFO - Location 'KONDRAI': 1 devices, CSV: /home/pi/Desktop/0309/csv_data/KONDRAI.csv
2025-09-03 15:10:11,832 - INFO - 💤 Waiting 5 seconds for next reading cycle...
2025-09-03 15:10:16,840 - INFO - 💤 Waiting 5 seconds for next reading cycle...
2025-09-03 15:10:21,844 - INFO - 💤 Waiting 5 seconds for next reading cycle...
2025-09-03 15:10:26,847 - INFO - 💤 Waiting 5 seconds for next reading cycle...
2025-09-03 15:10:27,379 - INFO - Dashboard stopped by user.
2025-09-03 15:12:17,411 - INFO - Starting dashboard DB version (MQTT only)...
2025-09-03 15:12:17,412 - INFO - Location 'KONDRAI': 1 devices, CSV: /home/pi/Desktop/0309/csv_data/KONDRAI.csv
2025-09-03 15:12:17,416 - INFO - 💤 Waiting 5 seconds for next reading cycle...
2025-09-03 15:12:22,419 - INFO - 💤 Waiting 5 seconds for next reading cycle...
2025-09-03 15:12:27,424 - INFO - 💤 Waiting 5 seconds for next reading cycle...
2025-09-03 15:12:32,427 - INFO - 💤 Waiting 5 seconds for next reading cycle...
2025-09-03 15:12:37,431 - INFO - 💤 Waiting 5 seconds for next reading cycle...
2025-09-03 15:12:42,435 - INFO - 💤 Waiting 5 seconds for next reading cycle...
2025-09-03 15:12:47,438 - INFO - 💤 Waiting 5 seconds for next reading cycle...
2025-09-03 15:12:52,442 - INFO - 💤 Waiting 5 seconds for next reading cycle...
2025-09-03 15:12:57,450 - INFO - 💤 Waiting 5 seconds for next reading cycle...
2025-09-03 15:13:02,453 - INFO - 💤 Waiting 5 seconds for next reading cycle...
2025-09-03 15:13:07,457 - INFO - 💤 Waiting 5 seconds for next reading cycle...
2025-09-03 15:13:12,459 - INFO - 💤 Waiting 5 seconds for next reading cycle...
2025-09-03 15:13:17,463 - INFO - 💤 Waiting 5 seconds for next reading cycle...
2025-09-03 15:13:22,467 - INFO - 💤 Waiting 5 seconds for next reading cycle...
2025-09-03 15:13:27,474 - INFO - 💤 Waiting 5 seconds for next reading cycle...
2025-09-03 15:13:32,477 - INFO - 💤 Waiting 5 seconds for next reading cycle...
2025-09-03 15:13:37,480 - INFO - 💤 Waiting 5 seconds for next reading cycle...
2025-09-03 15:13:42,483 - INFO - 💤 Waiting 5 seconds for next reading cycle...
2025-09-03 15:13:47,486 - INFO - 💤 Waiting 5 seconds for next reading cycle...
2025-09-03 15:13:52,489 - INFO - 💤 Waiting 5 seconds for next reading cycle...
2025-09-03 15:13:57,498 - INFO - 💤 Waiting 5 seconds for next reading cycle...
2025-09-03 15:14:02,507 - INFO - 💤 Waiting 5 seconds for next reading cycle...
2025-09-03 15:14:07,510 - INFO - 💤 Waiting 5 seconds for next reading cycle...
2025-09-03 15:14:12,513 - INFO - 💤 Waiting 5 seconds for next reading cycle...
2025-09-03 15:14:17,516 - INFO - 💤 Waiting 5 seconds for next reading cycle...
2025-09-03 15:14:22,521 - INFO - 💤 Waiting 5 seconds for next reading cycle...
2025-09-03 15:14:27,527 - INFO - 💤 Waiting 5 seconds for next reading cycle...
2025-09-03 15:14:32,530 - INFO - 💤 Waiting 5 seconds for next reading cycle...
2025-09-03 15:14:37,533 - INFO - 💤 Waiting 5 seconds for next reading cycle...
2025-09-03 15:14:42,539 - INFO - 💤 Waiting 5 seconds for next reading cycle...
2025-09-03 15:14:47,542 - INFO - 💤 Waiting 5 seconds for next reading cycle...
2025-09-03 15:14:52,545 - INFO - 💤 Waiting 5 seconds for next reading cycle...
2025-09-03 15:14:57,551 - INFO - 💤 Waiting 5 seconds for next reading cycle...
2025-09-03 15:15:02,558 - INFO - 💤 Waiting 5 seconds for next reading cycle...
2025-09-03 15:15:07,574 - INFO - 💤 Waiting 5 seconds for next reading cycle...
2025-09-03 15:15:12,577 - INFO - 💤 Waiting 5 seconds for next reading cycle...
2025-09-03 15:15:17,583 - INFO - 💤 Waiting 5 seconds for next reading cycle...
2025-09-03 15:15:22,587 - INFO - 💤 Waiting 5 seconds for next reading cycle...
2025-09-03 15:15:27,590 - INFO - 💤 Waiting 5 seconds for next reading cycle...
2025-09-03 15:15:32,594 - INFO - 💤 Waiting 5 seconds for next reading cycle...
2025-09-03 15:15:37,598 - INFO - 💤 Waiting 5 seconds for next reading cycle...
2025-09-03 15:15:42,601 - INFO - 💤 Waiting 5 seconds for next reading cycle...
2025-09-03 15:15:47,603 - INFO - 💤 Waiting 5 seconds for next reading cycle...
2025-09-03 15:15:52,607 - INFO - 💤 Waiting 5 seconds for next reading cycle...
2025-09-03 15:15:57,609 - INFO - 💤 Waiting 5 seconds for next reading cycle...
2025-09-03 15:16:02,612 - INFO - 💤 Waiting 5 seconds for next reading cycle...
2025-09-03 15:16:07,618 - INFO - 💤 Waiting 5 seconds for next reading cycle...
2025-09-03 15:16:12,621 - INFO - 💤 Waiting 5 seconds for next reading cycle...
2025-09-03 15:16:17,624 - INFO - 💤 Waiting 5 seconds for next reading cycle...
2025-09-03 15:16:22,627 - INFO - 💤 Waiting 5 seconds for next reading cycle...
2025-09-03 15:16:27,632 - INFO - 💤 Waiting 5 seconds for next reading cycle...
2025-09-03 15:16:32,635 - INFO - 💤 Waiting 5 seconds for next reading cycle...
2025-09-03 15:16:37,638 - INFO - 💤 Waiting 5 seconds for next reading cycle...
2025-09-03 15:16:42,645 - INFO - 💤 Waiting 5 seconds for next reading cycle...
2025-09-03 15:16:47,648 - INFO - 💤 Waiting 5 seconds for next reading cycle...
2025-09-03 15:16:52,653 - INFO - 💤 Waiting 5 seconds for next reading cycle...
2025-09-03 15:16:57,656 - INFO - 💤 Waiting 5 seconds for next reading cycle...
2025-09-03 15:17:02,661 - INFO - 💤 Waiting 5 seconds for next reading cycle...
2025-09-03 15:17:07,664 - INFO - 💤 Waiting 5 seconds for next reading cycle...
2025-09-03 15:17:12,667 - INFO - 💤 Waiting 5 seconds for next reading cycle...
2025-09-03 15:17:17,671 - INFO - 💤 Waiting 5 seconds for next reading cycle...
2025-09-03 15:17:22,678 - INFO - 💤 Waiting 5 seconds for next reading cycle...
2025-09-03 15:17:27,680 - INFO - 💤 Waiting 5 seconds for next reading cycle...
2025-09-03 15:17:32,683 - INFO - 💤 Waiting 5 seconds for next reading cycle...
2025-09-03 15:17:37,686 - INFO - 💤 Waiting 5 seconds for next reading cycle...
2025-09-03 15:17:42,691 - INFO - 💤 Waiting 5 seconds for next reading cycle...
2025-09-03 15:17:47,695 - INFO - 💤 Waiting 5 seconds for next reading cycle...
2025-09-03 15:17:52,698 - INFO - 💤 Waiting 5 seconds for next reading cycle...
2025-09-03 15:17:57,704 - INFO - 💤 Waiting 5 seconds for next reading cycle...
2025-09-03 15:18:02,707 - INFO - 💤 Waiting 5 seconds for next reading cycle...
2025-09-03 15:18:07,711 - INFO - 💤 Waiting 5 seconds for next reading cycle...
2025-09-03 15:18:12,715 - INFO - 💤 Waiting 5 seconds for next reading cycle...
2025-09-03 15:18:17,718 - INFO - 💤 Waiting 5 seconds for next reading cycle...
2025-09-03 15:18:22,722 - INFO - 💤 Waiting 5 seconds for next reading cycle...
2025-09-03 15:18:27,730 - INFO - 💤 Waiting 5 seconds for next reading cycle...
2025-09-03 15:18:32,736 - INFO - 💤 Waiting 5 seconds for next reading cycle...
2025-09-03 15:18:37,739 - INFO - 💤 Waiting 5 seconds for next reading cycle...
2025-09-03 15:18:42,742 - INFO - 💤 Waiting 5 seconds for next reading cycle...
2025-09-03 15:18:47,746 - INFO - 💤 Waiting 5 seconds for next reading cycle...
2025-09-03 15:18:52,749 - INFO - 💤 Waiting 5 seconds for next reading cycle...
2025-09-03 15:18:57,752 - INFO - 💤 Waiting 5 seconds for next reading cycle...
2025-09-03 15:19:02,755 - INFO - 💤 Waiting 5 seconds for next reading cycle...
2025-09-03 15:19:07,759 - INFO - 💤 Waiting 5 seconds for next reading cycle...
2025-09-03 15:19:12,763 - INFO - 💤 Waiting 5 seconds for next reading cycle...
2025-09-03 15:19:17,767 - INFO - 💤 Waiting 5 seconds for next reading cycle...
2025-09-03 15:19:22,770 - INFO - 💤 Waiting 5 seconds for next reading cycle...
2025-09-03 15:19:27,777 - INFO - 💤 Waiting 5 seconds for next reading cycle...
2025-09-03 15:19:32,781 - INFO - 💤 Waiting 5 seconds for next reading cycle...
2025-09-03 15:19:37,784 - INFO - 💤 Waiting 5 seconds for next reading cycle...
2025-09-03 15:19:42,787 - INFO - 💤 Waiting 5 seconds for next reading cycle...
2025-09-03 15:19:47,790 - INFO - 💤 Waiting 5 seconds for next reading cycle...
2025-09-03 15:19:52,793 - INFO - 💤 Waiting 5 seconds for next reading cycle...
2025-09-03 15:19:57,797 - INFO - 💤 Waiting 5 seconds for next reading cycle...
2025-09-03 15:20:02,800 - INFO - 💤 Waiting 5 seconds for next reading cycle...
2025-09-03 15:20:05,600 - INFO - Dashboard stopped by user.
2025-09-03 15:20:07,257 - INFO - Starting dashboard DB version (MQTT only)...
2025-09-03 15:20:07,258 - INFO - Location 'KONDRAI': 1 devices, CSV: /home/pi/Desktop/0309/csv_data/KONDRAI.csv
2025-09-03 15:20:07,262 - INFO - 💤 Waiting 5 seconds for next reading cycle...
2025-09-03 15:20:12,282 - INFO - 💤 Waiting 5 seconds for next reading cycle...
2025-09-03 15:20:17,288 - INFO - 💤 Waiting 5 seconds for next reading cycle...
2025-09-03 15:20:22,291 - INFO - 💤 Waiting 5 seconds for next reading cycle...
2025-09-03 15:20:27,295 - INFO - 💤 Waiting 5 seconds for next reading cycle...
2025-09-03 15:20:32,299 - INFO - 💤 Waiting 5 seconds for next reading cycle...
2025-09-03 15:20:37,302 - INFO - 💤 Waiting 5 seconds for next reading cycle...
2025-09-03 15:20:42,306 - INFO - 💤 Waiting 5 seconds for next reading cycle...
2025-09-03 15:20:47,310 - INFO - 💤 Waiting 5 seconds for next reading cycle...
2025-09-03 15:20:52,314 - INFO - 💤 Waiting 5 seconds for next reading cycle...
2025-09-03 15:20:57,319 - INFO - 💤 Waiting 5 seconds for next reading cycle...
2025-09-03 15:21:02,322 - INFO - 💤 Waiting 5 seconds for next reading cycle...
2025-09-03 15:21:07,332 - INFO - 💤 Waiting 5 seconds for next reading cycle...
2025-09-03 15:21:12,338 - INFO - 💤 Waiting 5 seconds for next reading cycle...
2025-09-03 15:21:16,387 - INFO - Dashboard stopped by user.
2025-09-03 15:21:19,911 - INFO - Starting dashboard DB version (MQTT only)...
2025-09-03 15:21:19,912 - INFO - Location 'KONDRAI': 4 devices, CSV: /home/pi/Desktop/0309/csv_data/KONDRAI.csv
2025-09-03 15:21:19,913 - INFO - Location 'SEVANTHI': 2 devices, CSV: /home/pi/Desktop/0309/csv_data/SEVANTHI.csv
2025-09-03 15:21:19,914 - INFO - Location 'LAUNDROMAT': 2 devices, CSV: /home/pi/Desktop/0309/csv_data/LAUNDROMAT.csv
2025-09-03 15:21:19,938 - INFO - 💤 Waiting 5 seconds for next reading cycle...
2025-09-03 15:21:24,958 - INFO - 💤 Waiting 5 seconds for next reading cycle...
2025-09-03 15:21:29,979 - INFO - 💤 Waiting 5 seconds for next reading cycle...
2025-09-03 15:21:35,005 - INFO - 💤 Waiting 5 seconds for next reading cycle...
2025-09-03 15:21:40,044 - INFO - 💤 Waiting 5 seconds for next reading cycle...
2025-09-03 15:21:45,068 - INFO - 💤 Waiting 5 seconds for next reading cycle...
2025-09-03 15:21:50,088 - INFO - 💤 Waiting 5 seconds for next reading cycle...
2025-09-03 15:21:55,112 - INFO - 💤 Waiting 5 seconds for next reading cycle...
2025-09-03 15:22:00,134 - INFO - 💤 Waiting 5 seconds for next reading cycle...
2025-09-03 15:22:05,154 - INFO - 💤 Waiting 5 seconds for next reading cycle...
2025-09-03 15:22:10,177 - INFO - 💤 Waiting 5 seconds for next reading cycle...
2025-09-03 15:22:15,213 - INFO - 💤 Waiting 5 seconds for next reading cycle...
2025-09-03 15:22:20,254 - INFO - 💤 Waiting 5 seconds for next reading cycle...
2025-09-03 15:22:25,275 - INFO - 💤 Waiting 5 seconds for next reading cycle...
2025-09-03 15:22:30,298 - INFO - 💤 Waiting 5 seconds for next reading cycle...
2025-09-03 15:22:35,319 - INFO - 💤 Waiting 5 seconds for next reading cycle...
2025-09-03 15:22:40,342 - INFO - 💤 Waiting 5 seconds for next reading cycle...
2025-09-03 15:22:45,365 - INFO - 💤 Waiting 5 seconds for next reading cycle...
2025-09-03 15:22:50,385 - INFO - 💤 Waiting 5 seconds for next reading cycle...
2025-09-03 15:22:55,407 - INFO - 💤 Waiting 5 seconds for next reading cycle...
2025-09-03 15:23:00,432 - INFO - 💤 Waiting 5 seconds for next reading cycle...
2025-09-03 15:23:05,475 - INFO - 💤 Waiting 5 seconds for next reading cycle...
2025-09-03 15:23:10,497 - INFO - 💤 Waiting 5 seconds for next reading cycle...
2025-09-03 15:23:15,519 - INFO - 💤 Waiting 5 seconds for next reading cycle...
2025-09-03 15:23:20,543 - INFO - 💤 Waiting 5 seconds for next reading cycle...
2025-09-03 15:23:25,564 - INFO - 💤 Waiting 5 seconds for next reading cycle...
2025-09-03 15:23:30,584 - INFO - 💤 Waiting 5 seconds for next reading cycle...
2025-09-03 15:23:35,604 - INFO - 💤 Waiting 5 seconds for next reading cycle...
2025-09-03 15:23:40,627 - INFO - 💤 Waiting 5 seconds for next reading cycle...
2025-09-03 15:23:45,652 - INFO - 💤 Waiting 5 seconds for next reading cycle...
2025-09-03 15:23:50,693 - INFO - 💤 Waiting 5 seconds for next reading cycle...
2025-09-03 15:23:55,720 - INFO - 💤 Waiting 5 seconds for next reading cycle...
2025-09-03 15:24:00,741 - INFO - 💤 Waiting 5 seconds for next reading cycle...
2025-09-03 15:24:05,762 - INFO - 💤 Waiting 5 seconds for next reading cycle...
2025-09-03 15:24:10,785 - INFO - 💤 Waiting 5 seconds for next reading cycle...
2025-09-03 15:24:15,806 - INFO - 💤 Waiting 5 seconds for next reading cycle...
2025-09-03 15:24:20,827 - INFO - 💤 Waiting 5 seconds for next reading cycle...
2025-09-03 15:24:25,876 - INFO - 💤 Waiting 5 seconds for next reading cycle...
2025-09-03 15:24:30,898 - INFO - 💤 Waiting 5 seconds for next reading cycle...
2025-09-03 15:24:35,919 - INFO - 💤 Waiting 5 seconds for next reading cycle...
2025-09-03 15:24:40,941 - INFO - 💤 Waiting 5 seconds for next reading cycle...
2025-09-03 15:24:45,964 - INFO - 💤 Waiting 5 seconds for next reading cycle...
2025-09-03 15:24:50,984 - INFO - 💤 Waiting 5 seconds for next reading cycle...
2025-09-03 15:24:56,029 - INFO - 💤 Waiting 5 seconds for next reading cycle...
2025-09-03 15:25:01,052 - INFO - 💤 Waiting 5 seconds for next reading cycle...
2025-09-03 15:25:06,098 - INFO - 💤 Waiting 5 seconds for next reading cycle...
2025-09-03 15:25:11,121 - INFO - 💤 Waiting 5 seconds for next reading cycle...
2025-09-03 15:25:16,153 - INFO - 💤 Waiting 5 seconds for next reading cycle...
2025-09-03 15:25:21,173 - INFO - 💤 Waiting 5 seconds for next reading cycle...
2025-09-03 15:25:26,197 - INFO - 💤 Waiting 5 seconds for next reading cycle...
2025-09-03 15:25:31,219 - INFO - 💤 Waiting 5 seconds for next reading cycle...
2025-09-03 15:25:36,243 - INFO - 💤 Waiting 5 seconds for next reading cycle...
2025-09-03 15:25:41,266 - INFO - 💤 Waiting 5 seconds for next reading cycle...
2025-09-03 15:25:46,286 - INFO - 💤 Waiting 5 seconds for next reading cycle...
2025-09-03 15:25:51,335 - INFO - 💤 Waiting 5 seconds for next reading cycle...
2025-09-03 15:25:56,364 - INFO - 💤 Waiting 5 seconds for next reading cycle...
2025-09-03 15:26:01,386 - INFO - 💤 Waiting 5 seconds for next reading cycle...
2025-09-03 15:26:06,406 - INFO - 💤 Waiting 5 seconds for next reading cycle...
2025-09-03 15:26:11,429 - INFO - 💤 Waiting 5 seconds for next reading cycle...
2025-09-03 15:26:16,454 - INFO - 💤 Waiting 5 seconds for next reading cycle...
2025-09-03 15:26:21,480 - INFO - 💤 Waiting 5 seconds for next reading cycle...
2025-09-03 15:26:26,512 - INFO - 💤 Waiting 5 seconds for next reading cycle...
2025-09-03 15:26:31,555 - INFO - 💤 Waiting 5 seconds for next reading cycle...
2025-09-03 15:26:36,575 - INFO - 💤 Waiting 5 seconds for next reading cycle...
2025-09-03 15:26:41,595 - INFO - 💤 Waiting 5 seconds for next reading cycle...
2025-09-03 15:26:46,617 - INFO - 💤 Waiting 5 seconds for next reading cycle...
2025-09-03 15:26:51,636 - INFO - 💤 Waiting 5 seconds for next reading cycle...
2025-09-03 15:26:56,660 - INFO - 💤 Waiting 5 seconds for next reading cycle...
2025-09-03 15:27:01,690 - INFO - 💤 Waiting 5 seconds for next reading cycle...
2025-09-03 15:27:06,717 - INFO - 💤 Waiting 5 seconds for next reading cycle...
2025-09-03 15:27:11,736 - INFO - 💤 Waiting 5 seconds for next reading cycle...
2025-09-03 15:27:16,758 - INFO - 💤 Waiting 5 seconds for next reading cycle...
2025-09-03 15:27:21,780 - INFO - 💤 Waiting 5 seconds for next reading cycle...
2025-09-03 15:27:26,803 - INFO - 💤 Waiting 5 seconds for next reading cycle...
2025-09-03 15:27:31,823 - INFO - 💤 Waiting 5 seconds for next reading cycle...
2025-09-03 15:27:36,842 - INFO - 💤 Waiting 5 seconds for next reading cycle...
2025-09-03 15:27:41,862 - INFO - 💤 Waiting 5 seconds for next reading cycle...
2025-09-03 15:27:46,881 - INFO - 💤 Waiting 5 seconds for next reading cycle...
2025-09-03 15:27:51,902 - INFO - 💤 Waiting 5 seconds for next reading cycle...
2025-09-03 15:27:56,922 - INFO - 💤 Waiting 5 seconds for next reading cycle...
2025-09-03 15:28:01,942 - INFO - 💤 Waiting 5 seconds for next reading cycle...
2025-09-03 15:28:06,961 - INFO - 💤 Waiting 5 seconds for next reading cycle...
2025-09-03 15:28:11,981 - INFO - 💤 Waiting 5 seconds for next reading cycle...
2025-09-03 15:28:17,000 - INFO - 💤 Waiting 5 seconds for next reading cycle...
2025-09-03 15:28:22,019 - INFO - 💤 Waiting 5 seconds for next reading cycle...
2025-09-03 15:28:27,063 - INFO - 💤 Waiting 5 seconds for next reading cycle...
2025-09-03 15:28:32,090 - INFO - 💤 Waiting 5 seconds for next reading cycle...
2025-09-03 15:28:37,110 - INFO - 💤 Waiting 5 seconds for next reading cycle...
2025-09-03 15:28:42,157 - INFO - 💤 Waiting 5 seconds for next reading cycle...
2025-09-03 15:28:47,175 - INFO - 💤 Waiting 5 seconds for next reading cycle...
2025-09-03 15:28:52,200 - INFO - 💤 Waiting 5 seconds for next reading cycle...
2025-09-03 15:28:57,245 - INFO - 💤 Waiting 5 seconds for next reading cycle...
2025-09-03 15:29:02,271 - INFO - 💤 Waiting 5 seconds for next reading cycle...
2025-09-03 15:29:07,294 - INFO - 💤 Waiting 5 seconds for next reading cycle...
2025-09-03 15:29:12,327 - INFO - 💤 Waiting 5 seconds for next reading cycle...
2025-09-03 15:29:17,350 - INFO - 💤 Waiting 5 seconds for next reading cycle...
2025-09-03 15:29:22,373 - INFO - 💤 Waiting 5 seconds for next reading cycle...
2025-09-03 15:29:27,395 - INFO - 💤 Waiting 5 seconds for next reading cycle...
2025-09-03 15:29:32,417 - INFO - 💤 Waiting 5 seconds for next reading cycle...
2025-09-03 15:29:37,439 - INFO - 💤 Waiting 5 seconds for next reading cycle...
2025-09-03 15:29:42,489 - INFO - 💤 Waiting 5 seconds for next reading cycle...
2025-09-03 15:29:47,516 - INFO - 💤 Waiting 5 seconds for next reading cycle...
2025-09-03 15:29:52,539 - INFO - 💤 Waiting 5 seconds for next reading cycle...
2025-09-03 15:29:57,560 - INFO - 💤 Waiting 5 seconds for next reading cycle...
2025-09-03 15:30:02,580 - INFO - 💤 Waiting 5 seconds for next reading cycle...
2025-09-03 15:30:07,621 - INFO - 💤 Waiting 5 seconds for next reading cycle...
2025-09-03 15:30:12,642 - INFO - 💤 Waiting 5 seconds for next reading cycle...
2025-09-03 15:30:17,663 - INFO - 💤 Waiting 5 seconds for next reading cycle...
2025-09-03 15:30:22,684 - INFO - 💤 Waiting 5 seconds for next reading cycle...
2025-09-03 15:30:27,704 - INFO - 💤 Waiting 5 seconds for next reading cycle...
2025-09-03 15:30:32,725 - INFO - 💤 Waiting 5 seconds for next reading cycle...
2025-09-03 15:30:37,745 - INFO - 💤 Waiting 5 seconds for next reading cycle...
2025-09-03 15:30:42,767 - INFO - 💤 Waiting 5 seconds for next reading cycle...
2025-09-03 15:30:47,822 - INFO - 💤 Waiting 5 seconds for next reading cycle...
2025-09-03 15:30:52,846 - INFO - 💤 Waiting 5 seconds for next reading cycle...
2025-09-03 15:30:57,872 - INFO - 💤 Waiting 5 seconds for next reading cycle...
2025-09-03 15:31:02,893 - INFO - 💤 Waiting 5 seconds for next reading cycle...
2025-09-03 15:31:07,914 - INFO - 💤 Waiting 5 seconds for next reading cycle...
2025-09-03 15:31:12,958 - INFO - 💤 Waiting 5 seconds for next reading cycle...
2025-09-03 15:31:17,979 - INFO - 💤 Waiting 5 seconds for next reading cycle...
2025-09-03 15:31:23,003 - INFO - 💤 Waiting 5 seconds for next reading cycle...
2025-09-03 15:31:28,026 - INFO - 💤 Waiting 5 seconds for next reading cycle...
2025-09-03 15:31:33,046 - INFO - 💤 Waiting 5 seconds for next reading cycle...
2025-09-03 15:31:38,092 - INFO - 💤 Waiting 5 seconds for next reading cycle...
2025-09-03 15:31:43,118 - INFO - 💤 Waiting 5 seconds for next reading cycle...
2025-09-03 15:31:48,179 - INFO - 💤 Waiting 5 seconds for next reading cycle...
2025-09-03 15:31:53,202 - INFO - 💤 Waiting 5 seconds for next reading cycle...
2025-09-03 15:31:58,231 - INFO - 💤 Waiting 5 seconds for next reading cycle...
2025-09-03 15:32:03,286 - INFO - 💤 Waiting 5 seconds for next reading cycle...
2025-09-03 15:32:08,310 - INFO - 💤 Waiting 5 seconds for next reading cycle...
2025-09-03 15:32:13,334 - INFO - 💤 Waiting 5 seconds for next reading cycle...
2025-09-03 15:32:18,361 - INFO - 💤 Waiting 5 seconds for next reading cycle...
2025-09-03 15:32:23,388 - INFO - 💤 Waiting 5 seconds for next reading cycle...
2025-09-03 15:32:28,409 - INFO - 💤 Waiting 5 seconds for next reading cycle...
2025-09-03 15:32:33,429 - INFO - 💤 Waiting 5 seconds for next reading cycle...
2025-09-03 15:32:38,454 - INFO - 💤 Waiting 5 seconds for next reading cycle...
2025-09-03 15:32:43,474 - INFO - 💤 Waiting 5 seconds for next reading cycle...
2025-09-03 15:32:48,493 - INFO - 💤 Waiting 5 seconds for next reading cycle...
2025-09-03 15:32:53,517 - INFO - 💤 Waiting 5 seconds for next reading cycle...
2025-09-03 15:32:58,566 - INFO - 💤 Waiting 5 seconds for next reading cycle...
2025-09-03 15:33:03,591 - INFO - 💤 Waiting 5 seconds for next reading cycle...
2025-09-03 15:33:08,612 - INFO - 💤 Waiting 5 seconds for next reading cycle...
2025-09-03 15:33:13,633 - INFO - 💤 Waiting 5 seconds for next reading cycle...
2025-09-03 15:33:18,653 - INFO - 💤 Waiting 5 seconds for next reading cycle...
2025-09-03 15:33:23,674 - INFO - 💤 Waiting 5 seconds for next reading cycle...
2025-09-03 15:33:28,701 - INFO - 💤 Waiting 5 seconds for next reading cycle...
2025-09-03 15:33:33,723 - INFO - 💤 Waiting 5 seconds for next reading cycle...
2025-09-03 15:33:38,744 - INFO - 💤 Waiting 5 seconds for next reading cycle...
2025-09-03 15:33:43,767 - INFO - 💤 Waiting 5 seconds for next reading cycle...
2025-09-03 15:33:48,786 - INFO - 💤 Waiting 5 seconds for next reading cycle...
2025-09-03 15:33:53,835 - INFO - 💤 Waiting 5 seconds for next reading cycle...
2025-09-03 15:33:58,876 - INFO - 💤 Waiting 5 seconds for next reading cycle...
2025-09-03 15:34:03,909 - INFO - 💤 Waiting 5 seconds for next reading cycle...
2025-09-03 15:34:08,929 - INFO - 💤 Waiting 5 seconds for next reading cycle...
2025-09-03 15:34:13,950 - INFO - 💤 Waiting 5 seconds for next reading cycle...
2025-09-03 15:34:18,970 - INFO - 💤 Waiting 5 seconds for next reading cycle...
2025-09-03 15:34:23,994 - INFO - 💤 Waiting 5 seconds for next reading cycle...
2025-09-03 15:34:29,019 - INFO - 💤 Waiting 5 seconds for next reading cycle...
2025-09-03 15:34:34,081 - INFO - 💤 Waiting 5 seconds for next reading cycle...
2025-09-03 15:34:39,104 - INFO - 💤 Waiting 5 seconds for next reading cycle...
2025-09-03 15:34:44,124 - INFO - 💤 Waiting 5 seconds for next reading cycle...
2025-09-03 15:34:49,149 - INFO - 💤 Waiting 5 seconds for next reading cycle...
2025-09-03 15:34:54,192 - INFO - 💤 Waiting 5 seconds for next reading cycle...
2025-09-03 15:34:59,215 - INFO - 💤 Waiting 5 seconds for next reading cycle...
2025-09-03 15:35:04,235 - INFO - 💤 Waiting 5 seconds for next reading cycle...
2025-09-03 15:35:09,256 - INFO - 💤 Waiting 5 seconds for next reading cycle...
2025-09-03 15:35:14,278 - INFO - 💤 Waiting 5 seconds for next reading cycle...
2025-09-03 15:35:19,302 - INFO - 💤 Waiting 5 seconds for next reading cycle...
2025-09-03 15:35:24,325 - INFO - 💤 Waiting 5 seconds for next reading cycle...
2025-09-03 15:35:29,352 - INFO - 💤 Waiting 5 seconds for next reading cycle...
2025-09-03 15:35:34,393 - INFO - 💤 Waiting 5 seconds for next reading cycle...
2025-09-03 15:35:39,413 - INFO - 💤 Waiting 5 seconds for next reading cycle...
2025-09-03 15:35:44,433 - INFO - 💤 Waiting 5 seconds for next reading cycle...
2025-09-03 15:35:49,453 - INFO - 💤 Waiting 5 seconds for next reading cycle...
2025-09-03 15:35:54,478 - INFO - 💤 Waiting 5 seconds for next reading cycle...
2025-09-03 15:35:59,528 - INFO - 💤 Waiting 5 seconds for next reading cycle...
2025-09-03 15:36:04,548 - INFO - 💤 Waiting 5 seconds for next reading cycle...
2025-09-03 15:36:09,576 - INFO - 💤 Waiting 5 seconds for next reading cycle...
2025-09-03 15:36:14,605 - INFO - 💤 Waiting 5 seconds for next reading cycle...
2025-09-03 15:36:19,627 - INFO - 💤 Waiting 5 seconds for next reading cycle...
2025-09-03 15:36:24,671 - INFO - 💤 Waiting 5 seconds for next reading cycle...
2025-09-03 15:36:29,692 - INFO - 💤 Waiting 5 seconds for next reading cycle...
2025-09-03 15:36:34,712 - INFO - 💤 Waiting 5 seconds for next reading cycle...
2025-09-03 15:36:39,731 - INFO - 💤 Waiting 5 seconds for next reading cycle...
2025-09-03 15:36:44,767 - INFO - 💤 Waiting 5 seconds for next reading cycle...
2025-09-03 15:36:49,791 - INFO - 💤 Waiting 5 seconds for next reading cycle...
2025-09-03 15:36:54,812 - INFO - 💤 Waiting 5 seconds for next reading cycle...
2025-09-03 15:36:59,833 - INFO - 💤 Waiting 5 seconds for next reading cycle...
2025-09-03 15:37:04,859 - INFO - 💤 Waiting 5 seconds for next reading cycle...
2025-09-03 15:37:09,879 - INFO - 💤 Waiting 5 seconds for next reading cycle...
2025-09-03 15:37:14,899 - INFO - 💤 Waiting 5 seconds for next reading cycle...
2025-09-03 15:37:19,920 - INFO - 💤 Waiting 5 seconds for next reading cycle...
2025-09-03 15:37:24,951 - INFO - 💤 Waiting 5 seconds for next reading cycle...
2025-09-03 15:37:29,975 - INFO - 💤 Waiting 5 seconds for next reading cycle...
2025-09-03 15:37:34,996 - INFO - 💤 Waiting 5 seconds for next reading cycle...
2025-09-03 15:37:40,021 - INFO - 💤 Waiting 5 seconds for next reading cycle...
2025-09-03 15:37:45,042 - INFO - 💤 Waiting 5 seconds for next reading cycle...
2025-09-03 15:37:50,063 - INFO - 💤 Waiting 5 seconds for next reading cycle...
2025-09-03 15:37:55,119 - INFO - 💤 Waiting 5 seconds for next reading cycle...
2025-09-03 15:38:00,155 - INFO - 💤 Waiting 5 seconds for next reading cycle...
2025-09-03 15:38:05,176 - INFO - 💤 Waiting 5 seconds for next reading cycle...
2025-09-03 15:38:10,197 - INFO - 💤 Waiting 5 seconds for next reading cycle...
2025-09-03 15:38:15,218 - INFO - 💤 Waiting 5 seconds for next reading cycle...
2025-09-03 15:38:20,240 - INFO - 💤 Waiting 5 seconds for next reading cycle...
2025-09-03 15:38:25,261 - INFO - 💤 Waiting 5 seconds for next reading cycle...
2025-09-03 15:38:30,287 - INFO - 💤 Waiting 5 seconds for next reading cycle...
2025-09-03 15:38:35,304 - INFO - 💤 Waiting 5 seconds for next reading cycle...
2025-09-03 15:38:40,328 - INFO - 💤 Waiting 5 seconds for next reading cycle...
2025-09-03 15:38:45,353 - INFO - 💤 Waiting 5 seconds for next reading cycle...
2025-09-03 15:38:50,379 - INFO - 💤 Waiting 5 seconds for next reading cycle...
2025-09-03 15:38:55,426 - INFO - 💤 Waiting 5 seconds for next reading cycle...
2025-09-03 15:39:00,463 - INFO - 💤 Waiting 5 seconds for next reading cycle...
2025-09-03 15:39:05,500 - INFO - 💤 Waiting 5 seconds for next reading cycle...
2025-09-03 15:39:10,529 - INFO - 💤 Waiting 5 seconds for next reading cycle...
2025-09-03 15:39:15,551 - INFO - 💤 Waiting 5 seconds for next reading cycle...
2025-09-03 15:39:20,573 - INFO - 💤 Waiting 5 seconds for next reading cycle...
2025-09-03 15:39:25,594 - INFO - 💤 Waiting 5 seconds for next reading cycle...
2025-09-03 15:39:30,622 - INFO - 💤 Waiting 5 seconds for next reading cycle...
2025-09-03 15:39:35,645 - INFO - 💤 Waiting 5 seconds for next reading cycle...
2025-09-03 15:39:40,668 - INFO - 💤 Waiting 5 seconds for next reading cycle...
2025-09-03 15:39:45,708 - INFO - 💤 Waiting 5 seconds for next reading cycle...
2025-09-03 15:39:50,729 - INFO - 💤 Waiting 5 seconds for next reading cycle...
2025-09-03 15:39:55,750 - INFO - 💤 Waiting 5 seconds for next reading cycle...
2025-09-03 15:40:00,773 - INFO - 💤 Waiting 5 seconds for next reading cycle...
2025-09-03 15:40:05,827 - INFO - 💤 Waiting 5 seconds for next reading cycle...
2025-09-03 15:40:10,848 - INFO - 💤 Waiting 5 seconds for next reading cycle...
2025-09-03 15:40:15,874 - INFO - 💤 Waiting 5 seconds for next reading cycle...
2025-09-03 15:40:20,894 - INFO - 💤 Waiting 5 seconds for next reading cycle...
2025-09-03 15:40:25,914 - INFO - 💤 Waiting 5 seconds for next reading cycle...
2025-09-03 15:40:30,938 - INFO - 💤 Waiting 5 seconds for next reading cycle...
2025-09-03 15:40:35,959 - INFO - 💤 Waiting 5 seconds for next reading cycle...
2025-09-03 15:40:40,980 - INFO - 💤 Waiting 5 seconds for next reading cycle...
2025-09-03 15:40:46,024 - INFO - 💤 Waiting 5 seconds for next reading cycle...
2025-09-03 15:40:51,043 - INFO - 💤 Waiting 5 seconds for next reading cycle...
2025-09-03 15:40:56,065 - INFO - 💤 Waiting 5 seconds for next reading cycle...
2025-09-03 15:41:01,086 - INFO - 💤 Waiting 5 seconds for next reading cycle...
2025-09-03 15:41:06,106 - INFO - 💤 Waiting 5 seconds for next reading cycle...
2025-09-03 15:41:11,126 - INFO - 💤 Waiting 5 seconds for next reading cycle...
2025-09-03 15:41:16,169 - INFO - 💤 Waiting 5 seconds for next reading cycle...
2025-09-03 15:41:21,191 - INFO - 💤 Waiting 5 seconds for next reading cycle...
2025-09-03 15:41:26,214 - INFO - 💤 Waiting 5 seconds for next reading cycle...
2025-09-03 15:41:31,233 - INFO - 💤 Waiting 5 seconds for next reading cycle...
2025-09-03 15:41:36,253 - INFO - 💤 Waiting 5 seconds for next reading cycle...
2025-09-03 15:41:41,304 - INFO - 💤 Waiting 5 seconds for next reading cycle...
2025-09-03 15:41:46,335 - INFO - 💤 Waiting 5 seconds for next reading cycle...
2025-09-03 15:41:51,354 - INFO - 💤 Waiting 5 seconds for next reading cycle...
2025-09-03 15:41:56,398 - INFO - 💤 Waiting 5 seconds for next reading cycle...
2025-09-03 15:42:01,420 - INFO - 💤 Waiting 5 seconds for next reading cycle...
2025-09-03 15:42:06,446 - INFO - 💤 Waiting 5 seconds for next reading cycle...
2025-09-03 15:42:11,475 - INFO - 💤 Waiting 5 seconds for next reading cycle...
2025-09-03 15:42:16,497 - INFO - 💤 Waiting 5 seconds for next reading cycle...
2025-09-03 15:42:21,517 - INFO - 💤 Waiting 5 seconds for next reading cycle...
2025-09-03 15:42:26,539 - INFO - 💤 Waiting 5 seconds for next reading cycle...
2025-09-03 15:42:31,564 - INFO - 💤 Waiting 5 seconds for next reading cycle...
2025-09-03 15:42:36,584 - INFO - 💤 Waiting 5 seconds for next reading cycle...
2025-09-03 15:42:41,633 - INFO - 💤 Waiting 5 seconds for next reading cycle...
2025-09-03 15:42:46,656 - INFO - 💤 Waiting 5 seconds for next reading cycle...
2025-09-03 15:42:51,680 - INFO - 💤 Waiting 5 seconds for next reading cycle...
2025-09-03 15:42:56,701 - INFO - 💤 Waiting 5 seconds for next reading cycle...
2025-09-03 15:43:01,722 - INFO - 💤 Waiting 5 seconds for next reading cycle...
2025-09-03 15:43:06,742 - INFO - 💤 Waiting 5 seconds for next reading cycle...
2025-09-03 15:43:11,762 - INFO - 💤 Waiting 5 seconds for next reading cycle...
2025-09-03 15:43:16,797 - INFO - 💤 Waiting 5 seconds for next reading cycle...
2025-09-03 15:43:21,841 - INFO - 💤 Waiting 5 seconds for next reading cycle...
2025-09-03 15:43:26,863 - INFO - 💤 Waiting 5 seconds for next reading cycle...
2025-09-03 15:43:31,884 - INFO - 💤 Waiting 5 seconds for next reading cycle...
2025-09-03 15:43:36,911 - INFO - 💤 Waiting 5 seconds for next reading cycle...
2025-09-03 15:43:41,930 - INFO - 💤 Waiting 5 seconds for next reading cycle...
2025-09-03 15:43:46,951 - INFO - 💤 Waiting 5 seconds for next reading cycle...
2025-09-03 15:43:51,972 - INFO - 💤 Waiting 5 seconds for next reading cycle...
2025-09-03 15:43:56,993 - INFO - 💤 Waiting 5 seconds for next reading cycle...
2025-09-03 15:44:02,017 - INFO - 💤 Waiting 5 seconds for next reading cycle...
2025-09-03 15:44:07,063 - INFO - 💤 Waiting 5 seconds for next reading cycle...
2025-09-03 15:44:12,085 - INFO - 💤 Waiting 5 seconds for next reading cycle...
2025-09-03 15:44:17,105 - INFO - 💤 Waiting 5 seconds for next reading cycle...
2025-09-03 15:44:22,127 - INFO - 💤 Waiting 5 seconds for next reading cycle...
2025-09-03 15:44:27,151 - INFO - 💤 Waiting 5 seconds for next reading cycle...
2025-09-03 15:44:32,175 - INFO - 💤 Waiting 5 seconds for next reading cycle...
2025-09-03 15:44:37,200 - INFO - 💤 Waiting 5 seconds for next reading cycle...
2025-09-03 15:44:42,223 - INFO - 💤 Waiting 5 seconds for next reading cycle...
2025-09-03 15:44:47,244 - INFO - 💤 Waiting 5 seconds for next reading cycle...
2025-09-03 15:44:52,267 - INFO - 💤 Waiting 5 seconds for next reading cycle...
2025-09-03 15:44:57,288 - INFO - 💤 Waiting 5 seconds for next reading cycle...
2025-09-03 15:45:02,317 - INFO - 💤 Waiting 5 seconds for next reading cycle...
2025-09-03 15:45:07,339 - INFO - 💤 Waiting 5 seconds for next reading cycle...
2025-09-03 15:45:12,364 - INFO - 💤 Waiting 5 seconds for next reading cycle...
2025-09-03 15:45:17,390 - INFO - 💤 Waiting 5 seconds for next reading cycle...
2025-09-03 15:45:22,416 - INFO - 💤 Waiting 5 seconds for next reading cycle...
2025-09-03 15:45:27,440 - INFO - 💤 Waiting 5 seconds for next reading cycle...
2025-09-03 15:45:32,464 - INFO - 💤 Waiting 5 seconds for next reading cycle...
2025-09-03 15:45:37,484 - INFO - 💤 Waiting 5 seconds for next reading cycle...
2025-09-03 15:45:42,511 - INFO - 💤 Waiting 5 seconds for next reading cycle...
2025-09-03 15:45:47,567 - INFO - 💤 Waiting 5 seconds for next reading cycle...
2025-09-03 15:45:52,590 - INFO - 💤 Waiting 5 seconds for next reading cycle...
2025-09-03 15:45:57,610 - INFO - 💤 Waiting 5 seconds for next reading cycle...
2025-09-03 15:46:02,631 - INFO - 💤 Waiting 5 seconds for next reading cycle...
2025-09-03 15:46:07,651 - INFO - 💤 Waiting 5 seconds for next reading cycle...
2025-09-03 15:46:12,672 - INFO - 💤 Waiting 5 seconds for next reading cycle...
2025-09-03 15:46:17,693 - INFO - 💤 Waiting 5 seconds for next reading cycle...
2025-09-03 15:46:22,715 - INFO - 💤 Waiting 5 seconds for next reading cycle...
2025-09-03 15:46:27,736 - INFO - 💤 Waiting 5 seconds for next reading cycle...
2025-09-03 15:46:32,789 - INFO - 💤 Waiting 5 seconds for next reading cycle...
2025-09-03 15:46:37,812 - INFO - 💤 Waiting 5 seconds for next reading cycle...
2025-09-03 15:46:42,832 - INFO - 💤 Waiting 5 seconds for next reading cycle...
2025-09-03 15:46:47,851 - INFO - 💤 Waiting 5 seconds for next reading cycle...
2025-09-03 15:46:52,871 - INFO - 💤 Waiting 5 seconds for next reading cycle...
2025-09-03 15:46:57,891 - INFO - 💤 Waiting 5 seconds for next reading cycle...
2025-09-03 15:47:02,914 - INFO - 💤 Waiting 5 seconds for next reading cycle...
2025-09-03 15:47:07,934 - INFO - 💤 Waiting 5 seconds for next reading cycle...
2025-09-03 15:47:12,953 - INFO - 💤 Waiting 5 seconds for next reading cycle...
2025-09-03 15:47:17,994 - INFO - 💤 Waiting 5 seconds for next reading cycle...
2025-09-03 15:47:23,014 - INFO - 💤 Waiting 5 seconds for next reading cycle...
2025-09-03 15:47:28,034 - INFO - 💤 Waiting 5 seconds for next reading cycle...
2025-09-03 20:10:34,885 - INFO - Starting dashboard DB version (MQTT only)...
2025-09-03 20:10:34,885 - INFO - Location 'KONDRAI': 4 devices, CSV: /home/pi/Desktop/0309/csv_data/KONDRAI.csv
2025-09-03 20:10:34,886 - INFO - Location 'SEVANTHI': 2 devices, CSV: /home/pi/Desktop/0309/csv_data/SEVANTHI.csv
2025-09-03 20:10:34,887 - INFO - Location 'LAUNDROMAT': 2 devices, CSV: /home/pi/Desktop/0309/csv_data/LAUNDROMAT.csv
2025-09-03 20:10:34,906 - INFO - 💤 Waiting 5 seconds for next reading cycle...
2025-09-03 20:10:39,943 - INFO - 💤 Waiting 5 seconds for next reading cycle...
2025-09-03 20:10:44,961 - INFO - 💤 Waiting 5 seconds for next reading cycle...
2025-09-03 20:10:49,979 - INFO - 💤 Waiting 5 seconds for next reading cycle...
2025-09-03 20:10:54,997 - INFO - 💤 Waiting 5 seconds for next reading cycle...
2025-09-03 20:11:00,016 - INFO - 💤 Waiting 5 seconds for next reading cycle...
2025-09-03 20:11:05,035 - INFO - 💤 Waiting 5 seconds for next reading cycle...
2025-09-03 20:11:10,052 - INFO - 💤 Waiting 5 seconds for next reading cycle...
2025-09-03 20:11:15,071 - INFO - 💤 Waiting 5 seconds for next reading cycle...
2025-09-03 20:11:20,089 - INFO - 💤 Waiting 5 seconds for next reading cycle...
2025-09-03 20:11:25,106 - INFO - 💤 Waiting 5 seconds for next reading cycle...
2025-09-03 20:11:30,123 - INFO - 💤 Waiting 5 seconds for next reading cycle...
2025-09-03 20:11:35,140 - INFO - 💤 Waiting 5 seconds for next reading cycle...
2025-09-03 20:11:40,157 - INFO - 💤 Waiting 5 seconds for next reading cycle...
2025-09-03 20:11:45,189 - INFO - 💤 Waiting 5 seconds for next reading cycle...
2025-09-03 20:11:50,212 - INFO - 💤 Waiting 5 seconds for next reading cycle...
2025-09-03 20:11:55,231 - INFO - 💤 Waiting 5 seconds for next reading cycle...
2025-09-03 20:12:00,251 - INFO - 💤 Waiting 5 seconds for next reading cycle...
2025-09-03 20:12:05,295 - INFO - 💤 Waiting 5 seconds for next reading cycle...
2025-09-03 20:12:10,325 - INFO - 💤 Waiting 5 seconds for next reading cycle...
2025-09-03 20:12:15,349 - INFO - 💤 Waiting 5 seconds for next reading cycle...
2025-09-03 20:12:20,367 - INFO - 💤 Waiting 5 seconds for next reading cycle...
2025-09-03 20:12:25,390 - INFO - 💤 Waiting 5 seconds for next reading cycle...
2025-09-03 20:12:30,411 - INFO - 💤 Waiting 5 seconds for next reading cycle...
2025-09-03 20:12:35,448 - INFO - 💤 Waiting 5 seconds for next reading cycle...
2025-09-03 20:12:40,471 - INFO - 💤 Waiting 5 seconds for next reading cycle...
2025-09-03 20:12:45,490 - INFO - 💤 Waiting 5 seconds for next reading cycle...
2025-09-03 20:12:50,509 - INFO - 💤 Waiting 5 seconds for next reading cycle...
2025-09-03 20:12:55,534 - INFO - 💤 Waiting 5 seconds for next reading cycle...
2025-09-03 20:13:00,554 - INFO - 💤 Waiting 5 seconds for next reading cycle...
2025-09-03 20:13:05,578 - INFO - 💤 Waiting 5 seconds for next reading cycle...
2025-09-03 20:13:10,601 - INFO - 💤 Waiting 5 seconds for next reading cycle...
2025-09-03 20:13:15,646 - INFO - 💤 Waiting 5 seconds for next reading cycle...
2025-09-03 20:13:20,672 - INFO - 💤 Waiting 5 seconds for next reading cycle...
2025-09-03 20:13:25,700 - INFO - 💤 Waiting 5 seconds for next reading cycle...
2025-09-03 20:13:30,720 - INFO - 💤 Waiting 5 seconds for next reading cycle...
2025-09-03 20:13:35,742 - INFO - 💤 Waiting 5 seconds for next reading cycle...
2025-09-03 20:13:40,768 - INFO - 💤 Waiting 5 seconds for next reading cycle...
2025-09-03 20:13:45,798 - INFO - 💤 Waiting 5 seconds for next reading cycle...
2025-09-03 20:13:50,825 - INFO - 💤 Waiting 5 seconds for next reading cycle...
2025-09-03 20:13:55,868 - INFO - 💤 Waiting 5 seconds for next reading cycle...
2025-09-03 20:14:00,891 - INFO - 💤 Waiting 5 seconds for next reading cycle...
2025-09-03 20:14:05,918 - INFO - 💤 Waiting 5 seconds for next reading cycle...
2025-09-03 20:14:10,963 - INFO - 💤 Waiting 5 seconds for next reading cycle...
2025-09-03 20:14:15,985 - INFO - 💤 Waiting 5 seconds for next reading cycle...
2025-09-03 20:14:21,006 - INFO - 💤 Waiting 5 seconds for next reading cycle...
2025-09-03 20:14:26,026 - INFO - 💤 Waiting 5 seconds for next reading cycle...
2025-09-03 20:14:31,052 - INFO - 💤 Waiting 5 seconds for next reading cycle...
2025-09-03 20:14:36,073 - INFO - 💤 Waiting 5 seconds for next reading cycle...
2025-09-03 20:14:41,098 - INFO - 💤 Waiting 5 seconds for next reading cycle...
2025-09-03 20:14:46,118 - INFO - 💤 Waiting 5 seconds for next reading cycle...
2025-09-03 20:14:51,138 - INFO - 💤 Waiting 5 seconds for next reading cycle...
2025-09-03 20:14:56,178 - INFO - 💤 Waiting 5 seconds for next reading cycle...
2025-09-03 20:15:01,198 - INFO - 💤 Waiting 5 seconds for next reading cycle...
2025-09-03 20:15:06,219 - INFO - 💤 Waiting 5 seconds for next reading cycle...
2025-09-03 20:15:11,238 - INFO - 💤 Waiting 5 seconds for next reading cycle...
2025-09-03 20:15:16,272 - INFO - 💤 Waiting 5 seconds for next reading cycle...
2025-09-03 20:15:21,293 - INFO - 💤 Waiting 5 seconds for next reading cycle...
2025-09-03 20:15:26,314 - INFO - 💤 Waiting 5 seconds for next reading cycle...
2025-09-03 20:15:31,334 - INFO - 💤 Waiting 5 seconds for next reading cycle...
2025-09-03 20:15:36,355 - INFO - 💤 Waiting 5 seconds for next reading cycle...
2025-09-03 20:15:41,375 - INFO - 💤 Waiting 5 seconds for next reading cycle...
2025-09-03 20:15:46,400 - INFO - 💤 Waiting 5 seconds for next reading cycle...
2025-09-03 20:15:51,424 - INFO - 💤 Waiting 5 seconds for next reading cycle...
2025-09-03 20:15:56,451 - INFO - 💤 Waiting 5 seconds for next reading cycle...
2025-09-03 20:16:01,469 - INFO - 💤 Waiting 5 seconds for next reading cycle...
2025-09-03 20:16:06,488 - INFO - 💤 Waiting 5 seconds for next reading cycle...
2025-09-03 20:16:11,519 - INFO - 💤 Waiting 5 seconds for next reading cycle...
2025-09-03 20:16:16,540 - INFO - 💤 Waiting 5 seconds for next reading cycle...
2025-09-03 20:16:21,560 - INFO - 💤 Waiting 5 seconds for next reading cycle...
2025-09-03 20:16:26,585 - INFO - 💤 Waiting 5 seconds for next reading cycle...
2025-09-03 20:16:31,612 - INFO - 💤 Waiting 5 seconds for next reading cycle...
2025-09-03 20:16:36,630 - INFO - 💤 Waiting 5 seconds for next reading cycle...
2025-09-03 20:16:41,650 - INFO - 💤 Waiting 5 seconds for next reading cycle...
2025-09-03 20:16:46,689 - INFO - 💤 Waiting 5 seconds for next reading cycle...
2025-09-03 20:16:51,741 - INFO - 💤 Waiting 5 seconds for next reading cycle...
2025-09-03 20:16:56,762 - INFO - 💤 Waiting 5 seconds for next reading cycle...
2025-09-03 20:17:01,788 - INFO - 💤 Waiting 5 seconds for next reading cycle...
2025-09-03 20:17:06,806 - INFO - 💤 Waiting 5 seconds for next reading cycle...
2025-09-03 20:17:11,828 - INFO - 💤 Waiting 5 seconds for next reading cycle...
2025-09-03 20:17:16,853 - INFO - 💤 Waiting 5 seconds for next reading cycle...
2025-09-03 20:17:21,886 - INFO - 💤 Waiting 5 seconds for next reading cycle...
2025-09-03 20:17:26,911 - INFO - 💤 Waiting 5 seconds for next reading cycle...
2025-09-03 20:17:31,934 - INFO - 💤 Waiting 5 seconds for next reading cycle...
2025-09-03 20:17:36,957 - INFO - 💤 Waiting 5 seconds for next reading cycle...
2025-09-03 20:17:41,980 - INFO - 💤 Waiting 5 seconds for next reading cycle...
2025-09-03 20:17:47,014 - INFO - 💤 Waiting 5 seconds for next reading cycle...
2025-09-03 20:17:52,059 - INFO - 💤 Waiting 5 seconds for next reading cycle...
2025-09-03 20:17:57,080 - INFO - 💤 Waiting 5 seconds for next reading cycle...
2025-09-03 20:18:02,100 - INFO - 💤 Waiting 5 seconds for next reading cycle...
2025-09-03 20:18:07,119 - INFO - 💤 Waiting 5 seconds for next reading cycle...
2025-09-03 20:18:12,139 - INFO - 💤 Waiting 5 seconds for next reading cycle...
2025-09-03 20:18:17,157 - INFO - 💤 Waiting 5 seconds for next reading cycle...
2025-09-03 20:18:22,181 - INFO - 💤 Waiting 5 seconds for next reading cycle...
2025-09-03 20:18:27,208 - INFO - 💤 Waiting 5 seconds for next reading cycle...
2025-09-03 20:18:32,231 - INFO - 💤 Waiting 5 seconds for next reading cycle...
2025-09-03 20:18:37,253 - INFO - 💤 Waiting 5 seconds for next reading cycle...
2025-09-03 20:18:42,273 - INFO - 💤 Waiting 5 seconds for next reading cycle...
2025-09-03 20:18:47,294 - INFO - 💤 Waiting 5 seconds for next reading cycle...
2025-09-03 20:18:52,313 - INFO - 💤 Waiting 5 seconds for next reading cycle...
2025-09-03 20:18:57,335 - INFO - 💤 Waiting 5 seconds for next reading cycle...
2025-09-03 20:19:02,356 - INFO - 💤 Waiting 5 seconds for next reading cycle...
2025-09-03 20:19:07,375 - INFO - 💤 Waiting 5 seconds for next reading cycle...
2025-09-03 20:19:12,397 - INFO - 💤 Waiting 5 seconds for next reading cycle...
2025-09-03 20:19:17,423 - INFO - 💤 Waiting 5 seconds for next reading cycle...
2025-09-03 20:19:22,443 - INFO - 💤 Waiting 5 seconds for next reading cycle...
2025-09-03 20:19:27,462 - INFO - 💤 Waiting 5 seconds for next reading cycle...
2025-09-03 20:19:32,490 - INFO - 💤 Waiting 5 seconds for next reading cycle...
2025-09-03 20:19:37,531 - INFO - 💤 Waiting 5 seconds for next reading cycle...
2025-09-03 20:19:42,553 - INFO - 💤 Waiting 5 seconds for next reading cycle...
2025-09-03 20:19:47,572 - INFO - 💤 Waiting 5 seconds for next reading cycle...
2025-09-03 20:19:52,591 - INFO - 💤 Waiting 5 seconds for next reading cycle...
2025-09-03 20:19:57,609 - INFO - 💤 Waiting 5 seconds for next reading cycle...
2025-09-03 20:20:02,634 - INFO - 💤 Waiting 5 seconds for next reading cycle...
2025-09-03 20:20:07,659 - INFO - 💤 Waiting 5 seconds for next reading cycle...
2025-09-03 20:20:12,679 - INFO - 💤 Waiting 5 seconds for next reading cycle...
2025-09-03 20:20:17,701 - INFO - 💤 Waiting 5 seconds for next reading cycle...
2025-09-03 20:20:22,723 - INFO - 💤 Waiting 5 seconds for next reading cycle...
2025-09-03 20:20:27,750 - INFO - 💤 Waiting 5 seconds for next reading cycle...
2025-09-03 20:20:32,784 - INFO - 💤 Waiting 5 seconds for next reading cycle...
2025-09-03 20:20:37,822 - INFO - 💤 Waiting 5 seconds for next reading cycle...
2025-09-03 20:20:42,842 - INFO - 💤 Waiting 5 seconds for next reading cycle...
2025-09-03 20:20:47,864 - INFO - 💤 Waiting 5 seconds for next reading cycle...
2025-09-03 20:20:52,884 - INFO - 💤 Waiting 5 seconds for next reading cycle...
2025-09-03 20:20:57,950 - INFO - 💤 Waiting 5 seconds for next reading cycle...
2025-09-03 20:21:02,977 - INFO - 💤 Waiting 5 seconds for next reading cycle...
2025-09-03 20:21:08,000 - INFO - 💤 Waiting 5 seconds for next reading cycle...
2025-09-03 20:21:13,020 - INFO - 💤 Waiting 5 seconds for next reading cycle...
2025-09-03 20:21:18,043 - INFO - 💤 Waiting 5 seconds for next reading cycle...
2025-09-03 20:21:23,062 - INFO - 💤 Waiting 5 seconds for next reading cycle...
2025-09-03 20:21:28,084 - INFO - 💤 Waiting 5 seconds for next reading cycle...
2025-09-03 20:21:33,103 - INFO - 💤 Waiting 5 seconds for next reading cycle...
2025-09-03 20:21:38,127 - INFO - 💤 Waiting 5 seconds for next reading cycle...
2025-09-03 20:21:43,173 - INFO - 💤 Waiting 5 seconds for next reading cycle...
2025-09-03 20:21:48,193 - INFO - 💤 Waiting 5 seconds for next reading cycle...
2025-09-03 20:21:53,218 - INFO - 💤 Waiting 5 seconds for next reading cycle...
2025-09-03 20:21:58,241 - INFO - 💤 Waiting 5 seconds for next reading cycle...
2025-09-03 20:22:03,265 - INFO - 💤 Waiting 5 seconds for next reading cycle...
2025-09-03 20:22:08,286 - INFO - 💤 Waiting 5 seconds for next reading cycle...
2025-09-03 20:22:13,307 - INFO - 💤 Waiting 5 seconds for next reading cycle...
2025-09-03 20:22:18,327 - INFO - 💤 Waiting 5 seconds for next reading cycle...
2025-09-03 20:22:23,347 - INFO - 💤 Waiting 5 seconds for next reading cycle...
2025-09-03 20:22:28,374 - INFO - 💤 Waiting 5 seconds for next reading cycle...
2025-09-03 20:22:33,396 - INFO - 💤 Waiting 5 seconds for next reading cycle...
2025-09-03 20:22:38,415 - INFO - 💤 Waiting 5 seconds for next reading cycle...
2025-09-03 20:22:43,435 - INFO - 💤 Waiting 5 seconds for next reading cycle...
2025-09-03 20:22:48,455 - INFO - 💤 Waiting 5 seconds for next reading cycle...
2025-09-03 20:22:53,485 - INFO - 💤 Waiting 5 seconds for next reading cycle...
2025-09-03 20:22:58,510 - INFO - 💤 Waiting 5 seconds for next reading cycle...
2025-09-03 20:23:03,529 - INFO - 💤 Waiting 5 seconds for next reading cycle...
2025-09-03 20:23:08,550 - INFO - 💤 Waiting 5 seconds for next reading cycle...
2025-09-03 20:23:13,570 - INFO - 💤 Waiting 5 seconds for next reading cycle...
2025-09-03 20:23:18,612 - INFO - 💤 Waiting 5 seconds for next reading cycle...
2025-09-03 20:23:23,635 - INFO - 💤 Waiting 5 seconds for next reading cycle...
2025-09-03 20:23:28,655 - INFO - 💤 Waiting 5 seconds for next reading cycle...
2025-09-03 20:23:33,676 - INFO - 💤 Waiting 5 seconds for next reading cycle...
2025-09-03 20:23:38,696 - INFO - 💤 Waiting 5 seconds for next reading cycle...
2025-09-03 20:23:43,718 - INFO - 💤 Waiting 5 seconds for next reading cycle...
2025-09-03 20:23:48,737 - INFO - 💤 Waiting 5 seconds for next reading cycle...
2025-09-03 20:23:53,768 - INFO - 💤 Waiting 5 seconds for next reading cycle...
2025-09-03 20:23:58,821 - INFO - 💤 Waiting 5 seconds for next reading cycle...
2025-09-03 20:24:03,840 - INFO - 💤 Waiting 5 seconds for next reading cycle...
2025-09-03 20:24:08,859 - INFO - 💤 Waiting 5 seconds for next reading cycle...
2025-09-03 20:24:13,881 - INFO - 💤 Waiting 5 seconds for next reading cycle...
2025-09-03 20:24:18,902 - INFO - 💤 Waiting 5 seconds for next reading cycle...
2025-09-03 20:24:23,922 - INFO - 💤 Waiting 5 seconds for next reading cycle...
2025-09-03 20:24:28,941 - INFO - 💤 Waiting 5 seconds for next reading cycle...
2025-09-03 20:24:33,960 - INFO - 💤 Waiting 5 seconds for next reading cycle...
2025-09-03 20:24:38,980 - INFO - 💤 Waiting 5 seconds for next reading cycle...
2025-09-03 20:24:44,027 - INFO - 💤 Waiting 5 seconds for next reading cycle...
2025-09-03 20:24:49,048 - INFO - 💤 Waiting 5 seconds for next reading cycle...
2025-09-03 20:24:54,070 - INFO - 💤 Waiting 5 seconds for next reading cycle...
2025-09-03 20:24:59,090 - INFO - 💤 Waiting 5 seconds for next reading cycle...
2025-09-03 20:25:04,113 - INFO - 💤 Waiting 5 seconds for next reading cycle...
2025-09-03 20:25:09,132 - INFO - 💤 Waiting 5 seconds for next reading cycle...
2025-09-03 20:25:14,168 - INFO - 💤 Waiting 5 seconds for next reading cycle...
2025-09-03 20:25:19,209 - INFO - 💤 Waiting 5 seconds for next reading cycle...
2025-09-03 20:25:24,228 - INFO - 💤 Waiting 5 seconds for next reading cycle...
2025-09-03 20:25:29,246 - INFO - 💤 Waiting 5 seconds for next reading cycle...
2025-09-03 20:25:34,265 - INFO - 💤 Waiting 5 seconds for next reading cycle...
2025-09-03 20:25:39,289 - INFO - 💤 Waiting 5 seconds for next reading cycle...
2025-09-03 20:25:44,311 - INFO - 💤 Waiting 5 seconds for next reading cycle...
2025-09-03 20:25:49,336 - INFO - 💤 Waiting 5 seconds for next reading cycle...
2025-09-03 20:25:54,357 - INFO - 💤 Waiting 5 seconds for next reading cycle...
2025-09-03 20:25:59,376 - INFO - 💤 Waiting 5 seconds for next reading cycle...
2025-09-03 20:26:04,405 - INFO - 💤 Waiting 5 seconds for next reading cycle...
2025-09-03 20:26:09,446 - INFO - 💤 Waiting 5 seconds for next reading cycle...
2025-09-03 20:26:14,464 - INFO - 💤 Waiting 5 seconds for next reading cycle...
2025-09-03 20:26:19,479 - INFO - 💤 Waiting 5 seconds for next reading cycle...
2025-09-03 20:29:11,366 - INFO - 💤 Waiting 5 seconds for next reading cycle...
2025-09-03 20:29:16,402 - INFO - 💤 Waiting 5 seconds for next reading cycle...
2025-09-03 20:29:21,440 - INFO - 💤 Waiting 5 seconds for next reading cycle...
2025-09-03 20:29:26,474 - INFO - 💤 Waiting 5 seconds for next reading cycle...
2025-09-03 20:29:31,532 - INFO - 💤 Waiting 5 seconds for next reading cycle...
2025-09-03 20:29:36,576 - INFO - 💤 Waiting 5 seconds for next reading cycle...
2025-09-03 20:29:41,595 - INFO - 💤 Waiting 5 seconds for next reading cycle...
2025-09-03 20:29:46,614 - INFO - 💤 Waiting 5 seconds for next reading cycle...
2025-09-03 20:29:51,633 - INFO - 💤 Waiting 5 seconds for next reading cycle...
2025-09-03 20:29:56,668 - INFO - 💤 Waiting 5 seconds for next reading cycle...
2025-09-03 20:30:01,690 - INFO - 💤 Waiting 5 seconds for next reading cycle...
2025-09-03 20:30:06,707 - INFO - 💤 Waiting 5 seconds for next reading cycle...
2025-09-03 20:30:11,724 - INFO - 💤 Waiting 5 seconds for next reading cycle...
2025-09-03 20:30:16,746 - INFO - 💤 Waiting 5 seconds for next reading cycle...
2025-09-03 20:30:21,765 - INFO - 💤 Waiting 5 seconds for next reading cycle...
2025-09-03 20:30:26,783 - INFO - 💤 Waiting 5 seconds for next reading cycle...
2025-09-03 20:30:31,801 - INFO - 💤 Waiting 5 seconds for next reading cycle...
2025-09-03 20:30:36,818 - INFO - 💤 Waiting 5 seconds for next reading cycle...
2025-09-03 20:30:41,836 - INFO - 💤 Waiting 5 seconds for next reading cycle...
2025-09-03 20:30:46,854 - INFO - 💤 Waiting 5 seconds for next reading cycle...
2025-09-03 20:30:51,894 - INFO - 💤 Waiting 5 seconds for next reading cycle...
2025-09-03 20:30:56,913 - INFO - 💤 Waiting 5 seconds for next reading cycle...
2025-09-03 20:31:01,932 - INFO - 💤 Waiting 5 seconds for next reading cycle...
2025-09-03 20:31:06,950 - INFO - 💤 Waiting 5 seconds for next reading cycle...
2025-09-03 20:31:11,970 - INFO - 💤 Waiting 5 seconds for next reading cycle...
2025-09-03 20:31:16,991 - INFO - 💤 Waiting 5 seconds for next reading cycle...
2025-09-03 20:31:22,009 - INFO - 💤 Waiting 5 seconds for next reading cycle...
2025-09-03 20:31:27,026 - INFO - 💤 Waiting 5 seconds for next reading cycle...
2025-09-03 20:31:32,043 - INFO - 💤 Waiting 5 seconds for next reading cycle...
2025-09-03 20:31:37,063 - INFO - 💤 Waiting 5 seconds for next reading cycle...
2025-09-03 20:31:42,082 - INFO - 💤 Waiting 5 seconds for next reading cycle...
2025-09-03 20:31:47,113 - INFO - 💤 Waiting 5 seconds for next reading cycle...
2025-09-03 20:31:52,143 - INFO - 💤 Waiting 5 seconds for next reading cycle...
2025-09-03 20:31:57,165 - INFO - 💤 Waiting 5 seconds for next reading cycle...
2025-09-03 20:32:02,184 - INFO - 💤 Waiting 5 seconds for next reading cycle...
2025-09-03 20:32:07,204 - INFO - 💤 Waiting 5 seconds for next reading cycle...
2025-09-03 20:32:12,240 - INFO - 💤 Waiting 5 seconds for next reading cycle...
2025-09-03 20:32:17,259 - INFO - 💤 Waiting 5 seconds for next reading cycle...
2025-09-03 20:32:22,277 - INFO - 💤 Waiting 5 seconds for next reading cycle...
2025-09-03 20:32:27,295 - INFO - 💤 Waiting 5 seconds for next reading cycle...
2025-09-03 20:32:32,313 - INFO - 💤 Waiting 5 seconds for next reading cycle...
2025-09-03 20:32:37,351 - INFO - 💤 Waiting 5 seconds for next reading cycle...
2025-09-03 20:32:42,375 - INFO - 💤 Waiting 5 seconds for next reading cycle...
2025-09-03 20:32:47,398 - INFO - 💤 Waiting 5 seconds for next reading cycle...
2025-09-03 20:32:52,418 - INFO - 💤 Waiting 5 seconds for next reading cycle...
2025-09-03 20:32:57,438 - INFO - 💤 Waiting 5 seconds for next reading cycle...
2025-09-03 20:33:02,457 - INFO - 💤 Waiting 5 seconds for next reading cycle...
2025-09-03 20:33:07,475 - INFO - 💤 Waiting 5 seconds for next reading cycle...
2025-09-03 20:33:12,494 - INFO - 💤 Waiting 5 seconds for next reading cycle...
2025-09-03 20:33:17,524 - INFO - 💤 Waiting 5 seconds for next reading cycle...
2025-09-03 20:33:22,542 - INFO - 💤 Waiting 5 seconds for next reading cycle...
2025-09-03 20:33:27,562 - INFO - 💤 Waiting 5 seconds for next reading cycle...
2025-09-03 20:33:32,580 - INFO - 💤 Waiting 5 seconds for next reading cycle...
2025-09-03 20:33:37,598 - INFO - 💤 Waiting 5 seconds for next reading cycle...
2025-09-03 20:33:42,619 - INFO - 💤 Waiting 5 seconds for next reading cycle...
2025-09-03 20:33:47,640 - INFO - 💤 Waiting 5 seconds for next reading cycle...
2025-09-03 20:33:52,658 - INFO - 💤 Waiting 5 seconds for next reading cycle...
2025-09-03 20:33:57,684 - INFO - 💤 Waiting 5 seconds for next reading cycle...
2025-09-03 20:34:02,703 - INFO - 💤 Waiting 5 seconds for next reading cycle...
2025-09-03 20:34:07,727 - INFO - 💤 Waiting 5 seconds for next reading cycle...
2025-09-03 20:34:12,746 - INFO - 💤 Waiting 5 seconds for next reading cycle...
2025-09-03 20:34:17,764 - INFO - 💤 Waiting 5 seconds for next reading cycle...
2025-09-03 20:34:22,785 - INFO - 💤 Waiting 5 seconds for next reading cycle...
2025-09-03 20:34:27,824 - INFO - 💤 Waiting 5 seconds for next reading cycle...
2025-09-03 20:34:32,845 - INFO - 💤 Waiting 5 seconds for next reading cycle...
2025-09-03 20:34:37,863 - INFO - 💤 Waiting 5 seconds for next reading cycle...
2025-09-03 20:34:42,905 - INFO - 💤 Waiting 5 seconds for next reading cycle...
2025-09-03 20:34:47,923 - INFO - 💤 Waiting 5 seconds for next reading cycle...
2025-09-03 20:34:52,940 - INFO - 💤 Waiting 5 seconds for next reading cycle...
2025-09-03 20:34:57,957 - INFO - 💤 Waiting 5 seconds for next reading cycle...
2025-09-03 20:35:02,977 - INFO - 💤 Waiting 5 seconds for next reading cycle...
2025-09-03 20:35:07,994 - INFO - 💤 Waiting 5 seconds for next reading cycle...
2025-09-03 20:35:13,013 - INFO - 💤 Waiting 5 seconds for next reading cycle...
2025-09-03 20:35:18,032 - INFO - 💤 Waiting 5 seconds for next reading cycle...
2025-09-03 20:35:23,050 - INFO - 💤 Waiting 5 seconds for next reading cycle...
2025-09-03 20:35:28,087 - INFO - 💤 Waiting 5 seconds for next reading cycle...
2025-09-03 20:35:33,106 - INFO - 💤 Waiting 5 seconds for next reading cycle...
2025-09-03 20:35:38,126 - INFO - 💤 Waiting 5 seconds for next reading cycle...
2025-09-03 20:35:43,143 - INFO - 💤 Waiting 5 seconds for next reading cycle...
2025-09-03 20:35:48,161 - INFO - 💤 Waiting 5 seconds for next reading cycle...
2025-09-03 20:35:53,179 - INFO - 💤 Waiting 5 seconds for next reading cycle...
2025-09-03 20:35:58,197 - INFO - 💤 Waiting 5 seconds for next reading cycle...
2025-09-03 20:36:03,214 - INFO - 💤 Waiting 5 seconds for next reading cycle...
2025-09-03 20:36:08,231 - INFO - 💤 Waiting 5 seconds for next reading cycle...
2025-09-03 20:36:13,262 - INFO - 💤 Waiting 5 seconds for next reading cycle...
2025-09-03 20:36:18,281 - INFO - 💤 Waiting 5 seconds for next reading cycle...
2025-09-03 20:36:23,301 - INFO - 💤 Waiting 5 seconds for next reading cycle...
2025-09-03 20:36:28,319 - INFO - 💤 Waiting 5 seconds for next reading cycle...
2025-09-03 20:36:33,336 - INFO - 💤 Waiting 5 seconds for next reading cycle...
2025-09-03 20:36:38,372 - INFO - 💤 Waiting 5 seconds for next reading cycle...
2025-09-03 20:36:43,389 - INFO - 💤 Waiting 5 seconds for next reading cycle...
2025-09-03 20:36:48,413 - INFO - 💤 Waiting 5 seconds for next reading cycle...
2025-09-03 20:36:53,436 - INFO - 💤 Waiting 5 seconds for next reading cycle...
2025-09-03 20:36:58,454 - INFO - 💤 Waiting 5 seconds for next reading cycle...
2025-09-03 20:37:03,475 - INFO - 💤 Waiting 5 seconds for next reading cycle...
2025-09-03 20:37:08,496 - INFO - 💤 Waiting 5 seconds for next reading cycle...
2025-09-03 20:37:13,535 - INFO - 💤 Waiting 5 seconds for next reading cycle...
2025-09-03 20:37:18,590 - INFO - 💤 Waiting 5 seconds for next reading cycle...
2025-09-03 20:37:23,610 - INFO - 💤 Waiting 5 seconds for next reading cycle...
2025-09-03 20:37:28,628 - INFO - 💤 Waiting 5 seconds for next reading cycle...
2025-09-03 20:37:33,646 - INFO - 💤 Waiting 5 seconds for next reading cycle...
2025-09-03 20:37:38,666 - INFO - 💤 Waiting 5 seconds for next reading cycle...
2025-09-03 20:37:43,684 - INFO - 💤 Waiting 5 seconds for next reading cycle...
2025-09-03 20:37:48,701 - INFO - 💤 Waiting 5 seconds for next reading cycle...
2025-09-03 20:37:53,740 - INFO - 💤 Waiting 5 seconds for next reading cycle...
2025-09-03 20:37:58,760 - INFO - 💤 Waiting 5 seconds for next reading cycle...
2025-09-03 20:38:03,777 - INFO - 💤 Waiting 5 seconds for next reading cycle...
2025-09-03 20:38:08,795 - INFO - 💤 Waiting 5 seconds for next reading cycle...
2025-09-03 20:38:13,819 - INFO - 💤 Waiting 5 seconds for next reading cycle...
2025-09-03 20:38:18,858 - INFO - 💤 Waiting 5 seconds for next reading cycle...
2025-09-03 20:38:23,878 - INFO - 💤 Waiting 5 seconds for next reading cycle...
2025-09-03 20:38:28,895 - INFO - 💤 Waiting 5 seconds for next reading cycle...
2025-09-03 20:38:33,913 - INFO - 💤 Waiting 5 seconds for next reading cycle...
2025-09-03 20:38:38,933 - INFO - 💤 Waiting 5 seconds for next reading cycle...
2025-09-03 20:38:43,952 - INFO - 💤 Waiting 5 seconds for next reading cycle...
2025-09-03 20:38:48,970 - INFO - 💤 Waiting 5 seconds for next reading cycle...
2025-09-03 20:38:53,989 - INFO - 💤 Waiting 5 seconds for next reading cycle...
2025-09-03 20:38:59,033 - INFO - 💤 Waiting 5 seconds for next reading cycle...
2025-09-03 20:39:04,052 - INFO - 💤 Waiting 5 seconds for next reading cycle...
2025-09-03 20:39:09,070 - INFO - 💤 Waiting 5 seconds for next reading cycle...
2025-09-03 20:39:14,089 - INFO - 💤 Waiting 5 seconds for next reading cycle...
2025-09-03 20:39:19,106 - INFO - 💤 Waiting 5 seconds for next reading cycle...
2025-09-03 20:39:24,123 - INFO - 💤 Waiting 5 seconds for next reading cycle...
2025-09-03 20:39:29,140 - INFO - 💤 Waiting 5 seconds for next reading cycle...
2025-09-03 20:39:34,170 - INFO - 💤 Waiting 5 seconds for next reading cycle...
2025-09-03 20:39:39,188 - INFO - 💤 Waiting 5 seconds for next reading cycle...
2025-09-03 20:39:44,209 - INFO - 💤 Waiting 5 seconds for next reading cycle...
2025-09-03 20:39:49,255 - INFO - 💤 Waiting 5 seconds for next reading cycle...
2025-09-03 20:39:54,273 - INFO - 💤 Waiting 5 seconds for next reading cycle...
2025-09-03 20:39:59,295 - INFO - 💤 Waiting 5 seconds for next reading cycle...
2025-09-03 20:40:04,314 - INFO - 💤 Waiting 5 seconds for next reading cycle...
2025-09-03 20:40:09,362 - INFO - 💤 Waiting 5 seconds for next reading cycle...
2025-09-03 20:40:14,383 - INFO - 💤 Waiting 5 seconds for next reading cycle...
2025-09-03 20:40:19,400 - INFO - 💤 Waiting 5 seconds for next reading cycle...
2025-09-03 20:40:24,417 - INFO - 💤 Waiting 5 seconds for next reading cycle...
2025-09-03 20:40:29,435 - INFO - 💤 Waiting 5 seconds for next reading cycle...
2025-09-03 20:40:34,454 - INFO - 💤 Waiting 5 seconds for next reading cycle...
2025-09-03 20:40:39,473 - INFO - 💤 Waiting 5 seconds for next reading cycle...
2025-09-03 20:40:44,493 - INFO - 💤 Waiting 5 seconds for next reading cycle...
2025-09-03 20:40:49,512 - INFO - 💤 Waiting 5 seconds for next reading cycle...
2025-09-03 20:40:54,553 - INFO - 💤 Waiting 5 seconds for next reading cycle...
2025-09-03 20:40:59,571 - INFO - 💤 Waiting 5 seconds for next reading cycle...
2025-09-03 20:41:04,590 - INFO - 💤 Waiting 5 seconds for next reading cycle...
2025-09-03 20:41:09,608 - INFO - 💤 Waiting 5 seconds for next reading cycle...
2025-09-03 20:41:14,626 - INFO - 💤 Waiting 5 seconds for next reading cycle...
2025-09-03 20:41:19,645 - INFO - 💤 Waiting 5 seconds for next reading cycle...
2025-09-03 20:41:24,663 - INFO - 💤 Waiting 5 seconds for next reading cycle...
2025-09-03 20:41:29,682 - INFO - 💤 Waiting 5 seconds for next reading cycle...
2025-09-03 20:41:34,703 - INFO - 💤 Waiting 5 seconds for next reading cycle...
2025-09-03 20:41:39,739 - INFO - 💤 Waiting 5 seconds for next reading cycle...
2025-09-03 20:41:44,775 - INFO - 💤 Waiting 5 seconds for next reading cycle...
2025-09-03 20:41:49,793 - INFO - 💤 Waiting 5 seconds for next reading cycle...
2025-09-03 20:41:54,810 - INFO - 💤 Waiting 5 seconds for next reading cycle...
2025-09-03 20:41:59,827 - INFO - 💤 Waiting 5 seconds for next reading cycle...
2025-09-03 20:42:04,844 - INFO - 💤 Waiting 5 seconds for next reading cycle...
2025-09-03 20:42:09,864 - INFO - 💤 Waiting 5 seconds for next reading cycle...
2025-09-03 20:42:14,882 - INFO - 💤 Waiting 5 seconds for next reading cycle...
2025-09-03 20:42:19,900 - INFO - 💤 Waiting 5 seconds for next reading cycle...
2025-09-03 20:42:24,937 - INFO - 💤 Waiting 5 seconds for next reading cycle...
2025-09-03 20:42:29,956 - INFO - 💤 Waiting 5 seconds for next reading cycle...
2025-09-03 20:42:34,973 - INFO - 💤 Waiting 5 seconds for next reading cycle...
2025-09-03 20:42:39,991 - INFO - 💤 Waiting 5 seconds for next reading cycle...
2025-09-03 20:42:45,008 - INFO - 💤 Waiting 5 seconds for next reading cycle...
2025-09-03 20:42:50,026 - INFO - 💤 Waiting 5 seconds for next reading cycle...
2025-09-03 20:42:55,062 - INFO - 💤 Waiting 5 seconds for next reading cycle...
2025-09-03 20:43:00,082 - INFO - 💤 Waiting 5 seconds for next reading cycle...
2025-09-03 20:43:05,102 - INFO - 💤 Waiting 5 seconds for next reading cycle...
2025-09-03 20:43:10,119 - INFO - 💤 Waiting 5 seconds for next reading cycle...
2025-09-03 20:43:15,136 - INFO - 💤 Waiting 5 seconds for next reading cycle...
2025-09-03 20:43:20,169 - INFO - 💤 Waiting 5 seconds for next reading cycle...
2025-09-03 20:43:25,186 - INFO - 💤 Waiting 5 seconds for next reading cycle...
2025-09-03 20:43:30,204 - INFO - 💤 Waiting 5 seconds for next reading cycle...
2025-09-03 20:43:35,221 - INFO - 💤 Waiting 5 seconds for next reading cycle...
2025-09-03 20:43:40,238 - INFO - 💤 Waiting 5 seconds for next reading cycle...
2025-09-03 20:43:45,255 - INFO - 💤 Waiting 5 seconds for next reading cycle...
2025-09-03 20:43:50,273 - INFO - 💤 Waiting 5 seconds for next reading cycle...
2025-09-03 20:43:55,304 - INFO - 💤 Waiting 5 seconds for next reading cycle...
2025-09-03 20:44:00,328 - INFO - 💤 Waiting 5 seconds for next reading cycle...
2025-09-03 20:44:05,354 - INFO - 💤 Waiting 5 seconds for next reading cycle...
2025-09-03 20:44:10,372 - INFO - 💤 Waiting 5 seconds for next reading cycle...
2025-09-03 20:44:15,392 - INFO - 💤 Waiting 5 seconds for next reading cycle...
2025-09-03 20:44:20,411 - INFO - 💤 Waiting 5 seconds for next reading cycle...
2025-09-03 20:44:25,428 - INFO - 💤 Waiting 5 seconds for next reading cycle...
2025-09-03 20:44:30,445 - INFO - 💤 Waiting 5 seconds for next reading cycle...
2025-09-03 20:44:35,462 - INFO - 💤 Waiting 5 seconds for next reading cycle...
2025-09-03 20:44:40,506 - INFO - 💤 Waiting 5 seconds for next reading cycle...
2025-09-03 20:44:45,528 - INFO - 💤 Waiting 5 seconds for next reading cycle...
2025-09-03 20:44:50,547 - INFO - 💤 Waiting 5 seconds for next reading cycle...
2025-09-03 20:44:55,567 - INFO - 💤 Waiting 5 seconds for next reading cycle...
2025-09-03 20:45:00,584 - INFO - 💤 Waiting 5 seconds for next reading cycle...
2025-09-03 20:45:05,665 - INFO - 💤 Waiting 5 seconds for next reading cycle...
2025-09-03 20:45:10,684 - INFO - 💤 Waiting 5 seconds for next reading cycle...
2025-09-03 20:45:15,703 - INFO - 💤 Waiting 5 seconds for next reading cycle...
2025-09-03 20:45:20,723 - INFO - 💤 Waiting 5 seconds for next reading cycle...
2025-09-03 20:45:25,742 - INFO - 💤 Waiting 5 seconds for next reading cycle...
2025-09-03 20:45:30,778 - INFO - 💤 Waiting 5 seconds for next reading cycle...
2025-09-03 20:45:35,794 - INFO - 💤 Waiting 5 seconds for next reading cycle...
2025-09-03 20:45:40,812 - INFO - 💤 Waiting 5 seconds for next reading cycle...
2025-09-03 20:45:45,830 - INFO - 💤 Waiting 5 seconds for next reading cycle...
2025-09-03 20:45:50,873 - INFO - 💤 Waiting 5 seconds for next reading cycle...
2025-09-03 20:45:55,893 - INFO - 💤 Waiting 5 seconds for next reading cycle...
2025-09-03 20:46:00,911 - INFO - 💤 Waiting 5 seconds for next reading cycle...
2025-09-03 20:46:05,931 - INFO - 💤 Waiting 5 seconds for next reading cycle...
2025-09-03 20:46:10,949 - INFO - 💤 Waiting 5 seconds for next reading cycle...
2025-09-03 20:46:15,972 - INFO - 💤 Waiting 5 seconds for next reading cycle...
2025-09-03 20:46:21,010 - INFO - 💤 Waiting 5 seconds for next reading cycle...
2025-09-03 20:46:26,029 - INFO - 💤 Waiting 5 seconds for next reading cycle...
2025-09-03 20:46:31,047 - INFO - 💤 Waiting 5 seconds for next reading cycle...
2025-09-03 20:46:36,079 - INFO - 💤 Waiting 5 seconds for next reading cycle...
2025-09-03 20:46:41,098 - INFO - 💤 Waiting 5 seconds for next reading cycle...
2025-09-03 20:46:46,117 - INFO - 💤 Waiting 5 seconds for next reading cycle...
2025-09-03 20:46:51,136 - INFO - 💤 Waiting 5 seconds for next reading cycle...
2025-09-03 20:46:56,162 - INFO - 💤 Waiting 5 seconds for next reading cycle...
2025-09-03 20:47:01,243 - INFO - 💤 Waiting 5 seconds for next reading cycle...
2025-09-03 20:47:06,365 - INFO - 💤 Waiting 5 seconds for next reading cycle...
2025-09-03 20:47:11,388 - INFO - 💤 Waiting 5 seconds for next reading cycle...
2025-09-03 20:47:16,404 - INFO - 💤 Waiting 5 seconds for next reading cycle...
2025-09-03 20:47:21,423 - INFO - 💤 Waiting 5 seconds for next reading cycle...
2025-09-03 20:47:26,440 - INFO - 💤 Waiting 5 seconds for next reading cycle...
2025-09-03 20:47:31,460 - INFO - 💤 Waiting 5 seconds for next reading cycle...
2025-09-03 20:47:36,482 - INFO - 💤 Waiting 5 seconds for next reading cycle...
2025-09-03 20:47:41,510 - INFO - 💤 Waiting 5 seconds for next reading cycle...
2025-09-03 20:47:46,527 - INFO - 💤 Waiting 5 seconds for next reading cycle...
2025-09-03 20:47:51,545 - INFO - 💤 Waiting 5 seconds for next reading cycle...
2025-09-03 20:47:56,582 - INFO - 💤 Waiting 5 seconds for next reading cycle...
2025-09-03 20:48:01,607 - INFO - 💤 Waiting 5 seconds for next reading cycle...
2025-09-03 20:48:06,624 - INFO - 💤 Waiting 5 seconds for next reading cycle...
2025-09-03 20:48:11,643 - INFO - 💤 Waiting 5 seconds for next reading cycle...
2025-09-03 20:48:16,668 - INFO - 💤 Waiting 5 seconds for next reading cycle...
2025-09-03 20:48:21,696 - INFO - 💤 Waiting 5 seconds for next reading cycle...
2025-09-03 20:48:26,719 - INFO - 💤 Waiting 5 seconds for next reading cycle...
2025-09-03 20:48:31,749 - INFO - 💤 Waiting 5 seconds for next reading cycle...
2025-09-03 20:48:36,767 - INFO - 💤 Waiting 5 seconds for next reading cycle...
2025-09-03 20:48:41,787 - INFO - 💤 Waiting 5 seconds for next reading cycle...
2025-09-03 20:48:46,805 - INFO - 💤 Waiting 5 seconds for next reading cycle...
2025-09-03 20:48:51,823 - INFO - 💤 Waiting 5 seconds for next reading cycle...
2025-09-03 20:48:56,842 - INFO - 💤 Waiting 5 seconds for next reading cycle...
2025-09-03 20:49:01,887 - INFO - 💤 Waiting 5 seconds for next reading cycle...
2025-09-03 20:49:03,342 - INFO - Dashboard stopped by user.
